Configuring in: /Users/francesco/Desktop/progettoprogrammazione/Ga/build/default
cmake -G Unix Makefiles -DCMAKE_EXPORT_COMPILE_COMMANDS=ON /Users/francesco/Desktop/progettoprogrammazione/Ga
Error: build command 'cmake' not found
Configuring in: /Users/francesco/Desktop/progettoprogrammazione/Ga/build/default
cmake -G Unix Makefiles -DCMAKE_EXPORT_COMPILE_COMMANDS=ON /Users/francesco/Desktop/progettoprogrammazione/Ga
Error: build command 'cmake' not found
Configuring in: /Users/francesco/Desktop/progettoprogrammazione/Ga/build/default
cmake -G Unix Makefiles -DCMAKE_EXPORT_COMPILE_COMMANDS=ON /Users/francesco/Desktop/progettoprogrammazione/Ga
Error: build command 'cmake' not found
Configuring in: /Users/francesco/Desktop/progettoprogrammazione/Ga/build/default
cmake -G Unix Makefiles -DCMAKE_EXPORT_COMPILE_COMMANDS=ON /Users/francesco/Desktop/progettoprogrammazione/Ga
Error: build command 'cmake' not found
Configuring in: /Users/francesco/Desktop/progettoprogrammazione/Ga/build/default
cmake -G Unix Makefiles -DCMAKE_EXPORT_COMPILE_COMMANDS=ON /Users/francesco/Desktop/progettoprogrammazione/Ga
Error: build command 'cmake' not found
Configuring in: /Users/francesco/Desktop/progettoprogrammazione/Ga/build/default
cmake -G Unix Makefiles -DCMAKE_EXPORT_COMPILE_COMMANDS=ON /Users/francesco/Desktop/progettoprogrammazione/Ga
Error: build command 'cmake' not found
Configuring in: /Users/francesco/Desktop/progettoprogrammazione/Ga/build/default
cmake -G Unix Makefiles -DCMAKE_EXPORT_COMPILE_COMMANDS=ON /Users/francesco/Desktop/progettoprogrammazione/Ga
Error: build command 'cmake' not found
Configuring in: /Users/francesco/Desktop/progettoprogrammazione/Ga/build/default
cmake -G Unix Makefiles -DCMAKE_EXPORT_COMPILE_COMMANDS=ON /Users/francesco/Desktop/progettoprogrammazione/Ga
Error: build command 'cmake' not found
Configuring in: /Users/francesco/Desktop/progettoprogrammazione/Ga/build/default
cmake -G Unix Makefiles -DCMAKE_EXPORT_COMPILE_COMMANDS=ON /Users/francesco/Desktop/progettoprogrammazione/Ga
Error: build command 'cmake' not found
Configuring in: /Users/francesco/Desktop/progettoprogrammazione/Ga/build/default
cmake -G Unix Makefiles -DCMAKE_EXPORT_COMPILE_COMMANDS=ON /Users/francesco/Desktop/progettoprogrammazione/Ga
Error: build command 'cmake' not found
Configuring in: /Users/francesco/Desktop/progettoprogrammazione/Ga/build/default
cmake -G Unix Makefiles -DCMAKE_EXPORT_COMPILE_COMMANDS=ON /Users/francesco/Desktop/progettoprogrammazione/Ga
Error: build command 'cmake' not found
Configuring in: /Users/francesco/Desktop/progettoprogrammazione/Ga/build/default
cmake -G Unix Makefiles -DCMAKE_EXPORT_COMPILE_COMMANDS=ON /Users/francesco/Desktop/progettoprogrammazione/Ga
Error: build command 'cmake' not found
Configuring in: /Users/francesco/Desktop/progettoprogrammazione/Ga/build/default
cmake -G Unix Makefiles -DCMAKE_EXPORT_COMPILE_COMMANDS=ON /Users/francesco/Desktop/progettoprogrammazione/Ga
Error: build command 'cmake' not found
Configuring in: /Users/francesco/Desktop/progettoprogrammazione/Ga/build/default
cmake -G Unix Makefiles -DCMAKE_EXPORT_COMPILE_COMMANDS=ON /Users/francesco/Desktop/progettoprogrammazione/Ga
Error: build command 'cmake' not found
Configuring in: /Users/francesco/Desktop/progettoprogrammazione/Ga/build/default
cmake -G Unix Makefiles -DCMAKE_EXPORT_COMPILE_COMMANDS=ON /Users/francesco/Desktop/progettoprogrammazione/Ga
Error: build command 'cmake' not found
Configuring in: /Users/francesco/Desktop/progettoprogrammazione/Ga/build/default
cmake -G Unix Makefiles -DCMAKE_EXPORT_COMPILE_COMMANDS=ON /Users/francesco/Desktop/progettoprogrammazione/Ga
Error: build command 'cmake' not found
12:21:53 **** Build of configuration Debug for project Giochino ****
make all 
make: *** No rule to make target `src/Giochino.o', needed by `Giochino'.  Stop.
"make all" terminated with exit code 2. Build might be incomplete.
12:22:06 **** Incremental Build of configuration Debug for project Giochino ****
make all 
Building file: ../src/main.cpp
Invoking: GCC C++ Compiler
g++ -O0 -g3 -Wall -c -fmessage-length=0 -MMD -MP -MF"src/main.d" -MT"src/main.o" -o "src/main.o" "../src/main.cpp"
Finished building: ../src/main.cpp
 
Building target: Giochino
Invoking: MacOS X C++ Linker
g++  -o "Giochino"  ./src/main.o   
Finished building target: Giochino
 
12:22:10 **** Incremental Build of configuration Debug for project Giochino ****
make all 
make: Nothing to be done for `all'.
12:25:23 **** Incremental Build of configuration Debug for project Giochino ****
make all 
Building file: ../src/main.cpp
Invoking: GCC C++ Compiler
g++ -O0 -g3 -Wall -c -fmessage-length=0 -MMD -MP -MF"src/main.d" -MT"src/main.o" -o "src/main.o" "../src/main.cpp"
Finished building: ../src/main.cpp
 
Building file: ../src/map.cpp
Invoking: GCC C++ Compiler
g++ -O0 -g3 -Wall -c -fmessage-length=0 -MMD -MP -MF"src/map.d" -MT"src/map.o" -o "src/map.o" "../src/map.cpp"
Finished building: ../src/map.cpp
 
Building target: Giochino
Invoking: MacOS X C++ Linker
g++  -o "Giochino"  ./src/main.o ./src/map.o   
Undefined symbols for architecture arm64:
  "_initscr", referenced from:
      Map::Map(int, int) in map.o
  "_refresh", referenced from:
      Map::Map(int, int) in map.o
  "_stdscr", referenced from:
      Map::Map(int, int) in map.o
  "_waddch", referenced from:
      Map::Map(int, int) in map.o
  "_wmove", referenced from:
      Map::Map(int, int) in map.o
ld: symbol(s) not found for architecture arm64
clang: error: linker command failed with exit code 1 (use -v to see invocation)
make: *** [Giochino] Error 1
"make all" terminated with exit code 2. Build might be incomplete.
12:26:23 **** Incremental Build of configuration Debug for project Giochino ****
make all 
Building target: Giochino
Invoking: MacOS X C++ Linker
g++  -o "Giochino"  ./src/main.o ./src/map.o    -lncurses
Finished building target: Giochino
 
12:26:24 **** Incremental Build of configuration Debug for project Giochino ****
make all 
make: Nothing to be done for `all'.
12:26:26 **** Incremental Build of configuration Debug for project Giochino ****
make all 
make: Nothing to be done for `all'.
12:26:28 **** Incremental Build of configuration Debug for project Giochino ****
make all 
make: Nothing to be done for `all'.
09:10:19 **** Incremental Build of configuration Debug for project Giochino ****
make all 
Building file: ../src/main.cpp
Invoking: GCC C++ Compiler
g++ -O0 -g3 -Wall -c -fmessage-length=0 -MMD -MP -MF"src/main.d" -MT"src/main.o" -o "src/main.o" "../src/main.cpp"
../src/main.cpp:19:9: warning: unused variable 'map' [-Wunused-variable]
    Map map = Map (dim_colonna, dim_riga);
        ^
../src/main.cpp:9:11: warning: unused variable 'refreshspeed' [-Wunused-const-variable]
const int refreshspeed = 100; // velocità di refresh dello schermo
          ^
2 warnings generated.
Finished building: ../src/main.cpp
 
Building target: Giochino
Invoking: MacOS X C++ Linker
g++  -o "Giochino"  ./src/main.o ./src/map.o    -lncurses
Finished building target: Giochino
 
09:16:57 **** Incremental Build of configuration Debug for project Giochino ****
make all 
Building file: ../src/main.cpp
Invoking: GCC C++ Compiler
g++ -O0 -g3 -Wall -c -fmessage-length=0 -MMD -MP -MF"src/main.d" -MT"src/main.o" -o "src/main.o" "../src/main.cpp"
../src/main.cpp:20:13: error: expected '(' for function-style cast or type construction
    Map(int colonna, int riga)
        ~~~ ^
../src/main.cpp:20:26: error: expected '(' for function-style cast or type construction
    Map(int colonna, int riga)
                     ~~~ ^
2 errors generated.
make: *** [src/main.o] Error 1
"make all" terminated with exit code 2. Build might be incomplete.
09:17:07 **** Incremental Build of configuration Debug for project Giochino ****
make all 
Building file: ../src/main.cpp
Invoking: GCC C++ Compiler
g++ -O0 -g3 -Wall -c -fmessage-length=0 -MMD -MP -MF"src/main.d" -MT"src/main.o" -o "src/main.o" "../src/main.cpp"
../src/main.cpp:20:13: error: expected '(' for function-style cast or type construction
    Map(int colonna, int riga)
        ~~~ ^
../src/main.cpp:20:26: error: expected '(' for function-style cast or type construction
    Map(int colonna, int riga)
                     ~~~ ^
2 errors generated.
make: *** [src/main.o] Error 1
"make all" terminated with exit code 2. Build might be incomplete.
09:17:08 **** Incremental Build of configuration Debug for project Giochino ****
make all 
Building file: ../src/main.cpp
Invoking: GCC C++ Compiler
g++ -O0 -g3 -Wall -c -fmessage-length=0 -MMD -MP -MF"src/main.d" -MT"src/main.o" -o "src/main.o" "../src/main.cpp"
../src/main.cpp:20:13: error: expected '(' for function-style cast or type construction
    Map(int colonna, int riga)
        ~~~ ^
../src/main.cpp:20:26: error: expected '(' for function-style cast or type construction
    Map(int colonna, int riga)
                     ~~~ ^
2 errors generated.
make: *** [src/main.o] Error 1
"make all" terminated with exit code 2. Build might be incomplete.
09:22:01 **** Incremental Build of configuration Debug for project Giochino ****
make all 
Building file: ../src/main.cpp
Invoking: GCC C++ Compiler
g++ -O0 -g3 -Wall -c -fmessage-length=0 -MMD -MP -MF"src/main.d" -MT"src/main.o" -o "src/main.o" "../src/main.cpp"
../src/main.cpp:20:13: error: expected '(' for function-style cast or type construction
    Map(int colonna, int riga)
        ~~~ ^
../src/main.cpp:20:26: error: expected '(' for function-style cast or type construction
    Map(int colonna, int riga)
                     ~~~ ^
2 errors generated.
make: *** [src/main.o] Error 1
"make all" terminated with exit code 2. Build might be incomplete.
09:22:27 **** Incremental Build of configuration Debug for project Giochino ****
make all 
Building file: ../src/main.cpp
Invoking: GCC C++ Compiler
g++ -O0 -g3 -Wall -c -fmessage-length=0 -MMD -MP -MF"src/main.d" -MT"src/main.o" -o "src/main.o" "../src/main.cpp"
../src/main.cpp:20:13: error: expected '(' for function-style cast or type construction
    Map(int colonna, int riga)
        ~~~ ^
../src/main.cpp:20:26: error: expected '(' for function-style cast or type construction
    Map(int colonna, int riga)
                     ~~~ ^
2 errors generated.
make: *** [src/main.o] Error 1
"make all" terminated with exit code 2. Build might be incomplete.
09:22:39 **** Incremental Build of configuration Debug for project Giochino ****
make all 
Building file: ../src/main.cpp
Invoking: GCC C++ Compiler
g++ -O0 -g3 -Wall -c -fmessage-length=0 -MMD -MP -MF"src/main.d" -MT"src/main.o" -o "src/main.o" "../src/main.cpp"
../src/main.cpp:20:13: error: expected '(' for function-style cast or type construction
    Map(int colonna, int riga)
        ~~~ ^
../src/main.cpp:20:26: error: expected '(' for function-style cast or type construction
    Map(int colonna, int riga)
                     ~~~ ^
2 errors generated.
make: *** [src/main.o] Error 1
"make all" terminated with exit code 2. Build might be incomplete.
09:23:01 **** Incremental Build of configuration Debug for project Giochino ****
make all 
Building file: ../src/main.cpp
Invoking: GCC C++ Compiler
g++ -O0 -g3 -Wall -c -fmessage-length=0 -MMD -MP -MF"src/main.d" -MT"src/main.o" -o "src/main.o" "../src/main.cpp"
../src/main.cpp:20:13: error: expected '(' for function-style cast or type construction
    Map(int colonna, int riga)
        ~~~ ^
../src/main.cpp:20:26: error: expected '(' for function-style cast or type construction
    Map(int colonna, int riga)
                     ~~~ ^
2 errors generated.
make: *** [src/main.o] Error 1
"make all" terminated with exit code 2. Build might be incomplete.
09:23:17 **** Incremental Build of configuration Debug for project Giochino ****
make all 
Building file: ../src/main.cpp
Invoking: GCC C++ Compiler
g++ -O0 -g3 -Wall -c -fmessage-length=0 -MMD -MP -MF"src/main.d" -MT"src/main.o" -o "src/main.o" "../src/main.cpp"
../src/main.cpp:20:13: error: expected '(' for function-style cast or type construction
    Map(int colonna, int riga)
        ~~~ ^
../src/main.cpp:20:26: error: expected '(' for function-style cast or type construction
    Map(int colonna, int riga)
                     ~~~ ^
2 errors generated.
make: *** [src/main.o] Error 1
"make all" terminated with exit code 2. Build might be incomplete.
09:23:18 **** Incremental Build of configuration Debug for project Giochino ****
make all 
Building file: ../src/main.cpp
Invoking: GCC C++ Compiler
g++ -O0 -g3 -Wall -c -fmessage-length=0 -MMD -MP -MF"src/main.d" -MT"src/main.o" -o "src/main.o" "../src/main.cpp"
../src/main.cpp:20:13: error: expected '(' for function-style cast or type construction
    Map(int colonna, int riga)
        ~~~ ^
../src/main.cpp:20:26: error: expected '(' for function-style cast or type construction
    Map(int colonna, int riga)
                     ~~~ ^
2 errors generated.
make: *** [src/main.o] Error 1
"make all" terminated with exit code 2. Build might be incomplete.
09:23:21 **** Incremental Build of configuration Debug for project Giochino ****
make all 
Building file: ../src/main.cpp
Invoking: GCC C++ Compiler
g++ -O0 -g3 -Wall -c -fmessage-length=0 -MMD -MP -MF"src/main.d" -MT"src/main.o" -o "src/main.o" "../src/main.cpp"
../src/main.cpp:20:13: error: expected '(' for function-style cast or type construction
    Map(int colonna, int riga)
        ~~~ ^
../src/main.cpp:20:26: error: expected '(' for function-style cast or type construction
    Map(int colonna, int riga)
                     ~~~ ^
2 errors generated.
make: *** [src/main.o] Error 1
"make all" terminated with exit code 2. Build might be incomplete.
09:23:38 **** Incremental Build of configuration Debug for project Giochino ****
make all 
Building file: ../src/main.cpp
Invoking: GCC C++ Compiler
g++ -O0 -g3 -Wall -c -fmessage-length=0 -MMD -MP -MF"src/main.d" -MT"src/main.o" -o "src/main.o" "../src/main.cpp"
../src/main.cpp:20:13: error: expected '(' for function-style cast or type construction
    Map(int colonna, int riga)
        ~~~ ^
../src/main.cpp:20:26: error: expected '(' for function-style cast or type construction
    Map(int colonna, int riga)
                     ~~~ ^
2 errors generated.
make: *** [src/main.o] Error 1
"make all" terminated with exit code 2. Build might be incomplete.
09:23:59 **** Incremental Build of configuration Debug for project Giochino ****
make all 
Building file: ../src/main.cpp
Invoking: GCC C++ Compiler
g++ -O0 -g3 -Wall -c -fmessage-length=0 -MMD -MP -MF"src/main.d" -MT"src/main.o" -o "src/main.o" "../src/main.cpp"
../src/main.cpp:20:13: error: expected '(' for function-style cast or type construction
    Map(int colonna, int riga)
        ~~~ ^
../src/main.cpp:20:26: error: expected '(' for function-style cast or type construction
    Map(int colonna, int riga)
                     ~~~ ^
2 errors generated.
make: *** [src/main.o] Error 1
"make all" terminated with exit code 2. Build might be incomplete.
09:24:00 **** Incremental Build of configuration Debug for project Giochino ****
make all 
Building file: ../src/main.cpp
Invoking: GCC C++ Compiler
g++ -O0 -g3 -Wall -c -fmessage-length=0 -MMD -MP -MF"src/main.d" -MT"src/main.o" -o "src/main.o" "../src/main.cpp"
../src/main.cpp:20:13: error: expected '(' for function-style cast or type construction
    Map(int colonna, int riga)
        ~~~ ^
../src/main.cpp:20:26: error: expected '(' for function-style cast or type construction
    Map(int colonna, int riga)
                     ~~~ ^
2 errors generated.
make: *** [src/main.o] Error 1
"make all" terminated with exit code 2. Build might be incomplete.
09:24:06 **** Incremental Build of configuration Debug for project Giochino ****
make all 
Building file: ../src/main.cpp
Invoking: GCC C++ Compiler
g++ -O0 -g3 -Wall -c -fmessage-length=0 -MMD -MP -MF"src/main.d" -MT"src/main.o" -o "src/main.o" "../src/main.cpp"
../src/main.cpp:20:13: error: expected '(' for function-style cast or type construction
    Map(int colonna, int riga)
        ~~~ ^
../src/main.cpp:20:26: error: expected '(' for function-style cast or type construction
    Map(int colonna, int riga)
                     ~~~ ^
2 errors generated.
make: *** [src/main.o] Error 1
"make all" terminated with exit code 2. Build might be incomplete.
09:24:07 **** Incremental Build of configuration Debug for project Giochino ****
make all 
Building file: ../src/main.cpp
Invoking: GCC C++ Compiler
g++ -O0 -g3 -Wall -c -fmessage-length=0 -MMD -MP -MF"src/main.d" -MT"src/main.o" -o "src/main.o" "../src/main.cpp"
../src/main.cpp:20:13: error: expected '(' for function-style cast or type construction
    Map(int colonna, int riga)
        ~~~ ^
../src/main.cpp:20:26: error: expected '(' for function-style cast or type construction
    Map(int colonna, int riga)
                     ~~~ ^
2 errors generated.
make: *** [src/main.o] Error 1
"make all" terminated with exit code 2. Build might be incomplete.
09:24:13 **** Incremental Build of configuration Debug for project Giochino ****
make all 
Building file: ../src/main.cpp
Invoking: GCC C++ Compiler
g++ -O0 -g3 -Wall -c -fmessage-length=0 -MMD -MP -MF"src/main.d" -MT"src/main.o" -o "src/main.o" "../src/main.cpp"
../src/main.cpp:19:9: warning: unused variable 'map' [-Wunused-variable]
    Map map = Map (dim_colonna, dim_riga);
        ^
../src/main.cpp:9:11: warning: unused variable 'refreshspeed' [-Wunused-const-variable]
const int refreshspeed = 100; // velocità di refresh dello schermo
          ^
2 warnings generated.
Finished building: ../src/main.cpp
 
Building file: ../src/map.cpp
Invoking: GCC C++ Compiler
g++ -O0 -g3 -Wall -c -fmessage-length=0 -MMD -MP -MF"src/map.d" -MT"src/map.o" -o "src/map.o" "../src/map.cpp"
Finished building: ../src/map.cpp
 
Building target: Giochino
Invoking: MacOS X C++ Linker
g++  -o "Giochino"  ./src/main.o ./src/map.o    -lncurses
Finished building target: Giochino
 
09:24:23 **** Incremental Build of configuration Debug for project Giochino ****
make all 
make: Nothing to be done for `all'.
09:24:32 **** Incremental Build of configuration Debug for project Giochino ****
make all 
make: Nothing to be done for `all'.
09:24:34 **** Incremental Build of configuration Debug for project Giochino ****
make all 
make: Nothing to be done for `all'.
09:25:26 **** Incremental Build of configuration Debug for project Giochino ****
make all 
make: Nothing to be done for `all'.
09:33:30 **** Incremental Build of configuration Debug for project Giochino ****
make all 
Building file: ../src/main.cpp
Invoking: GCC C++ Compiler
g++ -O0 -g3 -Wall -c -fmessage-length=0 -MMD -MP -MF"src/main.d" -MT"src/main.o" -o "src/main.o" "../src/main.cpp"
../src/main.cpp:19:9: warning: unused variable 'map' [-Wunused-variable]
    Map map = Map (dim_colonna, dim_riga);
        ^
../src/main.cpp:9:11: warning: unused variable 'refreshspeed' [-Wunused-const-variable]
const int refreshspeed = 100; // velocità di refresh dello schermo
          ^
2 warnings generated.
Finished building: ../src/main.cpp
 
Building file: ../src/map.cpp
Invoking: GCC C++ Compiler
g++ -O0 -g3 -Wall -c -fmessage-length=0 -MMD -MP -MF"src/map.d" -MT"src/map.o" -o "src/map.o" "../src/map.cpp"
Finished building: ../src/map.cpp
 
Building target: Giochino
Invoking: MacOS X C++ Linker
g++  -o "Giochino"  ./src/main.o ./src/map.o    -lncurses
Finished building target: Giochino
 
09:33:31 **** Incremental Build of configuration Debug for project Giochino ****
make all 
make: Nothing to be done for `all'.
09:33:33 **** Incremental Build of configuration Debug for project Giochino ****
make all 
make: Nothing to be done for `all'.
09:33:34 **** Incremental Build of configuration Debug for project Giochino ****
make all 
make: Nothing to be done for `all'.
09:33:36 **** Incremental Build of configuration Debug for project Giochino ****
make all 
make: Nothing to be done for `all'.
09:33:37 **** Incremental Build of configuration Debug for project Giochino ****
make all 
make: Nothing to be done for `all'.
09:36:18 **** Incremental Build of configuration Debug for project Giochino ****
make all 
make: Nothing to be done for `all'.
09:36:19 **** Incremental Build of configuration Debug for project Giochino ****
make all 
make: Nothing to be done for `all'.
09:37:14 **** Incremental Build of configuration Debug for project Giochino ****
make all 
make: Nothing to be done for `all'.
09:40:07 **** Incremental Build of configuration Debug for project Giochino ****
make all 
Building file: ../src/main.cpp
Invoking: GCC C++ Compiler
g++ -O0 -g3 -Wall -c -fmessage-length=0 -MMD -MP -MF"src/main.d" -MT"src/main.o" -o "src/main.o" "../src/main.cpp"
../src/main.cpp:25:9: warning: unused variable 'map' [-Wunused-variable]
    Map map = Map (dim_colonna, dim_riga);
        ^
../src/main.cpp:9:11: warning: unused variable 'refreshspeed' [-Wunused-const-variable]
const int refreshspeed = 100; // velocità di refresh dello schermo
          ^
2 warnings generated.
Finished building: ../src/main.cpp
 
Building target: Giochino
Invoking: MacOS X C++ Linker
g++  -o "Giochino"  ./src/main.o ./src/map.o    -lncurses
Finished building target: Giochino
 
09:40:08 **** Incremental Build of configuration Debug for project Giochino ****
make all 
make: Nothing to be done for `all'.
09:40:09 **** Incremental Build of configuration Debug for project Giochino ****
make all 
make: Nothing to be done for `all'.
09:43:29 **** Incremental Build of configuration Debug for project Giochino ****
make all 
make: Nothing to be done for `all'.
09:43:30 **** Incremental Build of configuration Debug for project Giochino ****
make all 
make: Nothing to be done for `all'.
09:47:09 **** Incremental Build of configuration Debug for project Giochino ****
make all 
make: Nothing to be done for `all'.
09:48:11 **** Incremental Build of configuration Debug for project Giochino ****
make all 
Building file: ../src/map.cpp
Invoking: GCC C++ Compiler
g++ -O0 -g3 -Wall -c -fmessage-length=0 -MMD -MP -MF"src/map.d" -MT"src/map.o" -o "src/map.o" "../src/map.cpp"
Finished building: ../src/map.cpp
 
Building target: Giochino
Invoking: MacOS X C++ Linker
g++  -o "Giochino"  ./src/main.o ./src/map.o    -lncurses
Finished building target: Giochino
 
09:48:12 **** Incremental Build of configuration Debug for project Giochino ****
make all 
make: Nothing to be done for `all'.
09:48:13 **** Incremental Build of configuration Debug for project Giochino ****
make all 
make: Nothing to be done for `all'.
09:48:36 **** Incremental Build of configuration Debug for project Giochino ****
make all 
Building file: ../src/main.cpp
Invoking: GCC C++ Compiler
g++ -O0 -g3 -Wall -c -fmessage-length=0 -MMD -MP -MF"src/main.d" -MT"src/main.o" -o "src/main.o" "../src/main.cpp"
In file included from ../src/main.cpp:3:
../src/map.hpp:17:14: error: expected parameter declarator
    mvprintw(1, 1, "Debug message: Map object created successfully!");
             ^
../src/map.hpp:17:14: error: expected ')'
../src/map.hpp:17:13: note: to match this '('
    mvprintw(1, 1, "Debug message: Map object created successfully!");
            ^
../src/map.hpp:17:5: error: C++ requires a type specifier for all declarations
    mvprintw(1, 1, "Debug message: Map object created successfully!");
    ^
../src/main.cpp:25:9: warning: unused variable 'map' [-Wunused-variable]
    Map map = Map (dim_colonna, dim_riga);
        ^
1 warning and 3 errors generated.
make: *** [src/main.o] Error 1
"make all" terminated with exit code 2. Build might be incomplete.
09:48:56 **** Incremental Build of configuration Debug for project Giochino ****
make all 
Building file: ../src/main.cpp
Invoking: GCC C++ Compiler
g++ -O0 -g3 -Wall -c -fmessage-length=0 -MMD -MP -MF"src/main.d" -MT"src/main.o" -o "src/main.o" "../src/main.cpp"
../src/main.cpp:25:9: warning: unused variable 'map' [-Wunused-variable]
    Map map = Map (dim_colonna, dim_riga);
        ^
../src/main.cpp:9:11: warning: unused variable 'refreshspeed' [-Wunused-const-variable]
const int refreshspeed = 100; // velocità di refresh dello schermo
          ^
2 warnings generated.
Finished building: ../src/main.cpp
 
Building file: ../src/map.cpp
Invoking: GCC C++ Compiler
g++ -O0 -g3 -Wall -c -fmessage-length=0 -MMD -MP -MF"src/map.d" -MT"src/map.o" -o "src/map.o" "../src/map.cpp"
Finished building: ../src/map.cpp
 
Building target: Giochino
Invoking: MacOS X C++ Linker
g++  -o "Giochino"  ./src/main.o ./src/map.o    -lncurses
Finished building target: Giochino
 
09:49:00 **** Incremental Build of configuration Debug for project Giochino ****
make all 
make: Nothing to be done for `all'.
09:49:05 **** Incremental Build of configuration Debug for project Giochino ****
make all 
Building file: ../src/main.cpp
Invoking: GCC C++ Compiler
g++ -O0 -g3 -Wall -c -fmessage-length=0 -MMD -MP -MF"src/main.d" -MT"src/main.o" -o "src/main.o" "../src/main.cpp"
../src/main.cpp:19:9: warning: unused variable 'map' [-Wunused-variable]
    Map map = Map (dim_colonna, dim_riga);
        ^
../src/main.cpp:9:11: warning: unused variable 'refreshspeed' [-Wunused-const-variable]
const int refreshspeed = 100; // velocità di refresh dello schermo
          ^
2 warnings generated.
Finished building: ../src/main.cpp
 
Building target: Giochino
Invoking: MacOS X C++ Linker
g++  -o "Giochino"  ./src/main.o ./src/map.o    -lncurses
Finished building target: Giochino
 
09:52:16 **** Incremental Build of configuration Debug for project Giochino ****
make all 
make: Nothing to be done for `all'.
09:52:17 **** Incremental Build of configuration Debug for project Giochino ****
make all 
make: Nothing to be done for `all'.
09:52:59 **** Incremental Build of configuration Debug for project Giochino ****
make all 
make: Nothing to be done for `all'.
09:53:00 **** Incremental Build of configuration Debug for project Giochino ****
make all 
make: Nothing to be done for `all'.
09:53:01 **** Incremental Build of configuration Debug for project Giochino ****
make all 
make: Nothing to be done for `all'.
09:57:16 **** Incremental Build of configuration Debug for project Giochino ****
make all 
Building file: ../src/main.cpp
Invoking: GCC C++ Compiler
g++ -O0 -g3 -Wall -c -fmessage-length=0 -MMD -MP -MF"src/main.d" -MT"src/main.o" -o "src/main.o" "../src/main.cpp"
../src/main.cpp:21:9: warning: unused variable 'map' [-Wunused-variable]
    Map map = Map (dim_colonna, dim_riga);
        ^
../src/main.cpp:9:11: warning: unused variable 'refreshspeed' [-Wunused-const-variable]
const int refreshspeed = 100; // velocità di refresh dello schermo
          ^
2 warnings generated.
Finished building: ../src/main.cpp
 
Building target: Giochino
Invoking: MacOS X C++ Linker
g++  -o "Giochino"  ./src/main.o ./src/map.o    -lncurses
Finished building target: Giochino
 
09:57:18 **** Incremental Build of configuration Debug for project Giochino ****
make all 
make: Nothing to be done for `all'.
09:59:15 **** Incremental Build of configuration Debug for project Giochino ****
make all 
Building file: ../src/main.cpp
Invoking: GCC C++ Compiler
g++ -O0 -g3 -Wall -c -fmessage-length=0 -MMD -MP -MF"src/main.d" -MT"src/main.o" -o "src/main.o" "../src/main.cpp"
../src/main.cpp:21:9: warning: unused variable 'map' [-Wunused-variable]
    Map map = Map (dim_colonna, dim_riga);
        ^
../src/main.cpp:9:11: warning: unused variable 'refreshspeed' [-Wunused-const-variable]
const int refreshspeed = 100; // velocità di refresh dello schermo
          ^
2 warnings generated.
Finished building: ../src/main.cpp
 
Building target: Giochino
Invoking: MacOS X C++ Linker
g++  -o "Giochino"  ./src/main.o ./src/map.o    -lncurses
Finished building target: Giochino
 
09:59:16 **** Incremental Build of configuration Debug for project Giochino ****
make all 
make: Nothing to be done for `all'.
09:59:34 **** Incremental Build of configuration Debug for project Giochino ****
make all 
Building file: ../src/map.cpp
Invoking: GCC C++ Compiler
g++ -O0 -g3 -Wall -c -fmessage-length=0 -MMD -MP -MF"src/map.d" -MT"src/map.o" -o "src/map.o" "../src/map.cpp"
Finished building: ../src/map.cpp
 
Building target: Giochino
Invoking: MacOS X C++ Linker
g++  -o "Giochino"  ./src/main.o ./src/map.o    -lncurses
Finished building target: Giochino
 
09:59:35 **** Incremental Build of configuration Debug for project Giochino ****
make all 
make: Nothing to be done for `all'.
09:59:35 **** Incremental Build of configuration Debug for project Giochino ****
make all 
make: Nothing to be done for `all'.
10:02:28 **** Incremental Build of configuration Debug for project Giochino ****
make all 
Building file: ../src/main.cpp
Invoking: GCC C++ Compiler
g++ -O0 -g3 -Wall -c -fmessage-length=0 -MMD -MP -MF"src/main.d" -MT"src/main.o" -o "src/main.o" "../src/main.cpp"
../src/main.cpp:19:9: warning: unused variable 'map' [-Wunused-variable]
    Map map = Map (dim_colonna, dim_riga);
        ^
../src/main.cpp:9:11: warning: unused variable 'refreshspeed' [-Wunused-const-variable]
const int refreshspeed = 100; // velocità di refresh dello schermo
          ^
2 warnings generated.
Finished building: ../src/main.cpp
 
Building target: Giochino
Invoking: MacOS X C++ Linker
g++  -o "Giochino"  ./src/main.o ./src/map.o    -lncurses
Finished building target: Giochino
 
10:02:29 **** Incremental Build of configuration Debug for project Giochino ****
make all 
make: Nothing to be done for `all'.
10:02:30 **** Incremental Build of configuration Debug for project Giochino ****
make all 
make: Nothing to be done for `all'.
10:08:58 **** Incremental Build of configuration Debug for project Giochino ****
make all 
make: Nothing to be done for `all'.
10:08:59 **** Incremental Build of configuration Debug for project Giochino ****
make all 
make: Nothing to be done for `all'.
10:09:01 **** Incremental Build of configuration Debug for project Giochino ****
make all 
make: Nothing to be done for `all'.
10:15:58 **** Incremental Build of configuration Debug for project Giochino ****
make all 
make: Nothing to be done for `all'.
10:16:02 **** Incremental Build of configuration Debug for project Giochino ****
make all 
Building file: ../src/characterr.cpp
Invoking: GCC C++ Compiler
g++ -O0 -g3 -Wall -c -fmessage-length=0 -MMD -MP -MF"src/characterr.d" -MT"src/characterr.o" -o "src/characterr.o" "../src/characterr.cpp"
Finished building: ../src/characterr.cpp
 
Building file: ../src/main.cpp
Invoking: GCC C++ Compiler
g++ -O0 -g3 -Wall -c -fmessage-length=0 -MMD -MP -MF"src/main.d" -MT"src/main.o" -o "src/main.o" "../src/main.cpp"
../src/main.cpp:19:9: warning: unused variable 'map' [-Wunused-variable]
    Map map = Map (dim_colonna, dim_riga);
        ^
../src/main.cpp:9:11: warning: unused variable 'refreshspeed' [-Wunused-const-variable]
const int refreshspeed = 100; // velocità di refresh dello schermo
          ^
2 warnings generated.
Finished building: ../src/main.cpp
 
Building file: ../src/map.cpp
Invoking: GCC C++ Compiler
g++ -O0 -g3 -Wall -c -fmessage-length=0 -MMD -MP -MF"src/map.d" -MT"src/map.o" -o "src/map.o" "../src/map.cpp"
Finished building: ../src/map.cpp
 
Building target: Giochino
Invoking: MacOS X C++ Linker
g++  -o "Giochino"  ./src/characterr.o ./src/main.o ./src/map.o    -lncurses
Finished building target: Giochino
 
10:16:04 **** Incremental Build of configuration Debug for project Giochino ****
make all 
make: Nothing to be done for `all'.
10:16:06 **** Incremental Build of configuration Debug for project Giochino ****
make all 
make: Nothing to be done for `all'.
10:16:07 **** Incremental Build of configuration Debug for project Giochino ****
make all 
make: Nothing to be done for `all'.
10:16:23 **** Incremental Build of configuration Debug for project Giochino ****
make all 
Building file: ../src/main.cpp
Invoking: GCC C++ Compiler
g++ -O0 -g3 -Wall -c -fmessage-length=0 -MMD -MP -MF"src/main.d" -MT"src/main.o" -o "src/main.o" "../src/main.cpp"
../src/main.cpp:41:13: error: no member named 'draw' in 'Map'
        map.draw();
        ~~~ ^
1 error generated.
make: *** [src/main.o] Error 1
"make all" terminated with exit code 2. Build might be incomplete.
10:16:46 **** Incremental Build of configuration Debug for project Giochino ****
make all 
Building file: ../src/characterr.cpp
Invoking: GCC C++ Compiler
g++ -O0 -g3 -Wall -c -fmessage-length=0 -MMD -MP -MF"src/characterr.d" -MT"src/characterr.o" -o "src/characterr.o" "../src/characterr.cpp"
../src/characterr.cpp:16:17: error: use of undeclared identifier 'dim_colonna'
    if (x_pos < dim_colonna - 2) { // controlla che il personaggio non vada fuori dalla cornice
                ^
../src/characterr.cpp:28:17: error: use of undeclared identifier 'dim_riga'
    if (y_pos < dim_riga - 2) { // controlla che il personaggio non vada fuori dalla cornice
                ^
2 errors generated.
make: *** [src/characterr.o] Error 1
"make all" terminated with exit code 2. Build might be incomplete.
10:16:47 **** Incremental Build of configuration Debug for project Giochino ****
make all 
Building file: ../src/characterr.cpp
Invoking: GCC C++ Compiler
g++ -O0 -g3 -Wall -c -fmessage-length=0 -MMD -MP -MF"src/characterr.d" -MT"src/characterr.o" -o "src/characterr.o" "../src/characterr.cpp"
../src/characterr.cpp:16:17: error: use of undeclared identifier 'dim_colonna'
    if (x_pos < dim_colonna - 2) { // controlla che il personaggio non vada fuori dalla cornice
                ^
../src/characterr.cpp:28:17: error: use of undeclared identifier 'dim_riga'
    if (y_pos < dim_riga - 2) { // controlla che il personaggio non vada fuori dalla cornice
                ^
2 errors generated.
make: *** [src/characterr.o] Error 1
"make all" terminated with exit code 2. Build might be incomplete.
10:16:48 **** Incremental Build of configuration Debug for project Giochino ****
make all 
Building file: ../src/characterr.cpp
Invoking: GCC C++ Compiler
g++ -O0 -g3 -Wall -c -fmessage-length=0 -MMD -MP -MF"src/characterr.d" -MT"src/characterr.o" -o "src/characterr.o" "../src/characterr.cpp"
../src/characterr.cpp:16:17: error: use of undeclared identifier 'dim_colonna'
    if (x_pos < dim_colonna - 2) { // controlla che il personaggio non vada fuori dalla cornice
                ^
../src/characterr.cpp:28:17: error: use of undeclared identifier 'dim_riga'
    if (y_pos < dim_riga - 2) { // controlla che il personaggio non vada fuori dalla cornice
                ^
2 errors generated.
make: *** [src/characterr.o] Error 1
"make all" terminated with exit code 2. Build might be incomplete.
10:16:48 **** Incremental Build of configuration Debug for project Giochino ****
make all 
Building file: ../src/characterr.cpp
Invoking: GCC C++ Compiler
g++ -O0 -g3 -Wall -c -fmessage-length=0 -MMD -MP -MF"src/characterr.d" -MT"src/characterr.o" -o "src/characterr.o" "../src/characterr.cpp"
../src/characterr.cpp:16:17: error: use of undeclared identifier 'dim_colonna'
    if (x_pos < dim_colonna - 2) { // controlla che il personaggio non vada fuori dalla cornice
                ^
../src/characterr.cpp:28:17: error: use of undeclared identifier 'dim_riga'
    if (y_pos < dim_riga - 2) { // controlla che il personaggio non vada fuori dalla cornice
                ^
2 errors generated.
make: *** [src/characterr.o] Error 1
"make all" terminated with exit code 2. Build might be incomplete.
10:16:48 **** Incremental Build of configuration Debug for project Giochino ****
make all 
Building file: ../src/characterr.cpp
Invoking: GCC C++ Compiler
g++ -O0 -g3 -Wall -c -fmessage-length=0 -MMD -MP -MF"src/characterr.d" -MT"src/characterr.o" -o "src/characterr.o" "../src/characterr.cpp"
../src/characterr.cpp:16:17: error: use of undeclared identifier 'dim_colonna'
    if (x_pos < dim_colonna - 2) { // controlla che il personaggio non vada fuori dalla cornice
                ^
../src/characterr.cpp:28:17: error: use of undeclared identifier 'dim_riga'
    if (y_pos < dim_riga - 2) { // controlla che il personaggio non vada fuori dalla cornice
                ^
2 errors generated.
make: *** [src/characterr.o] Error 1
"make all" terminated with exit code 2. Build might be incomplete.
10:18:19 **** Incremental Build of configuration Debug for project Giochino ****
make all 
make: *** No rule to make target `../src/characterr.cpp', needed by `src/characterr.o'.  Stop.
"make all" terminated with exit code 2. Build might be incomplete.
10:18:19 **** Build of configuration Debug for project character.cpp ****
make all 
Building file: ../src/character.cpp.cpp
Invoking: GCC C++ Compiler
g++ -O0 -g3 -Wall -c -fmessage-length=0 -MMD -MP -MF"src/character.cpp.d" -MT"src/character.cpp.o" -o "src/character.cpp.o" "../src/character.cpp.cpp"
../src/character.cpp.cpp:2:10: fatal error: 'character.hpp' file not found
#include "character.hpp"
         ^~~~~~~~~~~~~~~
1 error generated.
make: *** [src/character.cpp.o] Error 1
"make all" terminated with exit code 2. Build might be incomplete.
10:18:36 **** Incremental Build of configuration Debug for project Giochino ****
make all 
Building file: ../src/main.cpp
Invoking: GCC C++ Compiler
g++ -O0 -g3 -Wall -c -fmessage-length=0 -MMD -MP -MF"src/main.d" -MT"src/main.o" -o "src/main.o" "../src/main.cpp"
../src/main.cpp:41:13: error: no member named 'draw' in 'Map'
        map.draw();
        ~~~ ^
1 error generated.
make: *** [src/main.o] Error 1
"make all" terminated with exit code 2. Build might be incomplete.
10:18:36 **** Incremental Build of configuration Debug for project character.cpp ****
make all 
Building file: ../src/character.cpp.cpp
Invoking: GCC C++ Compiler
g++ -O0 -g3 -Wall -c -fmessage-length=0 -MMD -MP -MF"src/character.cpp.d" -MT"src/character.cpp.o" -o "src/character.cpp.o" "../src/character.cpp.cpp"
../src/character.cpp.cpp:2:10: fatal error: 'character.hpp' file not found
#include "character.hpp"
         ^~~~~~~~~~~~~~~
1 error generated.
make: *** [src/character.cpp.o] Error 1
"make all" terminated with exit code 2. Build might be incomplete.
10:18:38 **** Incremental Build of configuration Debug for project Giochino ****
make all 
Building file: ../src/main.cpp
Invoking: GCC C++ Compiler
g++ -O0 -g3 -Wall -c -fmessage-length=0 -MMD -MP -MF"src/main.d" -MT"src/main.o" -o "src/main.o" "../src/main.cpp"
../src/main.cpp:41:13: error: no member named 'draw' in 'Map'
        map.draw();
        ~~~ ^
1 error generated.
make: *** [src/main.o] Error 1
"make all" terminated with exit code 2. Build might be incomplete.
10:18:39 **** Incremental Build of configuration Debug for project character.cpp ****
make all 
Building file: ../src/character.cpp.cpp
Invoking: GCC C++ Compiler
g++ -O0 -g3 -Wall -c -fmessage-length=0 -MMD -MP -MF"src/character.cpp.d" -MT"src/character.cpp.o" -o "src/character.cpp.o" "../src/character.cpp.cpp"
../src/character.cpp.cpp:2:10: fatal error: 'character.hpp' file not found
#include "character.hpp"
         ^~~~~~~~~~~~~~~
1 error generated.
make: *** [src/character.cpp.o] Error 1
"make all" terminated with exit code 2. Build might be incomplete.
10:19:05 **** Incremental Build of configuration Debug for project Giochino ****
make all 
Building file: ../src/main.cpp
Invoking: GCC C++ Compiler
g++ -O0 -g3 -Wall -c -fmessage-length=0 -MMD -MP -MF"src/main.d" -MT"src/main.o" -o "src/main.o" "../src/main.cpp"
../src/main.cpp:41:13: error: no member named 'draw' in 'Map'
        map.draw();
        ~~~ ^
1 error generated.
make: *** [src/main.o] Error 1
"make all" terminated with exit code 2. Build might be incomplete.
10:19:06 **** Incremental Build of configuration Debug for project character.cpp ****
make all 
Building file: ../src/character.cpp.cpp
Invoking: GCC C++ Compiler
g++ -O0 -g3 -Wall -c -fmessage-length=0 -MMD -MP -MF"src/character.cpp.d" -MT"src/character.cpp.o" -o "src/character.cpp.o" "../src/character.cpp.cpp"
../src/character.cpp.cpp:2:10: fatal error: 'character.hpp' file not found
#include "character.hpp"
         ^~~~~~~~~~~~~~~
1 error generated.
make: *** [src/character.cpp.o] Error 1
"make all" terminated with exit code 2. Build might be incomplete.
10:19:08 **** Incremental Build of configuration Debug for project Giochino ****
make all 
Building file: ../src/main.cpp
Invoking: GCC C++ Compiler
g++ -O0 -g3 -Wall -c -fmessage-length=0 -MMD -MP -MF"src/main.d" -MT"src/main.o" -o "src/main.o" "../src/main.cpp"
../src/main.cpp:41:13: error: no member named 'draw' in 'Map'
        map.draw();
        ~~~ ^
1 error generated.
make: *** [src/main.o] Error 1
"make all" terminated with exit code 2. Build might be incomplete.
10:19:08 **** Incremental Build of configuration Debug for project character.cpp ****
make all 
Building file: ../src/character.cpp.cpp
Invoking: GCC C++ Compiler
g++ -O0 -g3 -Wall -c -fmessage-length=0 -MMD -MP -MF"src/character.cpp.d" -MT"src/character.cpp.o" -o "src/character.cpp.o" "../src/character.cpp.cpp"
../src/character.cpp.cpp:2:10: fatal error: 'character.hpp' file not found
#include "character.hpp"
         ^~~~~~~~~~~~~~~
1 error generated.
make: *** [src/character.cpp.o] Error 1
"make all" terminated with exit code 2. Build might be incomplete.
10:21:23 **** Incremental Build of configuration Debug for project Giochino ****
make all 
Building file: ../src/character.cpp
Invoking: GCC C++ Compiler
g++ -O0 -g3 -Wall -c -fmessage-length=0 -MMD -MP -MF"src/character.d" -MT"src/character.o" -o "src/character.o" "../src/character.cpp"
../src/character.cpp:16:17: error: use of undeclared identifier 'dim_colonna'
    if (x_pos < dim_colonna - 2) { // controlla che il personaggio non vada fuori dalla cornice
                ^
../src/character.cpp:28:17: error: use of undeclared identifier 'dim_riga'
    if (y_pos < dim_riga - 2) { // controlla che il personaggio non vada fuori dalla cornice
                ^
2 errors generated.
make: *** [src/character.o] Error 1
"make all" terminated with exit code 2. Build might be incomplete.
10:21:33 **** Incremental Build of configuration Debug for project Giochino ****
make all 
Building file: ../src/character.cpp
Invoking: GCC C++ Compiler
g++ -O0 -g3 -Wall -c -fmessage-length=0 -MMD -MP -MF"src/character.d" -MT"src/character.o" -o "src/character.o" "../src/character.cpp"
../src/character.cpp:16:17: error: use of undeclared identifier 'dim_colonna'
    if (x_pos < dim_colonna - 2) { // controlla che il personaggio non vada fuori dalla cornice
                ^
../src/character.cpp:28:17: error: use of undeclared identifier 'dim_riga'
    if (y_pos < dim_riga - 2) { // controlla che il personaggio non vada fuori dalla cornice
                ^
2 errors generated.
make: *** [src/character.o] Error 1
"make all" terminated with exit code 2. Build might be incomplete.
10:21:33 **** Incremental Build of configuration Debug for project Giochino ****
make all 
Building file: ../src/character.cpp
Invoking: GCC C++ Compiler
g++ -O0 -g3 -Wall -c -fmessage-length=0 -MMD -MP -MF"src/character.d" -MT"src/character.o" -o "src/character.o" "../src/character.cpp"
../src/character.cpp:16:17: error: use of undeclared identifier 'dim_colonna'
    if (x_pos < dim_colonna - 2) { // controlla che il personaggio non vada fuori dalla cornice
                ^
../src/character.cpp:28:17: error: use of undeclared identifier 'dim_riga'
    if (y_pos < dim_riga - 2) { // controlla che il personaggio non vada fuori dalla cornice
                ^
2 errors generated.
make: *** [src/character.o] Error 1
"make all" terminated with exit code 2. Build might be incomplete.
10:21:39 **** Incremental Build of configuration Debug for project Giochino ****
make all 
Building file: ../src/character.cpp
Invoking: GCC C++ Compiler
g++ -O0 -g3 -Wall -c -fmessage-length=0 -MMD -MP -MF"src/character.d" -MT"src/character.o" -o "src/character.o" "../src/character.cpp"
../src/character.cpp:16:17: error: use of undeclared identifier 'dim_colonna'
    if (x_pos < dim_colonna - 2) { // controlla che il personaggio non vada fuori dalla cornice
                ^
../src/character.cpp:28:17: error: use of undeclared identifier 'dim_riga'
    if (y_pos < dim_riga - 2) { // controlla che il personaggio non vada fuori dalla cornice
                ^
2 errors generated.
make: *** [src/character.o] Error 1
"make all" terminated with exit code 2. Build might be incomplete.
10:22:07 **** Incremental Build of configuration Debug for project Giochino ****
make all 
Building file: ../src/character.cpp
Invoking: GCC C++ Compiler
g++ -O0 -g3 -Wall -c -fmessage-length=0 -MMD -MP -MF"src/character.d" -MT"src/character.o" -o "src/character.o" "../src/character.cpp"
../src/character.cpp:16:17: error: use of undeclared identifier 'dim_colonna'
    if (x_pos < dim_colonna - 2) { // controlla che il personaggio non vada fuori dalla cornice
                ^
../src/character.cpp:28:17: error: use of undeclared identifier 'dim_riga'
    if (y_pos < dim_riga - 2) { // controlla che il personaggio non vada fuori dalla cornice
                ^
2 errors generated.
make: *** [src/character.o] Error 1
"make all" terminated with exit code 2. Build might be incomplete.
10:22:11 **** Incremental Build of configuration Debug for project Giochino ****
make all 
Building file: ../src/character.cpp
Invoking: GCC C++ Compiler
g++ -O0 -g3 -Wall -c -fmessage-length=0 -MMD -MP -MF"src/character.d" -MT"src/character.o" -o "src/character.o" "../src/character.cpp"
../src/character.cpp:16:17: error: use of undeclared identifier 'dim_colonna'
    if (x_pos < dim_colonna - 2) { // controlla che il personaggio non vada fuori dalla cornice
                ^
../src/character.cpp:28:17: error: use of undeclared identifier 'dim_riga'
    if (y_pos < dim_riga - 2) { // controlla che il personaggio non vada fuori dalla cornice
                ^
2 errors generated.
make: *** [src/character.o] Error 1
"make all" terminated with exit code 2. Build might be incomplete.
10:22:13 **** Incremental Build of configuration Debug for project Giochino ****
make all 
Building file: ../src/character.cpp
Invoking: GCC C++ Compiler
g++ -O0 -g3 -Wall -c -fmessage-length=0 -MMD -MP -MF"src/character.d" -MT"src/character.o" -o "src/character.o" "../src/character.cpp"
../src/character.cpp:16:17: error: use of undeclared identifier 'dim_colonna'
    if (x_pos < dim_colonna - 2) { // controlla che il personaggio non vada fuori dalla cornice
                ^
../src/character.cpp:28:17: error: use of undeclared identifier 'dim_riga'
    if (y_pos < dim_riga - 2) { // controlla che il personaggio non vada fuori dalla cornice
                ^
2 errors generated.
make: *** [src/character.o] Error 1
"make all" terminated with exit code 2. Build might be incomplete.
10:22:17 **** Incremental Build of configuration Debug for project Giochino ****
make all 
Building file: ../src/character.cpp
Invoking: GCC C++ Compiler
g++ -O0 -g3 -Wall -c -fmessage-length=0 -MMD -MP -MF"src/character.d" -MT"src/character.o" -o "src/character.o" "../src/character.cpp"
../src/character.cpp:16:17: error: use of undeclared identifier 'dim_colonna'
    if (x_pos < dim_colonna - 2) { // controlla che il personaggio non vada fuori dalla cornice
                ^
../src/character.cpp:28:17: error: use of undeclared identifier 'dim_riga'
    if (y_pos < dim_riga - 2) { // controlla che il personaggio non vada fuori dalla cornice
                ^
2 errors generated.
make: *** [src/character.o] Error 1
"make all" terminated with exit code 2. Build might be incomplete.
10:22:21 **** Incremental Build of configuration Debug for project Giochino ****
make all 
Building file: ../src/character.cpp
Invoking: GCC C++ Compiler
g++ -O0 -g3 -Wall -c -fmessage-length=0 -MMD -MP -MF"src/character.d" -MT"src/character.o" -o "src/character.o" "../src/character.cpp"
../src/character.cpp:16:17: error: use of undeclared identifier 'dim_colonna'
    if (x_pos < dim_colonna - 2) { // controlla che il personaggio non vada fuori dalla cornice
                ^
../src/character.cpp:28:17: error: use of undeclared identifier 'dim_riga'
    if (y_pos < dim_riga - 2) { // controlla che il personaggio non vada fuori dalla cornice
                ^
2 errors generated.
make: *** [src/character.o] Error 1
"make all" terminated with exit code 2. Build might be incomplete.
10:22:24 **** Incremental Build of configuration Debug for project Giochino ****
make all 
Building file: ../src/character.cpp
Invoking: GCC C++ Compiler
g++ -O0 -g3 -Wall -c -fmessage-length=0 -MMD -MP -MF"src/character.d" -MT"src/character.o" -o "src/character.o" "../src/character.cpp"
../src/character.cpp:16:17: error: use of undeclared identifier 'dim_colonna'
    if (x_pos < dim_colonna - 2) { // controlla che il personaggio non vada fuori dalla cornice
                ^
../src/character.cpp:28:17: error: use of undeclared identifier 'dim_riga'
    if (y_pos < dim_riga - 2) { // controlla che il personaggio non vada fuori dalla cornice
                ^
2 errors generated.
make: *** [src/character.o] Error 1
"make all" terminated with exit code 2. Build might be incomplete.
10:23:46 **** Incremental Build of configuration Debug for project Giochino ****
make all 
Building file: ../src/character.cpp
Invoking: GCC C++ Compiler
g++ -O0 -g3 -Wall -c -fmessage-length=0 -MMD -MP -MF"src/character.d" -MT"src/character.o" -o "src/character.o" "../src/character.cpp"
In file included from ../src/character.cpp:3:
../src/main.cpp:41:13: error: no member named 'draw' in 'Map'
        map.draw();
        ~~~ ^
1 error generated.
make: *** [src/character.o] Error 1
"make all" terminated with exit code 2. Build might be incomplete.
10:28:12 **** Incremental Build of configuration Debug for project Giochino ****
make all 
Building file: ../src/character.cpp
Invoking: GCC C++ Compiler
g++ -O0 -g3 -Wall -c -fmessage-length=0 -MMD -MP -MF"src/character.d" -MT"src/character.o" -o "src/character.o" "../src/character.cpp"
In file included from ../src/character.cpp:3:
../src/main.cpp:41:13: error: no member named 'draw' in 'Map'
        map.draw();
        ~~~ ^
1 error generated.
make: *** [src/character.o] Error 1
"make all" terminated with exit code 2. Build might be incomplete.
10:28:20 **** Incremental Build of configuration Debug for project Giochino ****
make all 
Building file: ../src/character.cpp
Invoking: GCC C++ Compiler
g++ -O0 -g3 -Wall -c -fmessage-length=0 -MMD -MP -MF"src/character.d" -MT"src/character.o" -o "src/character.o" "../src/character.cpp"
In file included from ../src/character.cpp:3:
../src/main.cpp:41:13: error: no member named 'draw' in 'Map'
        map.draw();
        ~~~ ^
1 error generated.
make: *** [src/character.o] Error 1
"make all" terminated with exit code 2. Build might be incomplete.
10:28:21 **** Incremental Build of configuration Debug for project Giochino ****
make all 
Building file: ../src/character.cpp
Invoking: GCC C++ Compiler
g++ -O0 -g3 -Wall -c -fmessage-length=0 -MMD -MP -MF"src/character.d" -MT"src/character.o" -o "src/character.o" "../src/character.cpp"
In file included from ../src/character.cpp:3:
../src/main.cpp:41:13: error: no member named 'draw' in 'Map'
        map.draw();
        ~~~ ^
1 error generated.
make: *** [src/character.o] Error 1
"make all" terminated with exit code 2. Build might be incomplete.
10:28:22 **** Incremental Build of configuration Debug for project Giochino ****
make all 
Building file: ../src/character.cpp
Invoking: GCC C++ Compiler
g++ -O0 -g3 -Wall -c -fmessage-length=0 -MMD -MP -MF"src/character.d" -MT"src/character.o" -o "src/character.o" "../src/character.cpp"
In file included from ../src/character.cpp:3:
../src/main.cpp:41:13: error: no member named 'draw' in 'Map'
        map.draw();
        ~~~ ^
1 error generated.
make: *** [src/character.o] Error 1
"make all" terminated with exit code 2. Build might be incomplete.
10:28:23 **** Incremental Build of configuration Debug for project Giochino ****
make all 
Building file: ../src/character.cpp
Invoking: GCC C++ Compiler
g++ -O0 -g3 -Wall -c -fmessage-length=0 -MMD -MP -MF"src/character.d" -MT"src/character.o" -o "src/character.o" "../src/character.cpp"
In file included from ../src/character.cpp:3:
../src/main.cpp:41:13: error: no member named 'draw' in 'Map'
        map.draw();
        ~~~ ^
1 error generated.
make: *** [src/character.o] Error 1
"make all" terminated with exit code 2. Build might be incomplete.
10:28:24 **** Incremental Build of configuration Debug for project Giochino ****
make all 
Building file: ../src/character.cpp
Invoking: GCC C++ Compiler
g++ -O0 -g3 -Wall -c -fmessage-length=0 -MMD -MP -MF"src/character.d" -MT"src/character.o" -o "src/character.o" "../src/character.cpp"
In file included from ../src/character.cpp:3:
../src/main.cpp:41:13: error: no member named 'draw' in 'Map'
        map.draw();
        ~~~ ^
1 error generated.
make: *** [src/character.o] Error 1
"make all" terminated with exit code 2. Build might be incomplete.
10:28:25 **** Incremental Build of configuration Debug for project Giochino ****
make all 
Building file: ../src/character.cpp
Invoking: GCC C++ Compiler
g++ -O0 -g3 -Wall -c -fmessage-length=0 -MMD -MP -MF"src/character.d" -MT"src/character.o" -o "src/character.o" "../src/character.cpp"
In file included from ../src/character.cpp:3:
../src/main.cpp:41:13: error: no member named 'draw' in 'Map'
        map.draw();
        ~~~ ^
1 error generated.
make: *** [src/character.o] Error 1
"make all" terminated with exit code 2. Build might be incomplete.
10:28:47 **** Incremental Build of configuration Debug for project Giochino ****
make all 
Building file: ../src/character.cpp
Invoking: GCC C++ Compiler
g++ -O0 -g3 -Wall -c -fmessage-length=0 -MMD -MP -MF"src/character.d" -MT"src/character.o" -o "src/character.o" "../src/character.cpp"
In file included from ../src/character.cpp:3:
../src/main.cpp:41:13: error: no member named 'draw' in 'Map'
        map.draw();
        ~~~ ^
1 error generated.
make: *** [src/character.o] Error 1
"make all" terminated with exit code 2. Build might be incomplete.
10:28:47 **** Incremental Build of configuration Debug for project Giochino ****
make all 
Building file: ../src/character.cpp
Invoking: GCC C++ Compiler
g++ -O0 -g3 -Wall -c -fmessage-length=0 -MMD -MP -MF"src/character.d" -MT"src/character.o" -o "src/character.o" "../src/character.cpp"
In file included from ../src/character.cpp:3:
../src/main.cpp:41:13: error: no member named 'draw' in 'Map'
        map.draw();
        ~~~ ^
1 error generated.
make: *** [src/character.o] Error 1
"make all" terminated with exit code 2. Build might be incomplete.
10:28:48 **** Incremental Build of configuration Debug for project Giochino ****
make all 
Building file: ../src/character.cpp
Invoking: GCC C++ Compiler
g++ -O0 -g3 -Wall -c -fmessage-length=0 -MMD -MP -MF"src/character.d" -MT"src/character.o" -o "src/character.o" "../src/character.cpp"
In file included from ../src/character.cpp:3:
../src/main.cpp:41:13: error: no member named 'draw' in 'Map'
        map.draw();
        ~~~ ^
1 error generated.
make: *** [src/character.o] Error 1
"make all" terminated with exit code 2. Build might be incomplete.
10:28:55 **** Incremental Build of configuration Debug for project Giochino ****
make all 
Building file: ../src/character.cpp
Invoking: GCC C++ Compiler
g++ -O0 -g3 -Wall -c -fmessage-length=0 -MMD -MP -MF"src/character.d" -MT"src/character.o" -o "src/character.o" "../src/character.cpp"
In file included from ../src/character.cpp:3:
../src/main.cpp:41:13: error: no member named 'draw' in 'Map'
        map.draw();
        ~~~ ^
1 error generated.
make: *** [src/character.o] Error 1
"make all" terminated with exit code 2. Build might be incomplete.
10:28:56 **** Incremental Build of configuration Debug for project Giochino ****
make all 
Building file: ../src/character.cpp
Invoking: GCC C++ Compiler
g++ -O0 -g3 -Wall -c -fmessage-length=0 -MMD -MP -MF"src/character.d" -MT"src/character.o" -o "src/character.o" "../src/character.cpp"
In file included from ../src/character.cpp:3:
../src/main.cpp:41:13: error: no member named 'draw' in 'Map'
        map.draw();
        ~~~ ^
1 error generated.
make: *** [src/character.o] Error 1
"make all" terminated with exit code 2. Build might be incomplete.
10:33:04 **** Incremental Build of configuration Debug for project Giochino ****
make all 
Building file: ../src/character.cpp
Invoking: GCC C++ Compiler
g++ -O0 -g3 -Wall -c -fmessage-length=0 -MMD -MP -MF"src/character.d" -MT"src/character.o" -o "src/character.o" "../src/character.cpp"
In file included from ../src/character.cpp:3:
../src/main.cpp:41:13: error: no member named 'draw' in 'Map'
        map.draw();
        ~~~ ^
1 error generated.
make: *** [src/character.o] Error 1
"make all" terminated with exit code 2. Build might be incomplete.
10:33:13 **** Incremental Build of configuration Debug for project Giochino ****
make all 
Building file: ../src/character.cpp
Invoking: GCC C++ Compiler
g++ -O0 -g3 -Wall -c -fmessage-length=0 -MMD -MP -MF"src/character.d" -MT"src/character.o" -o "src/character.o" "../src/character.cpp"
In file included from ../src/character.cpp:3:
../src/main.cpp:41:13: error: no member named 'draw' in 'Map'
        map.draw();
        ~~~ ^
1 error generated.
make: *** [src/character.o] Error 1
"make all" terminated with exit code 2. Build might be incomplete.
10:33:17 **** Incremental Build of configuration Debug for project Giochino ****
make all 
Building file: ../src/character.cpp
Invoking: GCC C++ Compiler
g++ -O0 -g3 -Wall -c -fmessage-length=0 -MMD -MP -MF"src/character.d" -MT"src/character.o" -o "src/character.o" "../src/character.cpp"
In file included from ../src/character.cpp:3:
../src/main.cpp:41:13: error: no member named 'draw' in 'Map'
        map.draw();
        ~~~ ^
1 error generated.
make: *** [src/character.o] Error 1
"make all" terminated with exit code 2. Build might be incomplete.
10:33:28 **** Incremental Build of configuration Debug for project Giochino ****
make all 
Building file: ../src/character.cpp
Invoking: GCC C++ Compiler
g++ -O0 -g3 -Wall -c -fmessage-length=0 -MMD -MP -MF"src/character.d" -MT"src/character.o" -o "src/character.o" "../src/character.cpp"
In file included from ../src/character.cpp:3:
../src/main.cpp:41:13: error: no member named 'draw' in 'Map'
        map.draw();
        ~~~ ^
1 error generated.
make: *** [src/character.o] Error 1
"make all" terminated with exit code 2. Build might be incomplete.
10:34:15 **** Incremental Build of configuration Debug for project Giochino ****
make all 
Building file: ../src/character.cpp
Invoking: GCC C++ Compiler
g++ -O0 -g3 -Wall -c -fmessage-length=0 -MMD -MP -MF"src/character.d" -MT"src/character.o" -o "src/character.o" "../src/character.cpp"
In file included from ../src/character.cpp:3:
../src/main.cpp:41:13: error: no member named 'draw' in 'Map'
        map.draw();
        ~~~ ^
1 error generated.
make: *** [src/character.o] Error 1
"make all" terminated with exit code 2. Build might be incomplete.
10:34:16 **** Incremental Build of configuration Debug for project Giochino ****
make all 
Building file: ../src/character.cpp
Invoking: GCC C++ Compiler
g++ -O0 -g3 -Wall -c -fmessage-length=0 -MMD -MP -MF"src/character.d" -MT"src/character.o" -o "src/character.o" "../src/character.cpp"
In file included from ../src/character.cpp:3:
../src/main.cpp:41:13: error: no member named 'draw' in 'Map'
        map.draw();
        ~~~ ^
1 error generated.
make: *** [src/character.o] Error 1
"make all" terminated with exit code 2. Build might be incomplete.
10:34:21 **** Incremental Build of configuration Debug for project Giochino ****
make all 
Building file: ../src/character.cpp
Invoking: GCC C++ Compiler
g++ -O0 -g3 -Wall -c -fmessage-length=0 -MMD -MP -MF"src/character.d" -MT"src/character.o" -o "src/character.o" "../src/character.cpp"
In file included from ../src/character.cpp:3:
../src/main.cpp:41:18: error: too few arguments to function call, expected 3, have 0
        map.draw();
        ~~~~~~~~ ^
../src/map.hpp:17:10: note: 'draw' declared here
    void draw(int x, int y, char c);
         ^
1 error generated.
make: *** [src/character.o] Error 1
"make all" terminated with exit code 2. Build might be incomplete.
10:34:38 **** Incremental Build of configuration Debug for project Giochino ****
make all 
Building file: ../src/character.cpp
Invoking: GCC C++ Compiler
g++ -O0 -g3 -Wall -c -fmessage-length=0 -MMD -MP -MF"src/character.d" -MT"src/character.o" -o "src/character.o" "../src/character.cpp"
In file included from ../src/character.cpp:3:
../src/main.cpp:41:18: error: too few arguments to function call, expected 3, have 0
        map.draw();
        ~~~~~~~~ ^
../src/map.hpp:17:10: note: 'draw' declared here
    void draw(int x, int y, char c);
         ^
1 error generated.
make: *** [src/character.o] Error 1
"make all" terminated with exit code 2. Build might be incomplete.
10:34:56 **** Incremental Build of configuration Debug for project Giochino ****
make all 
Building file: ../src/character.cpp
Invoking: GCC C++ Compiler
g++ -O0 -g3 -Wall -c -fmessage-length=0 -MMD -MP -MF"src/character.d" -MT"src/character.o" -o "src/character.o" "../src/character.cpp"
In file included from ../src/character.cpp:3:
../src/main.cpp:41:18: error: too few arguments to function call, expected 3, have 0
        map.draw();
        ~~~~~~~~ ^
../src/map.hpp:17:10: note: 'draw' declared here
    void draw(int x, int y, char ch);
         ^
1 error generated.
make: *** [src/character.o] Error 1
"make all" terminated with exit code 2. Build might be incomplete.
10:36:43 **** Incremental Build of configuration Debug for project Giochino ****
make all 
Building file: ../src/character.cpp
Invoking: GCC C++ Compiler
g++ -O0 -g3 -Wall -c -fmessage-length=0 -MMD -MP -MF"src/character.d" -MT"src/character.o" -o "src/character.o" "../src/character.cpp"
In file included from ../src/character.cpp:3:
../src/main.cpp:41:22: error: use of undeclared identifier 'P'
        map.draw(1,1,P);
                     ^
1 error generated.
make: *** [src/character.o] Error 1
"make all" terminated with exit code 2. Build might be incomplete.
10:36:52 **** Incremental Build of configuration Debug for project Giochino ****
make all 
Building file: ../src/character.cpp
Invoking: GCC C++ Compiler
g++ -O0 -g3 -Wall -c -fmessage-length=0 -MMD -MP -MF"src/character.d" -MT"src/character.o" -o "src/character.o" "../src/character.cpp"
In file included from ../src/character.cpp:3:
../src/main.cpp:41:22: error: use of undeclared identifier 'ch'
        map.draw(1,1,ch);
                     ^
1 error generated.
make: *** [src/character.o] Error 1
"make all" terminated with exit code 2. Build might be incomplete.
10:37:51 **** Incremental Build of configuration Debug for project Giochino ****
make all 
Building file: ../src/character.cpp
Invoking: GCC C++ Compiler
g++ -O0 -g3 -Wall -c -fmessage-length=0 -MMD -MP -MF"src/character.d" -MT"src/character.o" -o "src/character.o" "../src/character.cpp"
In file included from ../src/character.cpp:3:
In file included from ../src/main.cpp:3:
../src/map.hpp:17:5: error: C++ requires a type specifier for all declarations
    draw(int x, int y, char ch);
    ^
In file included from ../src/character.cpp:3:
../src/main.cpp:41:22: error: use of undeclared identifier 'ch'
        map.draw(1,1,ch);
                     ^
2 errors generated.
make: *** [src/character.o] Error 1
"make all" terminated with exit code 2. Build might be incomplete.
10:38:00 **** Incremental Build of configuration Debug for project Giochino ****
make all 
Building file: ../src/character.cpp
Invoking: GCC C++ Compiler
g++ -O0 -g3 -Wall -c -fmessage-length=0 -MMD -MP -MF"src/character.d" -MT"src/character.o" -o "src/character.o" "../src/character.cpp"
In file included from ../src/character.cpp:3:
../src/main.cpp:41:22: error: use of undeclared identifier 'ch'
        map.draw(1,1,ch);
                     ^
1 error generated.
make: *** [src/character.o] Error 1
"make all" terminated with exit code 2. Build might be incomplete.
10:38:23 **** Incremental Build of configuration Debug for project Giochino ****
make all 
Building file: ../src/character.cpp
Invoking: GCC C++ Compiler
g++ -O0 -g3 -Wall -c -fmessage-length=0 -MMD -MP -MF"src/character.d" -MT"src/character.o" -o "src/character.o" "../src/character.cpp"
In file included from ../src/character.cpp:3:
../src/main.cpp:41:22: error: use of undeclared identifier 'ch'
        map.draw(1,1,ch);
                     ^
1 error generated.
make: *** [src/character.o] Error 1
"make all" terminated with exit code 2. Build might be incomplete.
10:39:18 **** Incremental Build of configuration Debug for project Giochino ****
make all 
Building file: ../src/character.cpp
Invoking: GCC C++ Compiler
g++ -O0 -g3 -Wall -c -fmessage-length=0 -MMD -MP -MF"src/character.d" -MT"src/character.o" -o "src/character.o" "../src/character.cpp"
In file included from ../src/character.cpp:3:
../src/main.cpp:41:22: error: use of undeclared identifier 'P'
        map.draw(1,1,P);
                     ^
1 error generated.
make: *** [src/character.o] Error 1
"make all" terminated with exit code 2. Build might be incomplete.
10:39:29 **** Incremental Build of configuration Debug for project Giochino ****
make all 
Building file: ../src/character.cpp
Invoking: GCC C++ Compiler
g++ -O0 -g3 -Wall -c -fmessage-length=0 -MMD -MP -MF"src/character.d" -MT"src/character.o" -o "src/character.o" "../src/character.cpp"
In file included from ../src/character.cpp:3:
../src/main.cpp:41:18: error: too few arguments to function call, expected 3, have 0
        map.draw();
        ~~~~~~~~ ^
../src/map.hpp:17:10: note: 'draw' declared here
    void draw(int x, int y, char ch);
         ^
1 error generated.
make: *** [src/character.o] Error 1
"make all" terminated with exit code 2. Build might be incomplete.
10:39:35 **** Incremental Build of configuration Debug for project Giochino ****
make all 
Building file: ../src/character.cpp
Invoking: GCC C++ Compiler
g++ -O0 -g3 -Wall -c -fmessage-length=0 -MMD -MP -MF"src/character.d" -MT"src/character.o" -o "src/character.o" "../src/character.cpp"
In file included from ../src/character.cpp:3:
../src/main.cpp:41:22: error: use of undeclared identifier 'P'
        map.draw(1,1,P );
                     ^
1 error generated.
make: *** [src/character.o] Error 1
"make all" terminated with exit code 2. Build might be incomplete.
10:47:55 **** Incremental Build of configuration Debug for project Giochino ****
make all 
Building file: ../src/character.cpp
Invoking: GCC C++ Compiler
g++ -O0 -g3 -Wall -c -fmessage-length=0 -MMD -MP -MF"src/character.d" -MT"src/character.o" -o "src/character.o" "../src/character.cpp"
In file included from ../src/character.cpp:3:
../src/main.cpp:41:25: error: 'x_pos' is a private member of 'Character'
        map.draw(player.x_pos, player.y_pos, 'P');
                        ^
../src/character.hpp:22:9: note: declared private here
    int x_pos, y_pos;
        ^
In file included from ../src/character.cpp:3:
../src/main.cpp:41:39: error: 'y_pos' is a private member of 'Character'
        map.draw(player.x_pos, player.y_pos, 'P');
                                      ^
../src/character.hpp:22:16: note: declared private here
    int x_pos, y_pos;
               ^
2 errors generated.
make: *** [src/character.o] Error 1
"make all" terminated with exit code 2. Build might be incomplete.
10:48:19 **** Incremental Build of configuration Debug for project Giochino ****
make all 
Building file: ../src/character.cpp
Invoking: GCC C++ Compiler
g++ -O0 -g3 -Wall -c -fmessage-length=0 -MMD -MP -MF"src/character.d" -MT"src/character.o" -o "src/character.o" "../src/character.cpp"
Finished building: ../src/character.cpp
 
Building file: ../src/main.cpp
Invoking: GCC C++ Compiler
g++ -O0 -g3 -Wall -c -fmessage-length=0 -MMD -MP -MF"src/main.d" -MT"src/main.o" -o "src/main.o" "../src/main.cpp"
Finished building: ../src/main.cpp
 
Building file: ../src/map.cpp
Invoking: GCC C++ Compiler
g++ -O0 -g3 -Wall -c -fmessage-length=0 -MMD -MP -MF"src/map.d" -MT"src/map.o" -o "src/map.o" "../src/map.cpp"
Finished building: ../src/map.cpp
 
Building target: Giochino
Invoking: MacOS X C++ Linker
g++  -o "Giochino"  ./src/character.o ./src/main.o ./src/map.o    -lncurses
duplicate symbol '_main' in:
    ./src/character.o
    ./src/main.o
ld: 1 duplicate symbol for architecture arm64
clang: error: linker command failed with exit code 1 (use -v to see invocation)
make: *** [Giochino] Error 1
"make all" terminated with exit code 2. Build might be incomplete.
10:48:57 **** Incremental Build of configuration Debug for project Giochino ****
make all 
Building target: Giochino
Invoking: MacOS X C++ Linker
g++  -o "Giochino"  ./src/character.o ./src/main.o ./src/map.o    -lncurses
duplicate symbol '_main' in:
    ./src/character.o
    ./src/main.o
ld: 1 duplicate symbol for architecture arm64
clang: error: linker command failed with exit code 1 (use -v to see invocation)
make: *** [Giochino] Error 1
"make all" terminated with exit code 2. Build might be incomplete.
10:48:58 **** Incremental Build of configuration Debug for project Giochino ****
make all 
Building target: Giochino
Invoking: MacOS X C++ Linker
g++  -o "Giochino"  ./src/character.o ./src/main.o ./src/map.o    -lncurses
duplicate symbol '_main' in:
    ./src/character.o
    ./src/main.o
ld: 1 duplicate symbol for architecture arm64
clang: error: linker command failed with exit code 1 (use -v to see invocation)
make: *** [Giochino] Error 1
"make all" terminated with exit code 2. Build might be incomplete.
10:49:51 **** Incremental Build of configuration Debug for project Giochino ****
make all 
Building file: ../src/character.cpp
Invoking: GCC C++ Compiler
g++ -O0 -g3 -Wall -c -fmessage-length=0 -MMD -MP -MF"src/character.d" -MT"src/character.o" -o "src/character.o" "../src/character.cpp"
../src/character.cpp:16:17: error: use of undeclared identifier 'dim_colonna'
    if (x_pos < dim_colonna - 2) { // controlla che il personaggio non vada fuori dalla cornice
                ^
../src/character.cpp:28:17: error: use of undeclared identifier 'dim_riga'
    if (y_pos < dim_riga - 2) { // controlla che il personaggio non vada fuori dalla cornice
                ^
2 errors generated.
make: *** [src/character.o] Error 1
"make all" terminated with exit code 2. Build might be incomplete.
10:50:05 **** Incremental Build of configuration Debug for project Giochino ****
make all 
Building file: ../src/character.cpp
Invoking: GCC C++ Compiler
g++ -O0 -g3 -Wall -c -fmessage-length=0 -MMD -MP -MF"src/character.d" -MT"src/character.o" -o "src/character.o" "../src/character.cpp"
../src/character.cpp:16:17: error: use of undeclared identifier 'dim_colonna'
    if (x_pos < dim_colonna - 2) { // controlla che il personaggio non vada fuori dalla cornice
                ^
../src/character.cpp:28:17: error: use of undeclared identifier 'dim_riga'
    if (y_pos < dim_riga - 2) { // controlla che il personaggio non vada fuori dalla cornice
                ^
2 errors generated.
make: *** [src/character.o] Error 1
"make all" terminated with exit code 2. Build might be incomplete.
10:50:10 **** Incremental Build of configuration Debug for project Giochino ****
make all 
Building file: ../src/character.cpp
Invoking: GCC C++ Compiler
g++ -O0 -g3 -Wall -c -fmessage-length=0 -MMD -MP -MF"src/character.d" -MT"src/character.o" -o "src/character.o" "../src/character.cpp"
Finished building: ../src/character.cpp
 
Building target: Giochino
Invoking: MacOS X C++ Linker
g++  -o "Giochino"  ./src/character.o ./src/main.o ./src/map.o    -lncurses
Finished building target: Giochino
 
10:50:12 **** Incremental Build of configuration Debug for project Giochino ****
make all 
make: Nothing to be done for `all'.
10:50:17 **** Incremental Build of configuration Debug for project Giochino ****
make all 
make: Nothing to be done for `all'.
10:50:19 **** Incremental Build of configuration Debug for project Giochino ****
make all 
make: Nothing to be done for `all'.
10:50:21 **** Incremental Build of configuration Debug for project Giochino ****
make all 
Building file: ../src/map.cpp
Invoking: GCC C++ Compiler
g++ -O0 -g3 -Wall -c -fmessage-length=0 -MMD -MP -MF"src/map.d" -MT"src/map.o" -o "src/map.o" "../src/map.cpp"
Finished building: ../src/map.cpp
 
Building target: Giochino
Invoking: MacOS X C++ Linker
g++  -o "Giochino"  ./src/character.o ./src/main.o ./src/map.o    -lncurses
Undefined symbols for architecture arm64:
  "Map::draw(int, int, char)", referenced from:
      _main in main.o
ld: symbol(s) not found for architecture arm64
clang: error: linker command failed with exit code 1 (use -v to see invocation)
make: *** [Giochino] Error 1
"make all" terminated with exit code 2. Build might be incomplete.
10:50:24 **** Incremental Build of configuration Debug for project Giochino ****
make all 
Building target: Giochino
Invoking: MacOS X C++ Linker
g++  -o "Giochino"  ./src/character.o ./src/main.o ./src/map.o    -lncurses
Undefined symbols for architecture arm64:
  "Map::draw(int, int, char)", referenced from:
      _main in main.o
ld: symbol(s) not found for architecture arm64
clang: error: linker command failed with exit code 1 (use -v to see invocation)
make: *** [Giochino] Error 1
"make all" terminated with exit code 2. Build might be incomplete.
10:50:25 **** Incremental Build of configuration Debug for project Giochino ****
make all 
Building target: Giochino
Invoking: MacOS X C++ Linker
g++  -o "Giochino"  ./src/character.o ./src/main.o ./src/map.o    -lncurses
Undefined symbols for architecture arm64:
  "Map::draw(int, int, char)", referenced from:
      _main in main.o
ld: symbol(s) not found for architecture arm64
clang: error: linker command failed with exit code 1 (use -v to see invocation)
make: *** [Giochino] Error 1
"make all" terminated with exit code 2. Build might be incomplete.
10:50:41 **** Incremental Build of configuration Debug for project Giochino ****
make all 
Building file: ../src/main.cpp
Invoking: GCC C++ Compiler
g++ -O0 -g3 -Wall -c -fmessage-length=0 -MMD -MP -MF"src/main.d" -MT"src/main.o" -o "src/main.o" "../src/main.cpp"
Finished building: ../src/main.cpp
 
Building file: ../src/map.cpp
Invoking: GCC C++ Compiler
g++ -O0 -g3 -Wall -c -fmessage-length=0 -MMD -MP -MF"src/map.d" -MT"src/map.o" -o "src/map.o" "../src/map.cpp"
Finished building: ../src/map.cpp
 
Building target: Giochino
Invoking: MacOS X C++ Linker
g++  -o "Giochino"  ./src/character.o ./src/main.o ./src/map.o    -lncurses
Undefined symbols for architecture arm64:
  "Map::draw(int, int, char)", referenced from:
      _main in main.o
ld: symbol(s) not found for architecture arm64
clang: error: linker command failed with exit code 1 (use -v to see invocation)
make: *** [Giochino] Error 1
"make all" terminated with exit code 2. Build might be incomplete.
10:50:43 **** Incremental Build of configuration Debug for project Giochino ****
make all 
Building target: Giochino
Invoking: MacOS X C++ Linker
g++  -o "Giochino"  ./src/character.o ./src/main.o ./src/map.o    -lncurses
Undefined symbols for architecture arm64:
  "Map::draw(int, int, char)", referenced from:
      _main in main.o
ld: symbol(s) not found for architecture arm64
clang: error: linker command failed with exit code 1 (use -v to see invocation)
make: *** [Giochino] Error 1
"make all" terminated with exit code 2. Build might be incomplete.
10:50:45 **** Incremental Build of configuration Debug for project Giochino ****
make all 
Building target: Giochino
Invoking: MacOS X C++ Linker
g++  -o "Giochino"  ./src/character.o ./src/main.o ./src/map.o    -lncurses
Undefined symbols for architecture arm64:
  "Map::draw(int, int, char)", referenced from:
      _main in main.o
ld: symbol(s) not found for architecture arm64
clang: error: linker command failed with exit code 1 (use -v to see invocation)
make: *** [Giochino] Error 1
"make all" terminated with exit code 2. Build might be incomplete.
10:52:30 **** Incremental Build of configuration Debug for project Giochino ****
make all 
Building file: ../src/main.cpp
Invoking: GCC C++ Compiler
g++ -O0 -g3 -Wall -c -fmessage-length=0 -MMD -MP -MF"src/main.d" -MT"src/main.o" -o "src/main.o" "../src/main.cpp"
Finished building: ../src/main.cpp
 
Building file: ../src/map.cpp
Invoking: GCC C++ Compiler
g++ -O0 -g3 -Wall -c -fmessage-length=0 -MMD -MP -MF"src/map.d" -MT"src/map.o" -o "src/map.o" "../src/map.cpp"
Finished building: ../src/map.cpp
 
Building target: Giochino
Invoking: MacOS X C++ Linker
g++  -o "Giochino"  ./src/character.o ./src/main.o ./src/map.o    -lncurses
Undefined symbols for architecture arm64:
  "Map::draw(int, int, char)", referenced from:
      _main in main.o
ld: symbol(s) not found for architecture arm64
clang: error: linker command failed with exit code 1 (use -v to see invocation)
make: *** [Giochino] Error 1
"make all" terminated with exit code 2. Build might be incomplete.
10:52:37 **** Incremental Build of configuration Debug for project Giochino ****
make all 
Building file: ../src/main.cpp
Invoking: GCC C++ Compiler
g++ -O0 -g3 -Wall -c -fmessage-length=0 -MMD -MP -MF"src/main.d" -MT"src/main.o" -o "src/main.o" "../src/main.cpp"
Finished building: ../src/main.cpp
 
Building file: ../src/map.cpp
Invoking: GCC C++ Compiler
g++ -O0 -g3 -Wall -c -fmessage-length=0 -MMD -MP -MF"src/map.d" -MT"src/map.o" -o "src/map.o" "../src/map.cpp"
Finished building: ../src/map.cpp
 
Building target: Giochino
Invoking: MacOS X C++ Linker
g++  -o "Giochino"  ./src/character.o ./src/main.o ./src/map.o    -lncurses
Undefined symbols for architecture arm64:
  "Map::draw(int, int, char)", referenced from:
      _main in main.o
ld: symbol(s) not found for architecture arm64
clang: error: linker command failed with exit code 1 (use -v to see invocation)
make: *** [Giochino] Error 1
"make all" terminated with exit code 2. Build might be incomplete.
10:53:05 **** Incremental Build of configuration Debug for project Giochino ****
make all 
Building target: Giochino
Invoking: MacOS X C++ Linker
g++  -o "Giochino"  ./src/character.o ./src/main.o ./src/map.o    -lncurses
Undefined symbols for architecture arm64:
  "Map::draw(int, int, char)", referenced from:
      _main in main.o
ld: symbol(s) not found for architecture arm64
clang: error: linker command failed with exit code 1 (use -v to see invocation)
make: *** [Giochino] Error 1
"make all" terminated with exit code 2. Build might be incomplete.
10:54:53 **** Incremental Build of configuration Debug for project Giochino ****
make all 
Building file: ../src/main.cpp
Invoking: GCC C++ Compiler
g++ -O0 -g3 -Wall -c -fmessage-length=0 -MMD -MP -MF"src/main.d" -MT"src/main.o" -o "src/main.o" "../src/main.cpp"
Finished building: ../src/main.cpp
 
Building target: Giochino
Invoking: MacOS X C++ Linker
g++  -o "Giochino"  ./src/character.o ./src/main.o ./src/map.o    -lncurses
Undefined symbols for architecture arm64:
  "Map::draw(int, int, char)", referenced from:
      _main in main.o
ld: symbol(s) not found for architecture arm64
clang: error: linker command failed with exit code 1 (use -v to see invocation)
make: *** [Giochino] Error 1
"make all" terminated with exit code 2. Build might be incomplete.
10:55:00 **** Incremental Build of configuration Debug for project Giochino ****
make all 
Building file: ../src/main.cpp
Invoking: GCC C++ Compiler
g++ -O0 -g3 -Wall -c -fmessage-length=0 -MMD -MP -MF"src/main.d" -MT"src/main.o" -o "src/main.o" "../src/main.cpp"
Finished building: ../src/main.cpp
 
Building target: Giochino
Invoking: MacOS X C++ Linker
g++  -o "Giochino"  ./src/character.o ./src/main.o ./src/map.o    -lncurses
Undefined symbols for architecture arm64:
  "Map::draw(int, int, char)", referenced from:
      _main in main.o
ld: symbol(s) not found for architecture arm64
clang: error: linker command failed with exit code 1 (use -v to see invocation)
make: *** [Giochino] Error 1
"make all" terminated with exit code 2. Build might be incomplete.
10:55:41 **** Incremental Build of configuration Debug for project Giochino ****
make all 
Building file: ../src/main.cpp
Invoking: GCC C++ Compiler
g++ -O0 -g3 -Wall -c -fmessage-length=0 -MMD -MP -MF"src/main.d" -MT"src/main.o" -o "src/main.o" "../src/main.cpp"
../src/main.cpp:41:13: error: use of undeclared identifier 'draw'
        map:draw(player.x_pos, player.y_pos, 'P');
            ^
1 error generated.
make: *** [src/main.o] Error 1
"make all" terminated with exit code 2. Build might be incomplete.
10:55:51 **** Incremental Build of configuration Debug for project Giochino ****
make all 
Building file: ../src/main.cpp
Invoking: GCC C++ Compiler
g++ -O0 -g3 -Wall -c -fmessage-length=0 -MMD -MP -MF"src/main.d" -MT"src/main.o" -o "src/main.o" "../src/main.cpp"
../src/main.cpp:41:13: error: use of undeclared identifier 'draw'
        map:draw(player.x_pos, player.y_pos, 'P');
            ^
1 error generated.
make: *** [src/main.o] Error 1
"make all" terminated with exit code 2. Build might be incomplete.
10:55:56 **** Incremental Build of configuration Debug for project Giochino ****
make all 
Building file: ../src/main.cpp
Invoking: GCC C++ Compiler
g++ -O0 -g3 -Wall -c -fmessage-length=0 -MMD -MP -MF"src/main.d" -MT"src/main.o" -o "src/main.o" "../src/main.cpp"
Finished building: ../src/main.cpp
 
Building target: Giochino
Invoking: MacOS X C++ Linker
g++  -o "Giochino"  ./src/character.o ./src/main.o ./src/map.o    -lncurses
Undefined symbols for architecture arm64:
  "Map::draw(int, int, char)", referenced from:
      _main in main.o
ld: symbol(s) not found for architecture arm64
clang: error: linker command failed with exit code 1 (use -v to see invocation)
make: *** [Giochino] Error 1
"make all" terminated with exit code 2. Build might be incomplete.
11:00:47 **** Incremental Build of configuration Debug for project Giochino ****
make all 
Building target: Giochino
Invoking: MacOS X C++ Linker
g++  -o "Giochino"    -lncurses
Undefined symbols for architecture arm64:
  "_main", referenced from:
     implicit entry/start for main executable
ld: symbol(s) not found for architecture arm64
clang: error: linker command failed with exit code 1 (use -v to see invocation)
make: *** [Giochino] Error 1
"make all" terminated with exit code 2. Build might be incomplete.
11:00:49 **** Incremental Build of configuration Debug for project Giochino ****
make all 
Building file: ../src/character.cpp
Invoking: GCC C++ Compiler
g++ -O0 -g3 -Wall -c -fmessage-length=0 -MMD -MP -MF"src/character.d" -MT"src/character.o" -o "src/character.o" "../src/character.cpp"
Finished building: ../src/character.cpp
 
Building file: ../src/main.cpp
Invoking: GCC C++ Compiler
g++ -O0 -g3 -Wall -c -fmessage-length=0 -MMD -MP -MF"src/main.d" -MT"src/main.o" -o "src/main.o" "../src/main.cpp"
Finished building: ../src/main.cpp
 
Building file: ../src/map.cpp
Invoking: GCC C++ Compiler
g++ -O0 -g3 -Wall -c -fmessage-length=0 -MMD -MP -MF"src/map.d" -MT"src/map.o" -o "src/map.o" "../src/map.cpp"
Finished building: ../src/map.cpp
 
Building target: Giochino
Invoking: MacOS X C++ Linker
g++  -o "Giochino"  ./src/character.o ./src/main.o ./src/map.o    -lncurses
Undefined symbols for architecture arm64:
  "Map::draw(int, int, char)", referenced from:
      _main in main.o
ld: symbol(s) not found for architecture arm64
clang: error: linker command failed with exit code 1 (use -v to see invocation)
make: *** [Giochino] Error 1
"make all" terminated with exit code 2. Build might be incomplete.
11:01:32 **** Incremental Build of configuration Debug for project Giochino ****
make all 
Building target: Giochino
Invoking: MacOS X C++ Linker
g++  -o "Giochino"  ./src/character.o ./src/main.o ./src/map.o    -lncurses
Undefined symbols for architecture arm64:
  "Map::draw(int, int, char)", referenced from:
      _main in main.o
ld: symbol(s) not found for architecture arm64
clang: error: linker command failed with exit code 1 (use -v to see invocation)
make: *** [Giochino] Error 1
"make all" terminated with exit code 2. Build might be incomplete.
11:01:44 **** Incremental Build of configuration Debug for project Giochino ****
make all 
Building file: ../src/main.cpp
Invoking: GCC C++ Compiler
g++ -O0 -g3 -Wall -c -fmessage-length=0 -MMD -MP -MF"src/main.d" -MT"src/main.o" -o "src/main.o" "../src/main.cpp"
../src/main.cpp:41:13: error: use of undeclared identifier 'draw'
        Map:draw(player.x_pos, player.y_pos, 'P');
            ^
1 error generated.
make: *** [src/main.o] Error 1
"make all" terminated with exit code 2. Build might be incomplete.
11:01:55 **** Incremental Build of configuration Debug for project Giochino ****
make all 
Building file: ../src/main.cpp
Invoking: GCC C++ Compiler
g++ -O0 -g3 -Wall -c -fmessage-length=0 -MMD -MP -MF"src/main.d" -MT"src/main.o" -o "src/main.o" "../src/main.cpp"
Finished building: ../src/main.cpp
 
Building target: Giochino
Invoking: MacOS X C++ Linker
g++  -o "Giochino"  ./src/character.o ./src/main.o ./src/map.o    -lncurses
Undefined symbols for architecture arm64:
  "Map::draw(int, int, char)", referenced from:
      _main in main.o
ld: symbol(s) not found for architecture arm64
clang: error: linker command failed with exit code 1 (use -v to see invocation)
make: *** [Giochino] Error 1
"make all" terminated with exit code 2. Build might be incomplete.
11:02:41 **** Incremental Build of configuration Debug for project Giochino ****
make all 
Building file: ../src/map.cpp
Invoking: GCC C++ Compiler
g++ -O0 -g3 -Wall -c -fmessage-length=0 -MMD -MP -MF"src/map.d" -MT"src/map.o" -o "src/map.o" "../src/map.cpp"
../src/map.cpp:36:18: error: expected '(' for function-style cast or type construction
    Map::draw(int, int, char)
              ~~~^
../src/map.cpp:36:23: error: expected '(' for function-style cast or type construction
    Map::draw(int, int, char)
                   ~~~^
../src/map.cpp:36:29: error: expected '(' for function-style cast or type construction
    Map::draw(int, int, char)
                        ~~~~^
3 errors generated.
make: *** [src/map.o] Error 1
"make all" terminated with exit code 2. Build might be incomplete.
11:02:48 **** Incremental Build of configuration Debug for project Giochino ****
make all 
Building file: ../src/map.cpp
Invoking: GCC C++ Compiler
g++ -O0 -g3 -Wall -c -fmessage-length=0 -MMD -MP -MF"src/map.d" -MT"src/map.o" -o "src/map.o" "../src/map.cpp"
Finished building: ../src/map.cpp
 
Building target: Giochino
Invoking: MacOS X C++ Linker
g++  -o "Giochino"  ./src/character.o ./src/main.o ./src/map.o    -lncurses
Undefined symbols for architecture arm64:
  "Map::draw(int, int, char)", referenced from:
      _main in main.o
ld: symbol(s) not found for architecture arm64
clang: error: linker command failed with exit code 1 (use -v to see invocation)
make: *** [Giochino] Error 1
"make all" terminated with exit code 2. Build might be incomplete.
11:03:02 **** Incremental Build of configuration Debug for project Giochino ****
make all 
Building file: ../src/character.cpp
Invoking: GCC C++ Compiler
g++ -O0 -g3 -Wall -c -fmessage-length=0 -MMD -MP -MF"src/character.d" -MT"src/character.o" -o "src/character.o" "../src/character.cpp"
../src/character.cpp:17:17: error: use of undeclared identifier 'dim_colonna'
    if (x_pos < dim_colonna - 2) { // controlla che il personaggio non vada fuori dalla cornice
                ^
../src/character.cpp:29:17: error: use of undeclared identifier 'dim_riga'
    if (y_pos < dim_riga - 2) { // controlla che il personaggio non vada fuori dalla cornice
                ^
2 errors generated.
make: *** [src/character.o] Error 1
"make all" terminated with exit code 2. Build might be incomplete.
11:03:08 **** Incremental Build of configuration Debug for project Giochino ****
make all 
Building file: ../src/character.cpp
Invoking: GCC C++ Compiler
g++ -O0 -g3 -Wall -c -fmessage-length=0 -MMD -MP -MF"src/character.d" -MT"src/character.o" -o "src/character.o" "../src/character.cpp"
Finished building: ../src/character.cpp
 
Building target: Giochino
Invoking: MacOS X C++ Linker
g++  -o "Giochino"  ./src/character.o ./src/main.o ./src/map.o    -lncurses
Undefined symbols for architecture arm64:
  "Map::draw(int, int, char)", referenced from:
      _main in main.o
ld: symbol(s) not found for architecture arm64
clang: error: linker command failed with exit code 1 (use -v to see invocation)
make: *** [Giochino] Error 1
"make all" terminated with exit code 2. Build might be incomplete.
11:05:28 **** Incremental Build of configuration Debug for project Giochino ****
make all 
Building file: ../src/map.cpp
Invoking: GCC C++ Compiler
g++ -O0 -g3 -Wall -c -fmessage-length=0 -MMD -MP -MF"src/map.d" -MT"src/map.o" -o "src/map.o" "../src/map.cpp"
../src/map.cpp:36:10: fatal error: 'map.h' file not found
#include "map.h"
         ^~~~~~~
1 error generated.
make: *** [src/map.o] Error 1
"make all" terminated with exit code 2. Build might be incomplete.
11:05:37 **** Incremental Build of configuration Debug for project Giochino ****
make all 
Building file: ../src/map.cpp
Invoking: GCC C++ Compiler
g++ -O0 -g3 -Wall -c -fmessage-length=0 -MMD -MP -MF"src/map.d" -MT"src/map.o" -o "src/map.o" "../src/map.cpp"
../src/map.cpp:37:38: error: function definition is not allowed here
void Map::draw(int x, int y, char c) {
                                     ^
1 error generated.
make: *** [src/map.o] Error 1
"make all" terminated with exit code 2. Build might be incomplete.
11:06:25 **** Incremental Build of configuration Debug for project Giochino ****
make all 
Building file: ../src/map.cpp
Invoking: GCC C++ Compiler
g++ -O0 -g3 -Wall -c -fmessage-length=0 -MMD -MP -MF"src/map.d" -MT"src/map.o" -o "src/map.o" "../src/map.cpp"
../src/map.cpp:44:23: error: use of undeclared identifier 'width'
    if (x < 0 || x >= width || y < 0 || y >= height) {
                      ^
../src/map.cpp:44:46: error: use of undeclared identifier 'height'
    if (x < 0 || x >= width || y < 0 || y >= height) {
                                             ^
../src/map.cpp:49:5: error: use of undeclared identifier 'cells'
    cells[y][x] = c;
    ^
3 errors generated.
make: *** [src/map.o] Error 1
"make all" terminated with exit code 2. Build might be incomplete.
11:06:37 **** Incremental Build of configuration Debug for project Giochino ****
make all 
Building file: ../src/map.cpp
Invoking: GCC C++ Compiler
g++ -O0 -g3 -Wall -c -fmessage-length=0 -MMD -MP -MF"src/map.d" -MT"src/map.o" -o "src/map.o" "../src/map.cpp"
Finished building: ../src/map.cpp
 
Building target: Giochino
Invoking: MacOS X C++ Linker
g++  -o "Giochino"  ./src/character.o ./src/main.o ./src/map.o    -lncurses
Undefined symbols for architecture arm64:
  "Map::draw(int, int, char)", referenced from:
      _main in main.o
ld: symbol(s) not found for architecture arm64
clang: error: linker command failed with exit code 1 (use -v to see invocation)
make: *** [Giochino] Error 1
"make all" terminated with exit code 2. Build might be incomplete.
11:08:20 **** Incremental Build of configuration Debug for project Giochino ****
make all 
Building file: ../src/map.cpp
Invoking: GCC C++ Compiler
g++ -O0 -g3 -Wall -c -fmessage-length=0 -MMD -MP -MF"src/map.d" -MT"src/map.o" -o "src/map.o" "../src/map.cpp"
Finished building: ../src/map.cpp
 
Building target: Giochino
Invoking: MacOS X C++ Linker
g++  -o "Giochino"  ./src/character.o ./src/main.o ./src/map.o    -lncurses
Finished building target: Giochino
 
11:08:24 **** Incremental Build of configuration Debug for project Giochino ****
make all 
make: Nothing to be done for `all'.
11:08:25 **** Incremental Build of configuration Debug for project Giochino ****
make all 
make: Nothing to be done for `all'.
11:08:28 **** Incremental Build of configuration Debug for project Giochino ****
make all 
make: Nothing to be done for `all'.
11:13:08 **** Incremental Build of configuration Debug for project Giochino ****
make all 
Building file: ../src/main.cpp
Invoking: GCC C++ Compiler
g++ -O0 -g3 -Wall -c -fmessage-length=0 -MMD -MP -MF"src/main.d" -MT"src/main.o" -o "src/main.o" "../src/main.cpp"
../src/main.cpp:49:5: error: C++ requires a type specifier for all declarations
    endwin();
    ^
../src/main.cpp:50:1: error: extraneous closing brace ('}')
}
^
2 errors generated.
make: *** [src/main.o] Error 1
"make all" terminated with exit code 2. Build might be incomplete.
11:13:26 **** Incremental Build of configuration Debug for project Giochino ****
make all 
Building file: ../src/main.cpp
Invoking: GCC C++ Compiler
g++ -O0 -g3 -Wall -c -fmessage-length=0 -MMD -MP -MF"src/main.d" -MT"src/main.o" -o "src/main.o" "../src/main.cpp"
Finished building: ../src/main.cpp
 
Building target: Giochino
Invoking: MacOS X C++ Linker
g++  -o "Giochino"  ./src/character.o ./src/main.o ./src/map.o    -lncurses
Finished building target: Giochino
 
11:13:30 **** Incremental Build of configuration Debug for project Giochino ****
make all 
make: Nothing to be done for `all'.
11:14:19 **** Incremental Build of configuration Debug for project Giochino ****
make all 
make: Nothing to be done for `all'.
11:15:59 **** Incremental Build of configuration Debug for project Giochino ****
make all 
Building file: ../src/main.cpp
Invoking: GCC C++ Compiler
g++ -O0 -g3 -Wall -c -fmessage-length=0 -MMD -MP -MF"src/main.d" -MT"src/main.o" -o "src/main.o" "../src/main.cpp"
Finished building: ../src/main.cpp
 
Building target: Giochino
Invoking: MacOS X C++ Linker
g++  -o "Giochino"  ./src/character.o ./src/main.o ./src/map.o    -lncurses
Finished building target: Giochino
 
11:16:21 **** Incremental Build of configuration Debug for project Giochino ****
make all 
Building file: ../src/main.cpp
Invoking: GCC C++ Compiler
g++ -O0 -g3 -Wall -c -fmessage-length=0 -MMD -MP -MF"src/main.d" -MT"src/main.o" -o "src/main.o" "../src/main.cpp"
Finished building: ../src/main.cpp
 
Building target: Giochino
Invoking: MacOS X C++ Linker
g++  -o "Giochino"  ./src/character.o ./src/main.o ./src/map.o    -lncurses
Finished building target: Giochino
 
11:16:22 **** Incremental Build of configuration Debug for project Giochino ****
make all 
make: Nothing to be done for `all'.
11:17:50 **** Incremental Build of configuration Debug for project Giochino ****
make all 
Building file: ../src/main.cpp
Invoking: GCC C++ Compiler
g++ -O0 -g3 -Wall -c -fmessage-length=0 -MMD -MP -MF"src/main.d" -MT"src/main.o" -o "src/main.o" "../src/main.cpp"
../src/main.cpp:28:17: error: use of undeclared identifier 'character'
                character.moveLeft();
                ^
../src/main.cpp:31:17: error: use of undeclared identifier 'character'
                character.moveRight();
                ^
../src/main.cpp:34:17: error: use of undeclared identifier 'character'
                character.jump();
                ^
../src/main.cpp:42:9: error: use of undeclared identifier 'character'
        character.display();
        ^
4 errors generated.
make: *** [src/main.o] Error 1
"make all" terminated with exit code 2. Build might be incomplete.
11:18:04 **** Incremental Build of configuration Debug for project Giochino ****
make all 
Building file: ../src/main.cpp
Invoking: GCC C++ Compiler
g++ -O0 -g3 -Wall -c -fmessage-length=0 -MMD -MP -MF"src/main.d" -MT"src/main.o" -o "src/main.o" "../src/main.cpp"
Finished building: ../src/main.cpp
 
Building target: Giochino
Invoking: MacOS X C++ Linker
g++  -o "Giochino"  ./src/character.o ./src/main.o ./src/map.o    -lncurses
Finished building target: Giochino
 
11:20:52 **** Incremental Build of configuration Debug for project Giochino ****
make all 
Building file: ../src/main.cpp
Invoking: GCC C++ Compiler
g++ -O0 -g3 -Wall -c -fmessage-length=0 -MMD -MP -MF"src/main.d" -MT"src/main.o" -o "src/main.o" "../src/main.cpp"
../src/main.cpp:27:18: error: use of undeclared identifier 'A'
            case A:
                 ^
1 error generated.
make: *** [src/main.o] Error 1
"make all" terminated with exit code 2. Build might be incomplete.
11:22:38 **** Incremental Build of configuration Debug for project Giochino ****
make all 
Building file: ../src/main.cpp
Invoking: GCC C++ Compiler
g++ -O0 -g3 -Wall -c -fmessage-length=0 -MMD -MP -MF"src/main.d" -MT"src/main.o" -o "src/main.o" "../src/main.cpp"
Finished building: ../src/main.cpp
 
Building target: Giochino
Invoking: MacOS X C++ Linker
g++  -o "Giochino"  ./src/character.o ./src/main.o ./src/map.o    -lncurses
Finished building target: Giochino
 
11:25:24 **** Incremental Build of configuration Debug for project Giochino ****
make all 
Building file: ../src/map.cpp
Invoking: GCC C++ Compiler
g++ -O0 -g3 -Wall -c -fmessage-length=0 -MMD -MP -MF"src/map.d" -MT"src/map.o" -o "src/map.o" "../src/map.cpp"
Finished building: ../src/map.cpp
 
Building target: Giochino
Invoking: MacOS X C++ Linker
g++  -o "Giochino"  ./src/character.o ./src/main.o ./src/map.o    -lncurses
Finished building target: Giochino
 
11:26:09 **** Incremental Build of configuration Debug for project Giochino ****
make all 
Building file: ../src/map.cpp
Invoking: GCC C++ Compiler
g++ -O0 -g3 -Wall -c -fmessage-length=0 -MMD -MP -MF"src/map.d" -MT"src/map.o" -o "src/map.o" "../src/map.cpp"
Finished building: ../src/map.cpp
 
Building target: Giochino
Invoking: MacOS X C++ Linker
g++  -o "Giochino"  ./src/character.o ./src/main.o ./src/map.o    -lncurses
Finished building target: Giochino
 
11:26:28 **** Incremental Build of configuration Debug for project Giochino ****
make all 
Building file: ../src/character.cpp
Invoking: GCC C++ Compiler
g++ -O0 -g3 -Wall -c -fmessage-length=0 -MMD -MP -MF"src/character.d" -MT"src/character.o" -o "src/character.o" "../src/character.cpp"
Finished building: ../src/character.cpp
 
Building target: Giochino
Invoking: MacOS X C++ Linker
g++  -o "Giochino"  ./src/character.o ./src/main.o ./src/map.o    -lncurses
Finished building target: Giochino
 
11:27:04 **** Incremental Build of configuration Debug for project Giochino ****
make all 
Building file: ../src/character.cpp
Invoking: GCC C++ Compiler
g++ -O0 -g3 -Wall -c -fmessage-length=0 -MMD -MP -MF"src/character.d" -MT"src/character.o" -o "src/character.o" "../src/character.cpp"
Finished building: ../src/character.cpp
 
Building target: Giochino
Invoking: MacOS X C++ Linker
g++  -o "Giochino"  ./src/character.o ./src/main.o ./src/map.o    -lncurses
Finished building target: Giochino
 
11:29:02 **** Incremental Build of configuration Debug for project Giochino ****
make all 
Building file: ../src/character.cpp
Invoking: GCC C++ Compiler
g++ -O0 -g3 -Wall -c -fmessage-length=0 -MMD -MP -MF"src/character.d" -MT"src/character.o" -o "src/character.o" "../src/character.cpp"
../src/character.cpp:9:5: error: use of undeclared identifier 'x_pos_prev'
    x_pos_prev = x;
    ^
../src/character.cpp:10:5: error: use of undeclared identifier 'y_pos_prev'
    y_pos_prev = y;
    ^
../src/character.cpp:39:18: error: use of undeclared identifier 'x_pos_prev'
    if (x_pos != x_pos_prev || y_pos != y_pos_prev) {
                 ^
../src/character.cpp:39:41: error: use of undeclared identifier 'y_pos_prev'
    if (x_pos != x_pos_prev || y_pos != y_pos_prev) {
                                        ^
../src/character.cpp:40:17: error: use of undeclared identifier 'y_pos_prev'
        mvaddch(y_pos_prev, x_pos_prev, ' ');
                ^
../src/character.cpp:40:29: error: use of undeclared identifier 'x_pos_prev'
        mvaddch(y_pos_prev, x_pos_prev, ' ');
                            ^
../src/character.cpp:42:5: error: use of undeclared identifier 'x_pos_prev'
    x_pos_prev = x_pos;
    ^
../src/character.cpp:43:5: error: use of undeclared identifier 'y_pos_prev'
    y_pos_prev = y_pos;
    ^
8 errors generated.
make: *** [src/character.o] Error 1
"make all" terminated with exit code 2. Build might be incomplete.
11:32:19 **** Incremental Build of configuration Debug for project Giochino ****
make all 
Building file: ../src/character.cpp
Invoking: GCC C++ Compiler
g++ -O0 -g3 -Wall -c -fmessage-length=0 -MMD -MP -MF"src/character.d" -MT"src/character.o" -o "src/character.o" "../src/character.cpp"
../src/character.cpp:9:5: error: use of undeclared identifier 'x_pos_prev'
    x_pos_prev = x;
    ^
../src/character.cpp:10:5: error: use of undeclared identifier 'y_pos_prev'
    y_pos_prev = y;
    ^
../src/character.cpp:39:18: error: use of undeclared identifier 'x_pos_prev'
    if (x_pos != x_pos_prev || y_pos != y_pos_prev) {
                 ^
../src/character.cpp:39:41: error: use of undeclared identifier 'y_pos_prev'
    if (x_pos != x_pos_prev || y_pos != y_pos_prev) {
                                        ^
../src/character.cpp:40:17: error: use of undeclared identifier 'y_pos_prev'
        mvaddch(y_pos_prev, x_pos_prev, ' ');
                ^
../src/character.cpp:40:29: error: use of undeclared identifier 'x_pos_prev'
        mvaddch(y_pos_prev, x_pos_prev, ' ');
                            ^
../src/character.cpp:42:5: error: use of undeclared identifier 'x_pos_prev'
    x_pos_prev = x_pos;
    ^
../src/character.cpp:43:5: error: use of undeclared identifier 'y_pos_prev'
    y_pos_prev = y_pos;
    ^
8 errors generated.
make: *** [src/character.o] Error 1
"make all" terminated with exit code 2. Build might be incomplete.
11:32:21 **** Incremental Build of configuration Debug for project Giochino ****
make all 
Building file: ../src/character.cpp
Invoking: GCC C++ Compiler
g++ -O0 -g3 -Wall -c -fmessage-length=0 -MMD -MP -MF"src/character.d" -MT"src/character.o" -o "src/character.o" "../src/character.cpp"
../src/character.cpp:9:5: error: use of undeclared identifier 'x_pos_prev'
    x_pos_prev = x;
    ^
../src/character.cpp:10:5: error: use of undeclared identifier 'y_pos_prev'
    y_pos_prev = y;
    ^
../src/character.cpp:39:18: error: use of undeclared identifier 'x_pos_prev'
    if (x_pos != x_pos_prev || y_pos != y_pos_prev) {
                 ^
../src/character.cpp:39:41: error: use of undeclared identifier 'y_pos_prev'
    if (x_pos != x_pos_prev || y_pos != y_pos_prev) {
                                        ^
../src/character.cpp:40:17: error: use of undeclared identifier 'y_pos_prev'
        mvaddch(y_pos_prev, x_pos_prev, ' ');
                ^
../src/character.cpp:40:29: error: use of undeclared identifier 'x_pos_prev'
        mvaddch(y_pos_prev, x_pos_prev, ' ');
                            ^
../src/character.cpp:42:5: error: use of undeclared identifier 'x_pos_prev'
    x_pos_prev = x_pos;
    ^
../src/character.cpp:43:5: error: use of undeclared identifier 'y_pos_prev'
    y_pos_prev = y_pos;
    ^
8 errors generated.
make: *** [src/character.o] Error 1
"make all" terminated with exit code 2. Build might be incomplete.
11:33:59 **** Incremental Build of configuration Debug for project Giochino ****
make all 
Building file: ../src/character.cpp
Invoking: GCC C++ Compiler
g++ -O0 -g3 -Wall -c -fmessage-length=0 -MMD -MP -MF"src/character.d" -MT"src/character.o" -o "src/character.o" "../src/character.cpp"
../src/character.cpp:9:5: error: use of undeclared identifier 'x_pos_prev'; did you mean 'x_pos_prev_x'?
    x_pos_prev = x;
    ^~~~~~~~~~
    x_pos_prev_x
../src/character.hpp:21:9: note: 'x_pos_prev_x' declared here
    int x_pos_prev_x, y_pos_prev_y;
        ^
../src/character.cpp:10:5: error: use of undeclared identifier 'y_pos_prev'; did you mean 'y_pos_prev_y'?
    y_pos_prev = y;
    ^~~~~~~~~~
    y_pos_prev_y
../src/character.hpp:21:23: note: 'y_pos_prev_y' declared here
    int x_pos_prev_x, y_pos_prev_y;
                      ^
../src/character.cpp:39:18: error: use of undeclared identifier 'x_pos_prev'; did you mean 'x_pos_prev_x'?
    if (x_pos != x_pos_prev || y_pos != y_pos_prev) {
                 ^~~~~~~~~~
                 x_pos_prev_x
../src/character.hpp:21:9: note: 'x_pos_prev_x' declared here
    int x_pos_prev_x, y_pos_prev_y;
        ^
../src/character.cpp:39:41: error: use of undeclared identifier 'y_pos_prev'; did you mean 'y_pos_prev_y'?
    if (x_pos != x_pos_prev || y_pos != y_pos_prev) {
                                        ^~~~~~~~~~
                                        y_pos_prev_y
../src/character.hpp:21:23: note: 'y_pos_prev_y' declared here
    int x_pos_prev_x, y_pos_prev_y;
                      ^
../src/character.cpp:40:17: error: use of undeclared identifier 'y_pos_prev'; did you mean 'y_pos_prev_y'?
        mvaddch(y_pos_prev, x_pos_prev, ' ');
                ^~~~~~~~~~
                y_pos_prev_y
/Library/Developer/CommandLineTools/SDKs/MacOSX.sdk/usr/include/curses.h:1084:43: note: expanded from macro 'mvaddch'
#define mvaddch(y,x,ch)                 mvwaddch(stdscr,y,x,ch)
                                                        ^
/Library/Developer/CommandLineTools/SDKs/MacOSX.sdk/usr/include/curses.h:1063:42: note: expanded from macro 'mvwaddch'
#define mvwaddch(win,y,x,ch)            (wmove(win,y,x) == ERR ? ERR : waddch(win,ch))
                                                   ^
../src/character.hpp:21:23: note: 'y_pos_prev_y' declared here
    int x_pos_prev_x, y_pos_prev_y;
                      ^
../src/character.cpp:40:29: error: use of undeclared identifier 'x_pos_prev'; did you mean 'x_pos_prev_x'?
        mvaddch(y_pos_prev, x_pos_prev, ' ');
                            ^~~~~~~~~~
                            x_pos_prev_x
/Library/Developer/CommandLineTools/SDKs/MacOSX.sdk/usr/include/curses.h:1084:45: note: expanded from macro 'mvaddch'
#define mvaddch(y,x,ch)                 mvwaddch(stdscr,y,x,ch)
                                                          ^
/Library/Developer/CommandLineTools/SDKs/MacOSX.sdk/usr/include/curses.h:1063:44: note: expanded from macro 'mvwaddch'
#define mvwaddch(win,y,x,ch)            (wmove(win,y,x) == ERR ? ERR : waddch(win,ch))
                                                     ^
../src/character.hpp:21:9: note: 'x_pos_prev_x' declared here
    int x_pos_prev_x, y_pos_prev_y;
        ^
../src/character.cpp:42:5: error: use of undeclared identifier 'x_pos_prev'; did you mean 'x_pos_prev_x'?
    x_pos_prev = x_pos;
    ^~~~~~~~~~
    x_pos_prev_x
../src/character.hpp:21:9: note: 'x_pos_prev_x' declared here
    int x_pos_prev_x, y_pos_prev_y;
        ^
../src/character.cpp:43:5: error: use of undeclared identifier 'y_pos_prev'; did you mean 'y_pos_prev_y'?
    y_pos_prev = y_pos;
    ^~~~~~~~~~
    y_pos_prev_y
../src/character.hpp:21:23: note: 'y_pos_prev_y' declared here
    int x_pos_prev_x, y_pos_prev_y;
                      ^
8 errors generated.
make: *** [src/character.o] Error 1
"make all" terminated with exit code 2. Build might be incomplete.
11:35:14 **** Incremental Build of configuration Debug for project Giochino ****
make all 
Building file: ../src/character.cpp
Invoking: GCC C++ Compiler
g++ -O0 -g3 -Wall -c -fmessage-length=0 -MMD -MP -MF"src/character.d" -MT"src/character.o" -o "src/character.o" "../src/character.cpp"
../src/character.cpp:9:5: error: use of undeclared identifier 'x_pos_prev'; did you mean 'x_pos_prev_x'?
    x_pos_prev = x;
    ^~~~~~~~~~
    x_pos_prev_x
../src/character.hpp:21:9: note: 'x_pos_prev_x' declared here
    int x_pos_prev_x, y_pos_prev_y;
        ^
../src/character.cpp:10:5: error: use of undeclared identifier 'y_pos_prev'; did you mean 'y_pos_prev_y'?
    y_pos_prev = y;
    ^~~~~~~~~~
    y_pos_prev_y
../src/character.hpp:21:23: note: 'y_pos_prev_y' declared here
    int x_pos_prev_x, y_pos_prev_y;
                      ^
../src/character.cpp:39:18: error: use of undeclared identifier 'x_pos_prev'; did you mean 'x_pos_prev_x'?
    if (x_pos != x_pos_prev || y_pos != y_pos_prev) {
                 ^~~~~~~~~~
                 x_pos_prev_x
../src/character.hpp:21:9: note: 'x_pos_prev_x' declared here
    int x_pos_prev_x, y_pos_prev_y;
        ^
../src/character.cpp:39:41: error: use of undeclared identifier 'y_pos_prev'; did you mean 'y_pos_prev_y'?
    if (x_pos != x_pos_prev || y_pos != y_pos_prev) {
                                        ^~~~~~~~~~
                                        y_pos_prev_y
../src/character.hpp:21:23: note: 'y_pos_prev_y' declared here
    int x_pos_prev_x, y_pos_prev_y;
                      ^
../src/character.cpp:40:17: error: use of undeclared identifier 'y_pos_prev'; did you mean 'y_pos_prev_y'?
        mvaddch(y_pos_prev, x_pos_prev, ' ');
                ^~~~~~~~~~
                y_pos_prev_y
/Library/Developer/CommandLineTools/SDKs/MacOSX.sdk/usr/include/curses.h:1084:43: note: expanded from macro 'mvaddch'
#define mvaddch(y,x,ch)                 mvwaddch(stdscr,y,x,ch)
                                                        ^
/Library/Developer/CommandLineTools/SDKs/MacOSX.sdk/usr/include/curses.h:1063:42: note: expanded from macro 'mvwaddch'
#define mvwaddch(win,y,x,ch)            (wmove(win,y,x) == ERR ? ERR : waddch(win,ch))
                                                   ^
../src/character.hpp:21:23: note: 'y_pos_prev_y' declared here
    int x_pos_prev_x, y_pos_prev_y;
                      ^
../src/character.cpp:40:29: error: use of undeclared identifier 'x_pos_prev'; did you mean 'x_pos_prev_x'?
        mvaddch(y_pos_prev, x_pos_prev, ' ');
                            ^~~~~~~~~~
                            x_pos_prev_x
/Library/Developer/CommandLineTools/SDKs/MacOSX.sdk/usr/include/curses.h:1084:45: note: expanded from macro 'mvaddch'
#define mvaddch(y,x,ch)                 mvwaddch(stdscr,y,x,ch)
                                                          ^
/Library/Developer/CommandLineTools/SDKs/MacOSX.sdk/usr/include/curses.h:1063:44: note: expanded from macro 'mvwaddch'
#define mvwaddch(win,y,x,ch)            (wmove(win,y,x) == ERR ? ERR : waddch(win,ch))
                                                     ^
../src/character.hpp:21:9: note: 'x_pos_prev_x' declared here
    int x_pos_prev_x, y_pos_prev_y;
        ^
../src/character.cpp:42:5: error: use of undeclared identifier 'x_pos_prev'; did you mean 'x_pos_prev_x'?
    x_pos_prev = x_pos;
    ^~~~~~~~~~
    x_pos_prev_x
../src/character.hpp:21:9: note: 'x_pos_prev_x' declared here
    int x_pos_prev_x, y_pos_prev_y;
        ^
../src/character.cpp:43:5: error: use of undeclared identifier 'y_pos_prev'; did you mean 'y_pos_prev_y'?
    y_pos_prev = y_pos;
    ^~~~~~~~~~
    y_pos_prev_y
../src/character.hpp:21:23: note: 'y_pos_prev_y' declared here
    int x_pos_prev_x, y_pos_prev_y;
                      ^
8 errors generated.
make: *** [src/character.o] Error 1
"make all" terminated with exit code 2. Build might be incomplete.
11:35:45 **** Incremental Build of configuration Debug for project Giochino ****
make all 
Building file: ../src/character.cpp
Invoking: GCC C++ Compiler
g++ -O0 -g3 -Wall -c -fmessage-length=0 -MMD -MP -MF"src/character.d" -MT"src/character.o" -o "src/character.o" "../src/character.cpp"
Finished building: ../src/character.cpp
 
Building file: ../src/main.cpp
Invoking: GCC C++ Compiler
g++ -O0 -g3 -Wall -c -fmessage-length=0 -MMD -MP -MF"src/main.d" -MT"src/main.o" -o "src/main.o" "../src/main.cpp"
Finished building: ../src/main.cpp
 
Building target: Giochino
Invoking: MacOS X C++ Linker
g++  -o "Giochino"  ./src/character.o ./src/main.o ./src/map.o    -lncurses
Finished building target: Giochino
 
12:37:40 **** Incremental Build of configuration Debug for project Giochino ****
make all 
make: Nothing to be done for `all'.
12:38:13 **** Incremental Build of configuration Debug for project Giochino ****
make all 
Building file: ../src/main.cpp
Invoking: GCC C++ Compiler
g++ -O0 -g3 -Wall -c -fmessage-length=0 -MMD -MP -MF"src/main.d" -MT"src/main.o" -o "src/main.o" "../src/main.cpp"
Finished building: ../src/main.cpp
 
Building target: Giochino
Invoking: MacOS X C++ Linker
g++  -o "Giochino"  ./src/character.o ./src/main.o ./src/map.o    -lncurses
Finished building target: Giochino
 
12:38:16 **** Incremental Build of configuration Debug for project Giochino ****
make all 
make: Nothing to be done for `all'.
12:38:31 **** Incremental Build of configuration Debug for project Giochino ****
make all 
make: Nothing to be done for `all'.
12:40:11 **** Incremental Build of configuration Debug for project Giochino ****
make all 
Building file: ../src/map.cpp
Invoking: GCC C++ Compiler
g++ -O0 -g3 -Wall -c -fmessage-length=0 -MMD -MP -MF"src/map.d" -MT"src/map.o" -o "src/map.o" "../src/map.cpp"
Finished building: ../src/map.cpp
 
Building target: Giochino
Invoking: MacOS X C++ Linker
g++  -o "Giochino"  ./src/character.o ./src/main.o ./src/map.o    -lncurses
Finished building target: Giochino
 
12:40:58 **** Incremental Build of configuration Debug for project Giochino ****
make all 
Building file: ../src/map.cpp
Invoking: GCC C++ Compiler
g++ -O0 -g3 -Wall -c -fmessage-length=0 -MMD -MP -MF"src/map.d" -MT"src/map.o" -o "src/map.o" "../src/map.cpp"
Finished building: ../src/map.cpp
 
Building target: Giochino
Invoking: MacOS X C++ Linker
g++  -o "Giochino"  ./src/character.o ./src/main.o ./src/map.o    -lncurses
Finished building target: Giochino
 
12:41:45 **** Incremental Build of configuration Debug for project Giochino ****
make all 
Building file: ../src/map.cpp
Invoking: GCC C++ Compiler
g++ -O0 -g3 -Wall -c -fmessage-length=0 -MMD -MP -MF"src/map.d" -MT"src/map.o" -o "src/map.o" "../src/map.cpp"
Finished building: ../src/map.cpp
 
Building target: Giochino
Invoking: MacOS X C++ Linker
g++  -o "Giochino"  ./src/character.o ./src/main.o ./src/map.o    -lncurses
Finished building target: Giochino
 
12:42:17 **** Incremental Build of configuration Debug for project Giochino ****
make all 
Building file: ../src/main.cpp
Invoking: GCC C++ Compiler
g++ -O0 -g3 -Wall -c -fmessage-length=0 -MMD -MP -MF"src/main.d" -MT"src/main.o" -o "src/main.o" "../src/main.cpp"
../src/main.cpp:33:18: warning: multi-character character constant [-Wmultichar]
            case 'space':
                 ^
../src/main.cpp:33:18: warning: character constant too long for its type
2 warnings generated.
Finished building: ../src/main.cpp
 
Building target: Giochino
Invoking: MacOS X C++ Linker
g++  -o "Giochino"  ./src/character.o ./src/main.o ./src/map.o    -lncurses
Finished building target: Giochino
 
12:43:52 **** Incremental Build of configuration Debug for project Giochino ****
make all 
Building file: ../src/character.cpp
Invoking: GCC C++ Compiler
g++ -O0 -g3 -Wall -c -fmessage-length=0 -MMD -MP -MF"src/character.d" -MT"src/character.o" -o "src/character.o" "../src/character.cpp"
../src/character.cpp:38:13: error: use of undeclared identifier 'y'
    mvaddch(y , x + 1, ' '); // cancella il carattere precedente
            ^
../src/character.cpp:38:17: error: use of undeclared identifier 'x'
    mvaddch(y , x + 1, ' '); // cancella il carattere precedente
                ^
../src/character.cpp:39:13: error: use of undeclared identifier 'y'
    mvaddch(y + 1 , x, ' '); // cancella il carattere precedente
            ^
../src/character.cpp:39:21: error: use of undeclared identifier 'x'
    mvaddch(y + 1 , x, ' '); // cancella il carattere precedente
                    ^
4 errors generated.
make: *** [src/character.o] Error 1
"make all" terminated with exit code 2. Build might be incomplete.
12:44:14 **** Incremental Build of configuration Debug for project Giochino ****
make all 
Building file: ../src/character.cpp
Invoking: GCC C++ Compiler
g++ -O0 -g3 -Wall -c -fmessage-length=0 -MMD -MP -MF"src/character.d" -MT"src/character.o" -o "src/character.o" "../src/character.cpp"
Finished building: ../src/character.cpp
 
Building target: Giochino
Invoking: MacOS X C++ Linker
g++  -o "Giochino"  ./src/character.o ./src/main.o ./src/map.o    -lncurses
Finished building target: Giochino
 
12:45:26 **** Incremental Build of configuration Debug for project Giochino ****
make all 
make: Nothing to be done for `all'.
12:45:42 **** Incremental Build of configuration Debug for project Giochino ****
make all 
Building file: ../src/character.cpp
Invoking: GCC C++ Compiler
g++ -O0 -g3 -Wall -c -fmessage-length=0 -MMD -MP -MF"src/character.d" -MT"src/character.o" -o "src/character.o" "../src/character.cpp"
Finished building: ../src/character.cpp
 
Building target: Giochino
Invoking: MacOS X C++ Linker
g++  -o "Giochino"  ./src/character.o ./src/main.o ./src/map.o    -lncurses
Finished building target: Giochino
 
12:46:07 **** Incremental Build of configuration Debug for project Giochino ****
make all 
Building file: ../src/character.cpp
Invoking: GCC C++ Compiler
g++ -O0 -g3 -Wall -c -fmessage-length=0 -MMD -MP -MF"src/character.d" -MT"src/character.o" -o "src/character.o" "../src/character.cpp"
Finished building: ../src/character.cpp
 
Building target: Giochino
Invoking: MacOS X C++ Linker
g++  -o "Giochino"  ./src/character.o ./src/main.o ./src/map.o    -lncurses
Finished building target: Giochino
 
12:46:28 **** Incremental Build of configuration Debug for project Giochino ****
make all 
Building file: ../src/character.cpp
Invoking: GCC C++ Compiler
g++ -O0 -g3 -Wall -c -fmessage-length=0 -MMD -MP -MF"src/character.d" -MT"src/character.o" -o "src/character.o" "../src/character.cpp"
Finished building: ../src/character.cpp
 
Building target: Giochino
Invoking: MacOS X C++ Linker
g++  -o "Giochino"  ./src/character.o ./src/main.o ./src/map.o    -lncurses
Finished building target: Giochino
 
12:46:58 **** Incremental Build of configuration Debug for project Giochino ****
make all 
Building file: ../src/map.cpp
Invoking: GCC C++ Compiler
g++ -O0 -g3 -Wall -c -fmessage-length=0 -MMD -MP -MF"src/map.d" -MT"src/map.o" -o "src/map.o" "../src/map.cpp"
Finished building: ../src/map.cpp
 
Building target: Giochino
Invoking: MacOS X C++ Linker
g++  -o "Giochino"  ./src/character.o ./src/main.o ./src/map.o    -lncurses
Finished building target: Giochino
 
12:47:21 **** Incremental Build of configuration Debug for project Giochino ****
make all 
make: Nothing to be done for `all'.
12:47:46 **** Incremental Build of configuration Debug for project Giochino ****
make all 
Building file: ../src/main.cpp
Invoking: GCC C++ Compiler
g++ -O0 -g3 -Wall -c -fmessage-length=0 -MMD -MP -MF"src/main.d" -MT"src/main.o" -o "src/main.o" "../src/main.cpp"
Finished building: ../src/main.cpp
 
Building target: Giochino
Invoking: MacOS X C++ Linker
g++  -o "Giochino"  ./src/character.o ./src/main.o ./src/map.o    -lncurses
Finished building target: Giochino
 
12:47:49 **** Incremental Build of configuration Debug for project Giochino ****
make all 
Building file: ../src/map.cpp
Invoking: GCC C++ Compiler
g++ -O0 -g3 -Wall -c -fmessage-length=0 -MMD -MP -MF"src/map.d" -MT"src/map.o" -o "src/map.o" "../src/map.cpp"
Finished building: ../src/map.cpp
 
Building target: Giochino
Invoking: MacOS X C++ Linker
g++  -o "Giochino"  ./src/character.o ./src/main.o ./src/map.o    -lncurses
Finished building target: Giochino
 
12:47:53 **** Incremental Build of configuration Debug for project Giochino ****
make all 
make: Nothing to be done for `all'.
12:47:56 **** Incremental Build of configuration Debug for project Giochino ****
make all 
Building file: ../src/character.cpp
Invoking: GCC C++ Compiler
g++ -O0 -g3 -Wall -c -fmessage-length=0 -MMD -MP -MF"src/character.d" -MT"src/character.o" -o "src/character.o" "../src/character.cpp"
Finished building: ../src/character.cpp
 
Building file: ../src/main.cpp
Invoking: GCC C++ Compiler
g++ -O0 -g3 -Wall -c -fmessage-length=0 -MMD -MP -MF"src/main.d" -MT"src/main.o" -o "src/main.o" "../src/main.cpp"
Finished building: ../src/main.cpp
 
Building target: Giochino
Invoking: MacOS X C++ Linker
g++  -o "Giochino"  ./src/character.o ./src/main.o ./src/map.o    -lncurses
Finished building target: Giochino
 
12:48:31 **** Incremental Build of configuration Debug for project Giochino ****
make all 
Building file: ../src/character.cpp
Invoking: GCC C++ Compiler
g++ -O0 -g3 -Wall -c -fmessage-length=0 -MMD -MP -MF"src/character.d" -MT"src/character.o" -o "src/character.o" "../src/character.cpp"
Finished building: ../src/character.cpp
 
Building target: Giochino
Invoking: MacOS X C++ Linker
g++  -o "Giochino"  ./src/character.o ./src/main.o ./src/map.o    -lncurses
Finished building target: Giochino
 
12:48:58 **** Incremental Build of configuration Debug for project Giochino ****
make all 
Building file: ../src/character.cpp
Invoking: GCC C++ Compiler
g++ -O0 -g3 -Wall -c -fmessage-length=0 -MMD -MP -MF"src/character.d" -MT"src/character.o" -o "src/character.o" "../src/character.cpp"
../src/character.cpp:25:14: warning: expression result unused [-Wunused-value]
        y_pos-2;
        ~~~~~^~
1 warning generated.
Finished building: ../src/character.cpp
 
Building target: Giochino
Invoking: MacOS X C++ Linker
g++  -o "Giochino"  ./src/character.o ./src/main.o ./src/map.o    -lncurses
Finished building target: Giochino
 
12:49:26 **** Incremental Build of configuration Debug for project Giochino ****
make all 
Building file: ../src/character.cpp
Invoking: GCC C++ Compiler
g++ -O0 -g3 -Wall -c -fmessage-length=0 -MMD -MP -MF"src/character.d" -MT"src/character.o" -o "src/character.o" "../src/character.cpp"
Finished building: ../src/character.cpp
 
Building target: Giochino
Invoking: MacOS X C++ Linker
g++  -o "Giochino"  ./src/character.o ./src/main.o ./src/map.o    -lncurses
Finished building target: Giochino
 
12:49:54 **** Incremental Build of configuration Debug for project Giochino ****
make all 
Building file: ../src/character.cpp
Invoking: GCC C++ Compiler
g++ -O0 -g3 -Wall -c -fmessage-length=0 -MMD -MP -MF"src/character.d" -MT"src/character.o" -o "src/character.o" "../src/character.cpp"
Finished building: ../src/character.cpp
 
Building file: ../src/map.cpp
Invoking: GCC C++ Compiler
g++ -O0 -g3 -Wall -c -fmessage-length=0 -MMD -MP -MF"src/map.d" -MT"src/map.o" -o "src/map.o" "../src/map.cpp"
Finished building: ../src/map.cpp
 
Building target: Giochino
Invoking: MacOS X C++ Linker
g++  -o "Giochino"  ./src/character.o ./src/main.o ./src/map.o    -lncurses
Finished building target: Giochino
 
12:50:44 **** Incremental Build of configuration Debug for project Giochino ****
make all 
make: Nothing to be done for `all'.
12:50:45 **** Incremental Build of configuration Debug for project Giochino ****
make all 
make: Nothing to be done for `all'.
12:51:04 **** Incremental Build of configuration Debug for project Giochino ****
make all 
Building file: ../src/main.cpp
Invoking: GCC C++ Compiler
g++ -O0 -g3 -Wall -c -fmessage-length=0 -MMD -MP -MF"src/main.d" -MT"src/main.o" -o "src/main.o" "../src/main.cpp"
Finished building: ../src/main.cpp
 
Building target: Giochino
Invoking: MacOS X C++ Linker
g++  -o "Giochino"  ./src/character.o ./src/main.o ./src/map.o    -lncurses
Finished building target: Giochino
 
12:51:17 **** Incremental Build of configuration Debug for project Giochino ****
make all 
Building file: ../src/main.cpp
Invoking: GCC C++ Compiler
g++ -O0 -g3 -Wall -c -fmessage-length=0 -MMD -MP -MF"src/main.d" -MT"src/main.o" -o "src/main.o" "../src/main.cpp"
Finished building: ../src/main.cpp
 
Building target: Giochino
Invoking: MacOS X C++ Linker
g++  -o "Giochino"  ./src/character.o ./src/main.o ./src/map.o    -lncurses
Finished building target: Giochino
 
12:52:02 **** Incremental Build of configuration Debug for project Giochino ****
make all 
Building file: ../src/character.cpp
Invoking: GCC C++ Compiler
g++ -O0 -g3 -Wall -c -fmessage-length=0 -MMD -MP -MF"src/character.d" -MT"src/character.o" -o "src/character.o" "../src/character.cpp"
Finished building: ../src/character.cpp
 
Building target: Giochino
Invoking: MacOS X C++ Linker
g++  -o "Giochino"  ./src/character.o ./src/main.o ./src/map.o    -lncurses
Finished building target: Giochino
 
12:52:08 **** Incremental Build of configuration Debug for project Giochino ****
make all 
Building file: ../src/map.cpp
Invoking: GCC C++ Compiler
g++ -O0 -g3 -Wall -c -fmessage-length=0 -MMD -MP -MF"src/map.d" -MT"src/map.o" -o "src/map.o" "../src/map.cpp"
Finished building: ../src/map.cpp
 
Building target: Giochino
Invoking: MacOS X C++ Linker
g++  -o "Giochino"  ./src/character.o ./src/main.o ./src/map.o    -lncurses
Finished building target: Giochino
 
12:54:54 **** Incremental Build of configuration Debug for project Giochino ****
make all 
Building file: ../src/character.cpp
Invoking: GCC C++ Compiler
g++ -O0 -g3 -Wall -c -fmessage-length=0 -MMD -MP -MF"src/character.d" -MT"src/character.o" -o "src/character.o" "../src/character.cpp"
../src/character.cpp:29:13: error: use of undeclared identifier 'draw'; did you mean 'raw'?
            draw(); // Disegna il personaggio nella nuova posizione
            ^~~~
            raw
/Library/Developer/CommandLineTools/SDKs/MacOSX.sdk/usr/include/curses.h:679:28: note: 'raw' declared here
extern NCURSES_EXPORT(int) raw (void);                                  /* implemented */
                           ^
../src/character.cpp:31:13: error: use of undeclared identifier 'usleep'
            usleep(100000); // Pausa per rallentare l'animazione del salto
            ^
../src/character.cpp:37:21: error: use of undeclared identifier 'max_y'
        if (y_pos < max_y-2) { // Controlla che il personaggio non vada fuori dalla cornice
                    ^
../src/character.cpp:40:13: error: use of undeclared identifier 'draw'; did you mean 'raw'?
            draw(); // Disegna il personaggio nella nuova posizione
            ^~~~
            raw
/Library/Developer/CommandLineTools/SDKs/MacOSX.sdk/usr/include/curses.h:679:28: note: 'raw' declared here
extern NCURSES_EXPORT(int) raw (void);                                  /* implemented */
                           ^
../src/character.cpp:42:13: error: use of undeclared identifier 'usleep'
            usleep(100000); // Pausa per rallentare l'animazione del ritorno a terra
            ^
5 errors generated.
make: *** [src/character.o] Error 1
"make all" terminated with exit code 2. Build might be incomplete.
12:55:12 **** Incremental Build of configuration Debug for project Giochino ****
make all 
Building file: ../src/character.cpp
Invoking: GCC C++ Compiler
g++ -O0 -g3 -Wall -c -fmessage-length=0 -MMD -MP -MF"src/character.d" -MT"src/character.o" -o "src/character.o" "../src/character.cpp"
../src/character.cpp:29:13: error: use of undeclared identifier 'draw'; did you mean 'raw'?
            draw(); // Disegna il personaggio nella nuova posizione
            ^~~~
            raw
/Library/Developer/CommandLineTools/SDKs/MacOSX.sdk/usr/include/curses.h:679:28: note: 'raw' declared here
extern NCURSES_EXPORT(int) raw (void);                                  /* implemented */
                           ^
../src/character.cpp:31:13: error: use of undeclared identifier 'usleep'
            usleep(100000); // Pausa per rallentare l'animazione del salto
            ^
../src/character.cpp:40:13: error: use of undeclared identifier 'draw'; did you mean 'raw'?
            draw(); // Disegna il personaggio nella nuova posizione
            ^~~~
            raw
/Library/Developer/CommandLineTools/SDKs/MacOSX.sdk/usr/include/curses.h:679:28: note: 'raw' declared here
extern NCURSES_EXPORT(int) raw (void);                                  /* implemented */
                           ^
../src/character.cpp:42:13: error: use of undeclared identifier 'usleep'
            usleep(100000); // Pausa per rallentare l'animazione del ritorno a terra
            ^
4 errors generated.
make: *** [src/character.o] Error 1
"make all" terminated with exit code 2. Build might be incomplete.
12:56:23 **** Incremental Build of configuration Debug for project Giochino ****
make all 
Building file: ../src/character.cpp
Invoking: GCC C++ Compiler
g++ -O0 -g3 -Wall -c -fmessage-length=0 -MMD -MP -MF"src/character.d" -MT"src/character.o" -o "src/character.o" "../src/character.cpp"
../src/character.cpp:30:13: error: use of undeclared identifier 'draw'; did you mean 'raw'?
            draw(); // Disegna il personaggio nella nuova posizione
            ^~~~
            raw
/Library/Developer/CommandLineTools/SDKs/MacOSX.sdk/usr/include/curses.h:679:28: note: 'raw' declared here
extern NCURSES_EXPORT(int) raw (void);                                  /* implemented */
                           ^
../src/character.cpp:41:13: error: use of undeclared identifier 'draw'; did you mean 'raw'?
            draw(); // Disegna il personaggio nella nuova posizione
            ^~~~
            raw
/Library/Developer/CommandLineTools/SDKs/MacOSX.sdk/usr/include/curses.h:679:28: note: 'raw' declared here
extern NCURSES_EXPORT(int) raw (void);                                  /* implemented */
                           ^
2 errors generated.
make: *** [src/character.o] Error 1
"make all" terminated with exit code 2. Build might be incomplete.
12:56:48 **** Incremental Build of configuration Debug for project Giochino ****
make all 
Building file: ../src/character.cpp
Invoking: GCC C++ Compiler
g++ -O0 -g3 -Wall -c -fmessage-length=0 -MMD -MP -MF"src/character.d" -MT"src/character.o" -o "src/character.o" "../src/character.cpp"
Finished building: ../src/character.cpp
 
Building target: Giochino
Invoking: MacOS X C++ Linker
g++  -o "Giochino"  ./src/character.o ./src/main.o ./src/map.o    -lncurses
Finished building target: Giochino
 
12:57:18 **** Incremental Build of configuration Debug for project Giochino ****
make all 
Building file: ../src/character.cpp
Invoking: GCC C++ Compiler
g++ -O0 -g3 -Wall -c -fmessage-length=0 -MMD -MP -MF"src/character.d" -MT"src/character.o" -o "src/character.o" "../src/character.cpp"
Finished building: ../src/character.cpp
 
Building target: Giochino
Invoking: MacOS X C++ Linker
g++  -o "Giochino"  ./src/character.o ./src/main.o ./src/map.o    -lncurses
Finished building target: Giochino
 
12:58:44 **** Incremental Build of configuration Debug for project Giochino ****
make all 
Building file: ../src/character.cpp
Invoking: GCC C++ Compiler
g++ -O0 -g3 -Wall -c -fmessage-length=0 -MMD -MP -MF"src/character.d" -MT"src/character.o" -o "src/character.o" "../src/character.cpp"
../src/character.cpp:26:24: error: function definition is not allowed here
void Character::jump() {
                       ^
1 error generated.
make: *** [src/character.o] Error 1
"make all" terminated with exit code 2. Build might be incomplete.
12:59:09 **** Incremental Build of configuration Debug for project Giochino ****
make all 
Building file: ../src/character.cpp
Invoking: GCC C++ Compiler
g++ -O0 -g3 -Wall -c -fmessage-length=0 -MMD -MP -MF"src/character.d" -MT"src/character.o" -o "src/character.o" "../src/character.cpp"
Finished building: ../src/character.cpp
 
Building target: Giochino
Invoking: MacOS X C++ Linker
g++  -o "Giochino"  ./src/character.o ./src/main.o ./src/map.o    -lncurses
Finished building target: Giochino
 
12:59:46 **** Incremental Build of configuration Debug for project Giochino ****
make all 
Building file: ../src/character.cpp
Invoking: GCC C++ Compiler
g++ -O0 -g3 -Wall -c -fmessage-length=0 -MMD -MP -MF"src/character.d" -MT"src/character.o" -o "src/character.o" "../src/character.cpp"
Finished building: ../src/character.cpp
 
Building target: Giochino
Invoking: MacOS X C++ Linker
g++  -o "Giochino"  ./src/character.o ./src/main.o ./src/map.o    -lncurses
Finished building target: Giochino
 
13:00:07 **** Incremental Build of configuration Debug for project Giochino ****
make all 
Building file: ../src/character.cpp
Invoking: GCC C++ Compiler
g++ -O0 -g3 -Wall -c -fmessage-length=0 -MMD -MP -MF"src/character.d" -MT"src/character.o" -o "src/character.o" "../src/character.cpp"
../src/character.cpp:27:16: warning: implicit conversion from 'long' to 'useconds_t' (aka 'unsigned int') changes value from 10000000000 to 1410065408 [-Wconstant-conversion]
        usleep(10000000000); // Pausa per rallentare l'animazione del salto
        ~~~~~~ ^~~~~~~~~~~
1 warning generated.
Finished building: ../src/character.cpp
 
Building target: Giochino
Invoking: MacOS X C++ Linker
g++  -o "Giochino"  ./src/character.o ./src/main.o ./src/map.o    -lncurses
Finished building target: Giochino
 
13:00:25 **** Incremental Build of configuration Debug for project Giochino ****
make all 
Building file: ../src/character.cpp
Invoking: GCC C++ Compiler
g++ -O0 -g3 -Wall -c -fmessage-length=0 -MMD -MP -MF"src/character.d" -MT"src/character.o" -o "src/character.o" "../src/character.cpp"
Finished building: ../src/character.cpp
 
Building target: Giochino
Invoking: MacOS X C++ Linker
g++  -o "Giochino"  ./src/character.o ./src/main.o ./src/map.o    -lncurses
Finished building target: Giochino
 
13:01:00 **** Incremental Build of configuration Debug for project Giochino ****
make all 
Building file: ../src/character.cpp
Invoking: GCC C++ Compiler
g++ -O0 -g3 -Wall -c -fmessage-length=0 -MMD -MP -MF"src/character.d" -MT"src/character.o" -o "src/character.o" "../src/character.cpp"
Finished building: ../src/character.cpp
 
Building target: Giochino
Invoking: MacOS X C++ Linker
g++  -o "Giochino"  ./src/character.o ./src/main.o ./src/map.o    -lncurses
Finished building target: Giochino
 
13:15:25 **** Build of configuration Debug for project Giochino ****
make all 
Building file: ../src/character.cpp
Invoking: GCC C++ Compiler
g++ -O0 -g3 -Wall -c -fmessage-length=0 -MMD -MP -MF"src/character.d" -MT"src/character.o" -o "src/character.o" "../src/character.cpp"
Finished building: ../src/character.cpp
 
Building target: Giochino
Invoking: MacOS X C++ Linker
g++  -o "Giochino"  ./src/character.o ./src/main.o ./src/map.o    -lncurses
Finished building target: Giochino
 
13:15:31 **** Incremental Build of configuration Debug for project Giochino ****
make all 
make: Nothing to be done for `all'.
13:15:34 **** Incremental Build of configuration Debug for project Giochino ****
make all 
make: Nothing to be done for `all'.
13:18:53 **** Incremental Build of configuration Debug for project Giochino ****
make all 
Building file: ../src/character.cpp
Invoking: GCC C++ Compiler
g++ -O0 -g3 -Wall -c -fmessage-length=0 -MMD -MP -MF"src/character.d" -MT"src/character.o" -o "src/character.o" "../src/character.cpp"
../src/character.cpp:39:21: error: use of undeclared identifier 'height'
        if (y_pos < height-2) {
                    ^
1 error generated.
make: *** [src/character.o] Error 1
"make all" terminated with exit code 2. Build might be incomplete.
13:19:10 **** Incremental Build of configuration Debug for project Giochino ****
make all 
Building file: ../src/character.cpp
Invoking: GCC C++ Compiler
g++ -O0 -g3 -Wall -c -fmessage-length=0 -MMD -MP -MF"src/character.d" -MT"src/character.o" -o "src/character.o" "../src/character.cpp"
../src/character.cpp:39:21: error: use of undeclared identifier 'height'
        if (y_pos < height-2) {
                    ^
1 error generated.
make: *** [src/character.o] Error 1
"make all" terminated with exit code 2. Build might be incomplete.
13:22:06 **** Incremental Build of configuration Debug for project Giochino ****
make all 
Building file: ../src/character.cpp
Invoking: GCC C++ Compiler
g++ -O0 -g3 -Wall -c -fmessage-length=0 -MMD -MP -MF"src/character.d" -MT"src/character.o" -o "src/character.o" "../src/character.cpp"
../src/character.cpp:4:10: error: 'map.hpp' file not found with <angled> include; use "quotes" instead
#include <map.hpp>
         ^~~~~~~~~
         "map.hpp"
../src/character.cpp:40:21: error: use of undeclared identifier 'height'
        if (y_pos < height-2) {
                    ^
2 errors generated.
make: *** [src/character.o] Error 1
"make all" terminated with exit code 2. Build might be incomplete.
13:22:21 **** Incremental Build of configuration Debug for project Giochino ****
make all 
Building file: ../src/character.cpp
Invoking: GCC C++ Compiler
g++ -O0 -g3 -Wall -c -fmessage-length=0 -MMD -MP -MF"src/character.d" -MT"src/character.o" -o "src/character.o" "../src/character.cpp"
../src/character.cpp:40:21: error: use of undeclared identifier 'height'
        if (y_pos < height-2) {
                    ^
1 error generated.
make: *** [src/character.o] Error 1
"make all" terminated with exit code 2. Build might be incomplete.
13:22:40 **** Incremental Build of configuration Debug for project Giochino ****
make all 
Building file: ../src/character.cpp
Invoking: GCC C++ Compiler
g++ -O0 -g3 -Wall -c -fmessage-length=0 -MMD -MP -MF"src/character.d" -MT"src/character.o" -o "src/character.o" "../src/character.cpp"
../src/character.cpp:40:21: error: use of undeclared identifier 'height'
        if (y_pos < height-2) {
                    ^
1 error generated.
make: *** [src/character.o] Error 1
"make all" terminated with exit code 2. Build might be incomplete.
13:22:56 **** Incremental Build of configuration Debug for project Giochino ****
make all 
Building file: ../src/character.cpp
Invoking: GCC C++ Compiler
g++ -O0 -g3 -Wall -c -fmessage-length=0 -MMD -MP -MF"src/character.d" -MT"src/character.o" -o "src/character.o" "../src/character.cpp"
../src/character.cpp:4:10: error: 'map.cpp' file not found with <angled> include; use "quotes" instead
#include <map.cpp>
         ^~~~~~~~~
         "map.cpp"
../src/character.cpp:40:21: error: use of undeclared identifier 'height'
        if (y_pos < height-2) {
                    ^
2 errors generated.
make: *** [src/character.o] Error 1
"make all" terminated with exit code 2. Build might be incomplete.
13:23:13 **** Incremental Build of configuration Debug for project Giochino ****
make all 
Building file: ../src/character.cpp
Invoking: GCC C++ Compiler
g++ -O0 -g3 -Wall -c -fmessage-length=0 -MMD -MP -MF"src/character.d" -MT"src/character.o" -o "src/character.o" "../src/character.cpp"
../src/character.cpp:40:21: error: use of undeclared identifier 'height'
        if (y_pos < height-2) {
                    ^
1 error generated.
make: *** [src/character.o] Error 1
"make all" terminated with exit code 2. Build might be incomplete.
13:23:53 **** Incremental Build of configuration Debug for project Giochino ****
make all 
Building file: ../src/character.cpp
Invoking: GCC C++ Compiler
g++ -O0 -g3 -Wall -c -fmessage-length=0 -MMD -MP -MF"src/character.d" -MT"src/character.o" -o "src/character.o" "../src/character.cpp"
Finished building: ../src/character.cpp
 
Building target: Giochino
Invoking: MacOS X C++ Linker
g++  -o "Giochino"  ./src/character.o ./src/main.o ./src/map.o    -lncurses
duplicate symbol 'Map::Map(int, int)' in:
    ./src/character.o
    ./src/map.o
duplicate symbol 'Map::Map(int, int)' in:
    ./src/character.o
    ./src/map.o
duplicate symbol 'Map::draw(int, int, char)' in:
    ./src/character.o
    ./src/map.o
ld: 3 duplicate symbols for architecture arm64
clang: error: linker command failed with exit code 1 (use -v to see invocation)
make: *** [Giochino] Error 1
"make all" terminated with exit code 2. Build might be incomplete.
13:24:07 **** Incremental Build of configuration Debug for project Giochino ****
make all 
Building file: ../src/character.cpp
Invoking: GCC C++ Compiler
g++ -O0 -g3 -Wall -c -fmessage-length=0 -MMD -MP -MF"src/character.d" -MT"src/character.o" -o "src/character.o" "../src/character.cpp"
Finished building: ../src/character.cpp
 
Building target: Giochino
Invoking: MacOS X C++ Linker
g++  -o "Giochino"  ./src/character.o ./src/main.o ./src/map.o    -lncurses
Finished building target: Giochino
 
13:24:11 **** Incremental Build of configuration Debug for project Giochino ****
make all 
make: Nothing to be done for `all'.
13:26:02 **** Incremental Build of configuration Debug for project Giochino ****
make all 
Building file: ../src/character.cpp
Invoking: GCC C++ Compiler
g++ -O0 -g3 -Wall -c -fmessage-length=0 -MMD -MP -MF"src/character.d" -MT"src/character.o" -o "src/character.o" "../src/character.cpp"
../src/character.cpp:5:11: warning: unused variable 'dim_riga' [-Wunused-const-variable]
const int dim_riga = 25;
          ^
1 warning generated.
Finished building: ../src/character.cpp
 
Building target: Giochino
Invoking: MacOS X C++ Linker
g++  -o "Giochino"  ./src/character.o ./src/main.o ./src/map.o    -lncurses
Undefined symbols for architecture arm64:
  "Character::fall()", referenced from:
      _main in main.o
ld: symbol(s) not found for architecture arm64
clang: error: linker command failed with exit code 1 (use -v to see invocation)
make: *** [Giochino] Error 1
"make all" terminated with exit code 2. Build might be incomplete.
13:26:06 **** Incremental Build of configuration Debug for project Giochino ****
make all 
Building target: Giochino
Invoking: MacOS X C++ Linker
g++  -o "Giochino"  ./src/character.o ./src/main.o ./src/map.o    -lncurses
Undefined symbols for architecture arm64:
  "Character::fall()", referenced from:
      _main in main.o
ld: symbol(s) not found for architecture arm64
clang: error: linker command failed with exit code 1 (use -v to see invocation)
make: *** [Giochino] Error 1
"make all" terminated with exit code 2. Build might be incomplete.
13:26:28 **** Incremental Build of configuration Debug for project Giochino ****
make all 
Building file: ../src/main.cpp
Invoking: GCC C++ Compiler
g++ -O0 -g3 -Wall -c -fmessage-length=0 -MMD -MP -MF"src/main.d" -MT"src/main.o" -o "src/main.o" "../src/main.cpp"
Finished building: ../src/main.cpp
 
Building target: Giochino
Invoking: MacOS X C++ Linker
g++  -o "Giochino"  ./src/character.o ./src/main.o ./src/map.o    -lncurses
Finished building target: Giochino
 
13:27:12 **** Incremental Build of configuration Debug for project Giochino ****
make all 
Building file: ../src/character.cpp
Invoking: GCC C++ Compiler
g++ -O0 -g3 -Wall -c -fmessage-length=0 -MMD -MP -MF"src/character.d" -MT"src/character.o" -o "src/character.o" "../src/character.cpp"
../src/character.cpp:5:11: warning: unused variable 'dim_riga' [-Wunused-const-variable]
const int dim_riga = 25;
          ^
1 warning generated.
Finished building: ../src/character.cpp
 
Building target: Giochino
Invoking: MacOS X C++ Linker
g++  -o "Giochino"  ./src/character.o ./src/main.o ./src/map.o    -lncurses
Finished building target: Giochino
 
13:27:13 **** Incremental Build of configuration Debug for project Giochino ****
make all 
make: Nothing to be done for `all'.
13:30:39 **** Incremental Build of configuration Debug for project Giochino ****
make all 
Building file: ../src/map.cpp
Invoking: GCC C++ Compiler
g++ -O0 -g3 -Wall -c -fmessage-length=0 -MMD -MP -MF"src/map.d" -MT"src/map.o" -o "src/map.o" "../src/map.cpp"
Finished building: ../src/map.cpp
 
Building target: Giochino
Invoking: MacOS X C++ Linker
g++  -o "Giochino"  ./src/character.o ./src/main.o ./src/map.o    -lncurses
Finished building target: Giochino
 
13:43:14 **** Incremental Build of configuration Debug for project Giochino ****
make all 
Building file: ../src/character.cpp
Invoking: GCC C++ Compiler
g++ -O0 -g3 -Wall -c -fmessage-length=0 -MMD -MP -MF"src/character.d" -MT"src/character.o" -o "src/character.o" "../src/character.cpp"
Finished building: ../src/character.cpp
 
Building target: Giochino
Invoking: MacOS X C++ Linker
g++  -o "Giochino"  ./src/character.o ./src/main.o ./src/map.o    -lncurses
Finished building target: Giochino
 
13:43:22 **** Incremental Build of configuration Debug for project Giochino ****
make all 
Building file: ../src/map.cpp
Invoking: GCC C++ Compiler
g++ -O0 -g3 -Wall -c -fmessage-length=0 -MMD -MP -MF"src/map.d" -MT"src/map.o" -o "src/map.o" "../src/map.cpp"
Finished building: ../src/map.cpp
 
Building target: Giochino
Invoking: MacOS X C++ Linker
g++  -o "Giochino"  ./src/character.o ./src/main.o ./src/map.o    -lncurses
Finished building target: Giochino
 
09:46:29 **** Incremental Build of configuration Debug for project Giochino ****
make all 
Building file: ../src/character.cpp
Invoking: GCC C++ Compiler
g++ -O0 -g3 -Wall -c -fmessage-length=0 -MMD -MP -MF"src/character.d" -MT"src/character.o" -o "src/character.o" "../src/character.cpp"
Finished building: ../src/character.cpp
 
Building target: Giochino
Invoking: MacOS X C++ Linker
g++  -o "Giochino"  ./src/character.o ./src/main.o ./src/map.o    -lncurses
Finished building target: Giochino
 
09:46:39 **** Incremental Build of configuration Debug for project Giochino ****
make all 
Building file: ../src/main.cpp
Invoking: GCC C++ Compiler
g++ -O0 -g3 -Wall -c -fmessage-length=0 -MMD -MP -MF"src/main.d" -MT"src/main.o" -o "src/main.o" "../src/main.cpp"
Finished building: ../src/main.cpp
 
Building target: Giochino
Invoking: MacOS X C++ Linker
g++  -o "Giochino"  ./src/character.o ./src/main.o ./src/map.o    -lncurses
Finished building target: Giochino
 
10:05:53 **** Incremental Build of configuration Debug for project Giochino ****
make all 
Building file: ../src/character.cpp
Invoking: GCC C++ Compiler
g++ -O0 -g3 -Wall -c -fmessage-length=0 -MMD -MP -MF"src/character.d" -MT"src/character.o" -o "src/character.o" "../src/character.cpp"
../src/character.cpp:25:14: error: use of undeclared identifier 'riga'
        if (y_pos < riga - 2) { // controlla che il personaggio non vada fuori dalla cornice
                    ^
1 error generated.
make: *** [src/character.o] Error 1
"make all" terminated with exit code 2. Build might be incomplete.
10:06:03 **** Incremental Build of configuration Debug for project Giochino ****
make all 
Building file: ../src/character.cpp
Invoking: GCC C++ Compiler
g++ -O0 -g3 -Wall -c -fmessage-length=0 -MMD -MP -MF"src/character.d" -MT"src/character.o" -o "src/character.o" "../src/character.cpp"
Finished building: ../src/character.cpp
 
Building target: Giochino
Invoking: MacOS X C++ Linker
g++  -o "Giochino"  ./src/character.o ./src/main.o ./src/map.o    -lncurses
Finished building target: Giochino
 
10:07:08 **** Incremental Build of configuration Debug for project Giochino ****
make all 
Building file: ../src/character.cpp
Invoking: GCC C++ Compiler
g++ -O0 -g3 -Wall -c -fmessage-length=0 -MMD -MP -MF"src/character.d" -MT"src/character.o" -o "src/character.o" "../src/character.cpp"
Finished building: ../src/character.cpp
 
Building target: Giochino
Invoking: MacOS X C++ Linker
g++  -o "Giochino"  ./src/character.o ./src/main.o ./src/map.o    -lncurses
Finished building target: Giochino
 
10:07:25 **** Incremental Build of configuration Debug for project Giochino ****
make all 
Building file: ../src/character.cpp
Invoking: GCC C++ Compiler
g++ -O0 -g3 -Wall -c -fmessage-length=0 -MMD -MP -MF"src/character.d" -MT"src/character.o" -o "src/character.o" "../src/character.cpp"
Finished building: ../src/character.cpp
 
Building target: Giochino
Invoking: MacOS X C++ Linker
g++  -o "Giochino"  ./src/character.o ./src/main.o ./src/map.o    -lncurses
Finished building target: Giochino
 
10:07:42 **** Incremental Build of configuration Debug for project Giochino ****
make all 
Building file: ../src/character.cpp
Invoking: GCC C++ Compiler
g++ -O0 -g3 -Wall -c -fmessage-length=0 -MMD -MP -MF"src/character.d" -MT"src/character.o" -o "src/character.o" "../src/character.cpp"
../src/character.cpp:26:15: warning: expression result unused [-Wunused-value]
                y_pos-2;
                ~~~~~^~
1 warning generated.
Finished building: ../src/character.cpp
 
Building target: Giochino
Invoking: MacOS X C++ Linker
g++  -o "Giochino"  ./src/character.o ./src/main.o ./src/map.o    -lncurses
Finished building target: Giochino
 
10:08:15 **** Incremental Build of configuration Debug for project Giochino ****
make all 
Building file: ../src/character.cpp
Invoking: GCC C++ Compiler
g++ -O0 -g3 -Wall -c -fmessage-length=0 -MMD -MP -MF"src/character.d" -MT"src/character.o" -o "src/character.o" "../src/character.cpp"
Finished building: ../src/character.cpp
 
Building target: Giochino
Invoking: MacOS X C++ Linker
g++  -o "Giochino"  ./src/character.o ./src/main.o ./src/map.o    -lncurses
Finished building target: Giochino
 
10:13:13 **** Incremental Build of configuration Debug for project Giochino ****
make all 
Building file: ../src/character.cpp
Invoking: GCC C++ Compiler
g++ -O0 -g3 -Wall -c -fmessage-length=0 -MMD -MP -MF"src/character.d" -MT"src/character.o" -o "src/character.o" "../src/character.cpp"
../src/character.cpp:29:36: error: function definition is not allowed here
                void Character::display() {
                                          ^
1 error generated.
make: *** [src/character.o] Error 1
"make all" terminated with exit code 2. Build might be incomplete.
10:13:24 **** Incremental Build of configuration Debug for project Giochino ****
make all 
Building file: ../src/character.cpp
Invoking: GCC C++ Compiler
g++ -O0 -g3 -Wall -c -fmessage-length=0 -MMD -MP -MF"src/character.d" -MT"src/character.o" -o "src/character.o" "../src/character.cpp"
Finished building: ../src/character.cpp
 
Building target: Giochino
Invoking: MacOS X C++ Linker
g++  -o "Giochino"  ./src/character.o ./src/main.o ./src/map.o    -lncurses
Finished building target: Giochino
 
10:15:13 **** Incremental Build of configuration Debug for project Giochino ****
make all 
Building file: ../src/character.cpp
Invoking: GCC C++ Compiler
g++ -O0 -g3 -Wall -c -fmessage-length=0 -MMD -MP -MF"src/character.d" -MT"src/character.o" -o "src/character.o" "../src/character.cpp"
Finished building: ../src/character.cpp
 
Building target: Giochino
Invoking: MacOS X C++ Linker
g++  -o "Giochino"  ./src/character.o ./src/main.o ./src/map.o    -lncurses
Finished building target: Giochino
 
10:15:24 **** Incremental Build of configuration Debug for project Giochino ****
make all 
Building file: ../src/main.cpp
Invoking: GCC C++ Compiler
g++ -O0 -g3 -Wall -c -fmessage-length=0 -MMD -MP -MF"src/main.d" -MT"src/main.o" -o "src/main.o" "../src/main.cpp"
Finished building: ../src/main.cpp
 
Building target: Giochino
Invoking: MacOS X C++ Linker
g++  -o "Giochino"  ./src/character.o ./src/main.o ./src/map.o    -lncurses
Finished building target: Giochino
 
10:16:09 **** Incremental Build of configuration Debug for project Giochino ****
make all 
Building file: ../src/character.cpp
Invoking: GCC C++ Compiler
g++ -O0 -g3 -Wall -c -fmessage-length=0 -MMD -MP -MF"src/character.d" -MT"src/character.o" -o "src/character.o" "../src/character.cpp"
Finished building: ../src/character.cpp
 
Building file: ../src/main.cpp
Invoking: GCC C++ Compiler
g++ -O0 -g3 -Wall -c -fmessage-length=0 -MMD -MP -MF"src/main.d" -MT"src/main.o" -o "src/main.o" "../src/main.cpp"
Finished building: ../src/main.cpp
 
Building target: Giochino
Invoking: MacOS X C++ Linker
g++  -o "Giochino"  ./src/character.o ./src/main.o ./src/map.o    -lncurses
Finished building target: Giochino
 
10:16:17 **** Incremental Build of configuration Debug for project Giochino ****
make all 
Building file: ../src/main.cpp
Invoking: GCC C++ Compiler
g++ -O0 -g3 -Wall -c -fmessage-length=0 -MMD -MP -MF"src/main.d" -MT"src/main.o" -o "src/main.o" "../src/main.cpp"
Finished building: ../src/main.cpp
 
Building target: Giochino
Invoking: MacOS X C++ Linker
g++  -o "Giochino"  ./src/character.o ./src/main.o ./src/map.o    -lncurses
Finished building target: Giochino
 
10:16:56 **** Incremental Build of configuration Debug for project Giochino ****
make all 
Building file: ../src/main.cpp
Invoking: GCC C++ Compiler
g++ -O0 -g3 -Wall -c -fmessage-length=0 -MMD -MP -MF"src/main.d" -MT"src/main.o" -o "src/main.o" "../src/main.cpp"
Finished building: ../src/main.cpp
 
Building target: Giochino
Invoking: MacOS X C++ Linker
g++  -o "Giochino"  ./src/character.o ./src/main.o ./src/map.o    -lncurses
Finished building target: Giochino
 
10:17:45 **** Incremental Build of configuration Debug for project Giochino ****
make all 
Building file: ../src/main.cpp
Invoking: GCC C++ Compiler
g++ -O0 -g3 -Wall -c -fmessage-length=0 -MMD -MP -MF"src/main.d" -MT"src/main.o" -o "src/main.o" "../src/main.cpp"
Finished building: ../src/main.cpp
 
Building target: Giochino
Invoking: MacOS X C++ Linker
g++  -o "Giochino"  ./src/character.o ./src/main.o ./src/map.o    -lncurses
Finished building target: Giochino
 
10:18:13 **** Incremental Build of configuration Debug for project Giochino ****
make all 
Building file: ../src/main.cpp
Invoking: GCC C++ Compiler
g++ -O0 -g3 -Wall -c -fmessage-length=0 -MMD -MP -MF"src/main.d" -MT"src/main.o" -o "src/main.o" "../src/main.cpp"
Finished building: ../src/main.cpp
 
Building target: Giochino
Invoking: MacOS X C++ Linker
g++  -o "Giochino"  ./src/character.o ./src/main.o ./src/map.o    -lncurses
Finished building target: Giochino
 
10:19:09 **** Incremental Build of configuration Debug for project Giochino ****
make all 
Building file: ../src/main.cpp
Invoking: GCC C++ Compiler
g++ -O0 -g3 -Wall -c -fmessage-length=0 -MMD -MP -MF"src/main.d" -MT"src/main.o" -o "src/main.o" "../src/main.cpp"
Finished building: ../src/main.cpp
 
Building target: Giochino
Invoking: MacOS X C++ Linker
g++  -o "Giochino"  ./src/character.o ./src/main.o ./src/map.o    -lncurses
Finished building target: Giochino
 
10:19:24 **** Incremental Build of configuration Debug for project Giochino ****
make all 
Building file: ../src/main.cpp
Invoking: GCC C++ Compiler
g++ -O0 -g3 -Wall -c -fmessage-length=0 -MMD -MP -MF"src/main.d" -MT"src/main.o" -o "src/main.o" "../src/main.cpp"
Finished building: ../src/main.cpp
 
Building target: Giochino
Invoking: MacOS X C++ Linker
g++  -o "Giochino"  ./src/character.o ./src/main.o ./src/map.o    -lncurses
Finished building target: Giochino
 
10:19:37 **** Incremental Build of configuration Debug for project Giochino ****
make all 
Building file: ../src/main.cpp
Invoking: GCC C++ Compiler
g++ -O0 -g3 -Wall -c -fmessage-length=0 -MMD -MP -MF"src/main.d" -MT"src/main.o" -o "src/main.o" "../src/main.cpp"
Finished building: ../src/main.cpp
 
Building target: Giochino
Invoking: MacOS X C++ Linker
g++  -o "Giochino"  ./src/character.o ./src/main.o ./src/map.o    -lncurses
Finished building target: Giochino
 
10:19:59 **** Incremental Build of configuration Debug for project Giochino ****
make all 
Building file: ../src/main.cpp
Invoking: GCC C++ Compiler
g++ -O0 -g3 -Wall -c -fmessage-length=0 -MMD -MP -MF"src/main.d" -MT"src/main.o" -o "src/main.o" "../src/main.cpp"
Finished building: ../src/main.cpp
 
Building target: Giochino
Invoking: MacOS X C++ Linker
g++  -o "Giochino"  ./src/character.o ./src/main.o ./src/map.o    -lncurses
Finished building target: Giochino
 
10:20:36 **** Incremental Build of configuration Debug for project Giochino ****
make all 
Building file: ../src/main.cpp
Invoking: GCC C++ Compiler
g++ -O0 -g3 -Wall -c -fmessage-length=0 -MMD -MP -MF"src/main.d" -MT"src/main.o" -o "src/main.o" "../src/main.cpp"
../src/main.cpp:37:25: error: use of undeclared identifier 'y'
                mvaddch(y + 1 , x, ' '); // cancella il carattere precedente
                        ^
../src/main.cpp:37:33: error: use of undeclared identifier 'x'
                mvaddch(y + 1 , x, ' '); // cancella il carattere precedente
                                ^
2 errors generated.
make: *** [src/main.o] Error 1
"make all" terminated with exit code 2. Build might be incomplete.
10:21:02 **** Incremental Build of configuration Debug for project Giochino ****
make all 
Building file: ../src/main.cpp
Invoking: GCC C++ Compiler
g++ -O0 -g3 -Wall -c -fmessage-length=0 -MMD -MP -MF"src/main.d" -MT"src/main.o" -o "src/main.o" "../src/main.cpp"
../src/main.cpp:37:25: error: use of undeclared identifier 'y'
                mvaddch(y + 1 , x, ' '); // cancella il carattere precedente
                        ^
../src/main.cpp:37:33: error: use of undeclared identifier 'x'
                mvaddch(y + 1 , x, ' '); // cancella il carattere precedente
                                ^
2 errors generated.
make: *** [src/main.o] Error 1
"make all" terminated with exit code 2. Build might be incomplete.
10:21:07 **** Incremental Build of configuration Debug for project Giochino ****
make all 
Building file: ../src/main.cpp
Invoking: GCC C++ Compiler
g++ -O0 -g3 -Wall -c -fmessage-length=0 -MMD -MP -MF"src/main.d" -MT"src/main.o" -o "src/main.o" "../src/main.cpp"
Finished building: ../src/main.cpp
 
Building file: ../src/map.cpp
Invoking: GCC C++ Compiler
g++ -O0 -g3 -Wall -c -fmessage-length=0 -MMD -MP -MF"src/map.d" -MT"src/map.o" -o "src/map.o" "../src/map.cpp"
Finished building: ../src/map.cpp
 
Building target: Giochino
Invoking: MacOS X C++ Linker
g++  -o "Giochino"  ./src/character.o ./src/main.o ./src/map.o    -lncurses
Finished building target: Giochino
 
10:21:10 **** Incremental Build of configuration Debug for project Giochino ****
make all 
make: Nothing to be done for `all'.
10:23:50 **** Incremental Build of configuration Debug for project Giochino ****
make all 
Building file: ../src/map.cpp
Invoking: GCC C++ Compiler
g++ -O0 -g3 -Wall -c -fmessage-length=0 -MMD -MP -MF"src/map.d" -MT"src/map.o" -o "src/map.o" "../src/map.cpp"
../src/map.cpp:47:11: error: out-of-line definition of 'canc' does not match any declaration in 'Map'
void Map::canc(int x, int y, char c){
          ^~~~
1 error generated.
make: *** [src/map.o] Error 1
"make all" terminated with exit code 2. Build might be incomplete.
10:24:11 **** Incremental Build of configuration Debug for project Giochino ****
make all 
Building file: ../src/main.cpp
Invoking: GCC C++ Compiler
g++ -O0 -g3 -Wall -c -fmessage-length=0 -MMD -MP -MF"src/main.d" -MT"src/main.o" -o "src/main.o" "../src/main.cpp"
Finished building: ../src/main.cpp
 
Building file: ../src/map.cpp
Invoking: GCC C++ Compiler
g++ -O0 -g3 -Wall -c -fmessage-length=0 -MMD -MP -MF"src/map.d" -MT"src/map.o" -o "src/map.o" "../src/map.cpp"
Finished building: ../src/map.cpp
 
Building target: Giochino
Invoking: MacOS X C++ Linker
g++  -o "Giochino"  ./src/character.o ./src/main.o ./src/map.o    -lncurses
Finished building target: Giochino
 
10:24:14 **** Incremental Build of configuration Debug for project Giochino ****
make all 
make: Nothing to be done for `all'.
10:25:22 **** Incremental Build of configuration Debug for project Giochino ****
make all 
Building file: ../src/main.cpp
Invoking: GCC C++ Compiler
g++ -O0 -g3 -Wall -c -fmessage-length=0 -MMD -MP -MF"src/main.d" -MT"src/main.o" -o "src/main.o" "../src/main.cpp"
Finished building: ../src/main.cpp
 
Building target: Giochino
Invoking: MacOS X C++ Linker
g++  -o "Giochino"  ./src/character.o ./src/main.o ./src/map.o    -lncurses
Finished building target: Giochino
 
10:27:38 **** Incremental Build of configuration Debug for project Giochino ****
make all 
Building file: ../src/main.cpp
Invoking: GCC C++ Compiler
g++ -O0 -g3 -Wall -c -fmessage-length=0 -MMD -MP -MF"src/main.d" -MT"src/main.o" -o "src/main.o" "../src/main.cpp"
Finished building: ../src/main.cpp
 
Building target: Giochino
Invoking: MacOS X C++ Linker
g++  -o "Giochino"  ./src/character.o ./src/main.o ./src/map.o    -lncurses
Finished building target: Giochino
 
10:28:19 **** Incremental Build of configuration Debug for project Giochino ****
make all 
Building file: ../src/map.cpp
Invoking: GCC C++ Compiler
g++ -O0 -g3 -Wall -c -fmessage-length=0 -MMD -MP -MF"src/map.d" -MT"src/map.o" -o "src/map.o" "../src/map.cpp"
Finished building: ../src/map.cpp
 
Building target: Giochino
Invoking: MacOS X C++ Linker
g++  -o "Giochino"  ./src/character.o ./src/main.o ./src/map.o    -lncurses
Finished building target: Giochino
 
10:28:20 **** Incremental Build of configuration Debug for project Giochino ****
make all 
make: Nothing to be done for `all'.
10:29:03 **** Incremental Build of configuration Debug for project Giochino ****
make all 
Building file: ../src/main.cpp
Invoking: GCC C++ Compiler
g++ -O0 -g3 -Wall -c -fmessage-length=0 -MMD -MP -MF"src/main.d" -MT"src/main.o" -o "src/main.o" "../src/main.cpp"
Finished building: ../src/main.cpp
 
Building target: Giochino
Invoking: MacOS X C++ Linker
g++  -o "Giochino"  ./src/character.o ./src/main.o ./src/map.o    -lncurses
Finished building target: Giochino
 
10:29:40 **** Incremental Build of configuration Debug for project Giochino ****
make all 
Building file: ../src/main.cpp
Invoking: GCC C++ Compiler
g++ -O0 -g3 -Wall -c -fmessage-length=0 -MMD -MP -MF"src/main.d" -MT"src/main.o" -o "src/main.o" "../src/main.cpp"
Finished building: ../src/main.cpp
 
Building target: Giochino
Invoking: MacOS X C++ Linker
g++  -o "Giochino"  ./src/character.o ./src/main.o ./src/map.o    -lncurses
Finished building target: Giochino
 
10:30:29 **** Incremental Build of configuration Debug for project Giochino ****
make all 
Building file: ../src/main.cpp
Invoking: GCC C++ Compiler
g++ -O0 -g3 -Wall -c -fmessage-length=0 -MMD -MP -MF"src/main.d" -MT"src/main.o" -o "src/main.o" "../src/main.cpp"
Finished building: ../src/main.cpp
 
Building target: Giochino
Invoking: MacOS X C++ Linker
g++  -o "Giochino"  ./src/character.o ./src/main.o ./src/map.o    -lncurses
Finished building target: Giochino
 
10:33:37 **** Incremental Build of configuration Debug for project Giochino ****
make all 
Building file: ../src/main.cpp
Invoking: GCC C++ Compiler
g++ -O0 -g3 -Wall -c -fmessage-length=0 -MMD -MP -MF"src/main.d" -MT"src/main.o" -o "src/main.o" "../src/main.cpp"
Finished building: ../src/main.cpp
 
Building target: Giochino
Invoking: MacOS X C++ Linker
g++  -o "Giochino"  ./src/character.o ./src/main.o ./src/map.o    -lncurses
Finished building target: Giochino
 
10:43:22 **** Incremental Build of configuration Debug for project Giochino ****
make all 
Building file: ../src/character.cpp
Invoking: GCC C++ Compiler
g++ -O0 -g3 -Wall -c -fmessage-length=0 -MMD -MP -MF"src/character.d" -MT"src/character.o" -o "src/character.o" "../src/character.cpp"
Finished building: ../src/character.cpp
 
Building file: ../src/main.cpp
Invoking: GCC C++ Compiler
g++ -O0 -g3 -Wall -c -fmessage-length=0 -MMD -MP -MF"src/main.d" -MT"src/main.o" -o "src/main.o" "../src/main.cpp"
Finished building: ../src/main.cpp
 
Building target: Giochino
Invoking: MacOS X C++ Linker
g++  -o "Giochino"  ./src/character.o ./src/main.o ./src/map.o    -lncurses
Finished building target: Giochino
 
10:43:40 **** Incremental Build of configuration Debug for project Giochino ****
make all 
Building file: ../src/main.cpp
Invoking: GCC C++ Compiler
g++ -O0 -g3 -Wall -c -fmessage-length=0 -MMD -MP -MF"src/main.d" -MT"src/main.o" -o "src/main.o" "../src/main.cpp"
../src/main.cpp:75:2: error: expected '}'
}
 ^
../src/main.cpp:12:11: note: to match this '{'
int main(){
          ^
1 error generated.
make: *** [src/main.o] Error 1
"make all" terminated with exit code 2. Build might be incomplete.
10:44:08 **** Incremental Build of configuration Debug for project Giochino ****
make all 
Building file: ../src/main.cpp
Invoking: GCC C++ Compiler
g++ -O0 -g3 -Wall -c -fmessage-length=0 -MMD -MP -MF"src/main.d" -MT"src/main.o" -o "src/main.o" "../src/main.cpp"
../src/main.cpp:74:2: error: expected '}'
}
 ^
../src/main.cpp:12:11: note: to match this '{'
int main(){
          ^
1 error generated.
make: *** [src/main.o] Error 1
"make all" terminated with exit code 2. Build might be incomplete.
10:44:35 **** Incremental Build of configuration Debug for project Giochino ****
make all 
Building file: ../src/main.cpp
Invoking: GCC C++ Compiler
g++ -O0 -g3 -Wall -c -fmessage-length=0 -MMD -MP -MF"src/main.d" -MT"src/main.o" -o "src/main.o" "../src/main.cpp"
Finished building: ../src/main.cpp
 
Building target: Giochino
Invoking: MacOS X C++ Linker
g++  -o "Giochino"  ./src/character.o ./src/main.o ./src/map.o    -lncurses
Finished building target: Giochino
 
10:45:45 **** Incremental Build of configuration Debug for project Giochino ****
make all 
Building file: ../src/main.cpp
Invoking: GCC C++ Compiler
g++ -O0 -g3 -Wall -c -fmessage-length=0 -MMD -MP -MF"src/main.d" -MT"src/main.o" -o "src/main.o" "../src/main.cpp"
../src/main.cpp:75:2: error: expected '}'
}
 ^
../src/main.cpp:12:11: note: to match this '{'
int main(){
          ^
1 error generated.
make: *** [src/main.o] Error 1
"make all" terminated with exit code 2. Build might be incomplete.
10:45:57 **** Incremental Build of configuration Debug for project Giochino ****
make all 
Building file: ../src/main.cpp
Invoking: GCC C++ Compiler
g++ -O0 -g3 -Wall -c -fmessage-length=0 -MMD -MP -MF"src/main.d" -MT"src/main.o" -o "src/main.o" "../src/main.cpp"
Finished building: ../src/main.cpp
 
Building target: Giochino
Invoking: MacOS X C++ Linker
g++  -o "Giochino"  ./src/character.o ./src/main.o ./src/map.o    -lncurses
Finished building target: Giochino
 
10:46:53 **** Incremental Build of configuration Debug for project Giochino ****
make all 
Building file: ../src/main.cpp
Invoking: GCC C++ Compiler
g++ -O0 -g3 -Wall -c -fmessage-length=0 -MMD -MP -MF"src/main.d" -MT"src/main.o" -o "src/main.o" "../src/main.cpp"
Finished building: ../src/main.cpp
 
Building target: Giochino
Invoking: MacOS X C++ Linker
g++  -o "Giochino"  ./src/character.o ./src/main.o ./src/map.o    -lncurses
Finished building target: Giochino
 
10:47:27 **** Incremental Build of configuration Debug for project Giochino ****
make all 
Building file: ../src/map.cpp
Invoking: GCC C++ Compiler
g++ -O0 -g3 -Wall -c -fmessage-length=0 -MMD -MP -MF"src/map.d" -MT"src/map.o" -o "src/map.o" "../src/map.cpp"
Finished building: ../src/map.cpp
 
Building target: Giochino
Invoking: MacOS X C++ Linker
g++  -o "Giochino"  ./src/character.o ./src/main.o ./src/map.o    -lncurses
Finished building target: Giochino
 
10:56:17 **** Incremental Build of configuration Debug for project Giochino ****
make all 
Building file: ../src/main.cpp
Invoking: GCC C++ Compiler
g++ -O0 -g3 -Wall -c -fmessage-length=0 -MMD -MP -MF"src/main.d" -MT"src/main.o" -o "src/main.o" "../src/main.cpp"
../src/main.cpp:54:27: error: expected ':' after 'case'
                  case 'd'
                          ^
                          :
../src/main.cpp:75:13: error: cannot jump from switch statement to this case label
            default:
            ^
../src/main.cpp:48:21: note: jump bypasses variable initialization
                int spostamento = getch();
                    ^
2 errors generated.
make: *** [src/main.o] Error 1
"make all" terminated with exit code 2. Build might be incomplete.
10:56:47 **** Incremental Build of configuration Debug for project Giochino ****
make all 
Building file: ../src/main.cpp
Invoking: GCC C++ Compiler
g++ -O0 -g3 -Wall -c -fmessage-length=0 -MMD -MP -MF"src/main.d" -MT"src/main.o" -o "src/main.o" "../src/main.cpp"
../src/main.cpp:75:13: error: cannot jump from switch statement to this case label
            default:
            ^
../src/main.cpp:48:21: note: jump bypasses variable initialization
                int spostamento = getch();
                    ^
1 error generated.
make: *** [src/main.o] Error 1
"make all" terminated with exit code 2. Build might be incomplete.
11:02:29 **** Incremental Build of configuration Debug for project Giochino ****
make all 
Building file: ../src/main.cpp
Invoking: GCC C++ Compiler
g++ -O0 -g3 -Wall -c -fmessage-length=0 -MMD -MP -MF"src/main.d" -MT"src/main.o" -o "src/main.o" "../src/main.cpp"
Finished building: ../src/main.cpp
 
Building target: Giochino
Invoking: MacOS X C++ Linker
g++  -o "Giochino"  ./src/character.o ./src/main.o ./src/map.o    -lncurses
Finished building target: Giochino
 
11:03:28 **** Incremental Build of configuration Debug for project Giochino ****
make all 
Building file: ../src/main.cpp
Invoking: GCC C++ Compiler
g++ -O0 -g3 -Wall -c -fmessage-length=0 -MMD -MP -MF"src/main.d" -MT"src/main.o" -o "src/main.o" "../src/main.cpp"
Finished building: ../src/main.cpp
 
Building target: Giochino
Invoking: MacOS X C++ Linker
g++  -o "Giochino"  ./src/character.o ./src/main.o ./src/map.o    -lncurses
Finished building target: Giochino
 
11:03:36 **** Incremental Build of configuration Debug for project Giochino ****
make all 
Building file: ../src/main.cpp
Invoking: GCC C++ Compiler
g++ -O0 -g3 -Wall -c -fmessage-length=0 -MMD -MP -MF"src/main.d" -MT"src/main.o" -o "src/main.o" "../src/main.cpp"
Finished building: ../src/main.cpp
 
Building target: Giochino
Invoking: MacOS X C++ Linker
g++  -o "Giochino"  ./src/character.o ./src/main.o ./src/map.o    -lncurses
Finished building target: Giochino
 
11:04:41 **** Incremental Build of configuration Debug for project Giochino ****
make all 
Building file: ../src/main.cpp
Invoking: GCC C++ Compiler
g++ -O0 -g3 -Wall -c -fmessage-length=0 -MMD -MP -MF"src/main.d" -MT"src/main.o" -o "src/main.o" "../src/main.cpp"
Finished building: ../src/main.cpp
 
Building target: Giochino
Invoking: MacOS X C++ Linker
g++  -o "Giochino"  ./src/character.o ./src/main.o ./src/map.o    -lncurses
Finished building target: Giochino
 
13:26:10 **** Incremental Build of configuration Debug for project Giochino ****
make all 
make: Nothing to be done for `all'.
13:26:51 **** Incremental Build of configuration Debug for project Giochino ****
make all 
Building file: ../src/character.cpp
Invoking: GCC C++ Compiler
g++ -O0 -g3 -Wall -c -fmessage-length=0 -MMD -MP -MF"src/character.d" -MT"src/character.o" -o "src/character.o" "../src/character.cpp"
Finished building: ../src/character.cpp
 
Building target: Giochino
Invoking: MacOS X C++ Linker
g++  -o "Giochino"  ./src/character.o ./src/main.o ./src/map.o    -lncurses
Finished building target: Giochino
 
13:27:01 **** Incremental Build of configuration Debug for project Giochino ****
make all 
Building file: ../src/character.cpp
Invoking: GCC C++ Compiler
g++ -O0 -g3 -Wall -c -fmessage-length=0 -MMD -MP -MF"src/character.d" -MT"src/character.o" -o "src/character.o" "../src/character.cpp"
Finished building: ../src/character.cpp
 
Building target: Giochino
Invoking: MacOS X C++ Linker
g++  -o "Giochino"  ./src/character.o ./src/main.o ./src/map.o    -lncurses
Finished building target: Giochino
 
13:28:42 **** Incremental Build of configuration Debug for project Giochino ****
make all 
Building file: ../src/character.cpp
Invoking: GCC C++ Compiler
g++ -O0 -g3 -Wall -c -fmessage-length=0 -MMD -MP -MF"src/character.d" -MT"src/character.o" -o "src/character.o" "../src/character.cpp"
Finished building: ../src/character.cpp
 
Building target: Giochino
Invoking: MacOS X C++ Linker
g++  -o "Giochino"  ./src/character.o ./src/main.o ./src/map.o    -lncurses
Finished building target: Giochino
 
13:29:18 **** Incremental Build of configuration Debug for project Giochino ****
make all 
Building file: ../src/main.cpp
Invoking: GCC C++ Compiler
g++ -O0 -g3 -Wall -c -fmessage-length=0 -MMD -MP -MF"src/main.d" -MT"src/main.o" -o "src/main.o" "../src/main.cpp"
../src/main.cpp:76:46: warning: multi-character character constant [-Wmultichar]
        map.draw(player.x_pos, player.y_pos, 'P/');
                                             ^
../src/main.cpp:77:46: warning: multi-character character constant [-Wmultichar]
        map.canc(player.x_pos, player.y_pos, 'P/');
                                             ^
../src/main.cpp:76:46: warning: implicit conversion from 'int' to 'char' changes value from 20527 to 47 [-Wconstant-conversion]
        map.draw(player.x_pos, player.y_pos, 'P/');
            ~~~~                             ^~~~
../src/main.cpp:77:46: warning: implicit conversion from 'int' to 'char' changes value from 20527 to 47 [-Wconstant-conversion]
        map.canc(player.x_pos, player.y_pos, 'P/');
            ~~~~                             ^~~~
4 warnings generated.
Finished building: ../src/main.cpp
 
Building target: Giochino
Invoking: MacOS X C++ Linker
g++  -o "Giochino"  ./src/character.o ./src/main.o ./src/map.o    -lncurses
Finished building target: Giochino
 
13:32:32 **** Incremental Build of configuration Debug for project Giochino ****
make all 
Building file: ../src/main.cpp
Invoking: GCC C++ Compiler
g++ -O0 -g3 -Wall -c -fmessage-length=0 -MMD -MP -MF"src/main.d" -MT"src/main.o" -o "src/main.o" "../src/main.cpp"
Finished building: ../src/main.cpp
 
Building target: Giochino
Invoking: MacOS X C++ Linker
g++  -o "Giochino"  ./src/character.o ./src/main.o ./src/map.o    -lncurses
Finished building target: Giochino
 
13:35:35 **** Incremental Build of configuration Debug for project Giochino ****
make all 
Building file: ../src/character.cpp
Invoking: GCC C++ Compiler
g++ -O0 -g3 -Wall -c -fmessage-length=0 -MMD -MP -MF"src/character.d" -MT"src/character.o" -o "src/character.o" "../src/character.cpp"
../src/character.cpp:42:3: error: use of undeclared identifier 'map'
                map.draw(player.x_pos, player.y_pos, '/');
                ^
../src/character.cpp:42:12: error: use of undeclared identifier 'player'
                map.draw(player.x_pos, player.y_pos, '/');
                         ^
../src/character.cpp:42:26: error: use of undeclared identifier 'player'
                map.draw(player.x_pos, player.y_pos, '/');
                                       ^
../src/character.cpp:43:3: error: use of undeclared identifier 'map'
                map.canc(player.x_pos, player.y_pos, '/');
                ^
../src/character.cpp:43:12: error: use of undeclared identifier 'player'
                map.canc(player.x_pos, player.y_pos, '/');
                         ^
../src/character.cpp:43:26: error: use of undeclared identifier 'player'
                map.canc(player.x_pos, player.y_pos, '/');
                                       ^
6 errors generated.
make: *** [src/character.o] Error 1
"make all" terminated with exit code 2. Build might be incomplete.
13:36:20 **** Incremental Build of configuration Debug for project Giochino ****
make all 
Building file: ../src/character.cpp
Invoking: GCC C++ Compiler
g++ -O0 -g3 -Wall -c -fmessage-length=0 -MMD -MP -MF"src/character.d" -MT"src/character.o" -o "src/character.o" "../src/character.cpp"
../src/character.cpp:42:3: error: use of undeclared identifier 'map'
                map.draw(player.x_pos, player.y_pos, '/');
                ^
../src/character.cpp:42:12: error: use of undeclared identifier 'player'
                map.draw(player.x_pos, player.y_pos, '/');
                         ^
../src/character.cpp:42:26: error: use of undeclared identifier 'player'
                map.draw(player.x_pos, player.y_pos, '/');
                                       ^
../src/character.cpp:43:3: error: use of undeclared identifier 'map'
                map.canc(player.x_pos, player.y_pos, '/');
                ^
../src/character.cpp:43:12: error: use of undeclared identifier 'player'
                map.canc(player.x_pos, player.y_pos, '/');
                         ^
../src/character.cpp:43:26: error: use of undeclared identifier 'player'
                map.canc(player.x_pos, player.y_pos, '/');
                                       ^
6 errors generated.
make: *** [src/character.o] Error 1
"make all" terminated with exit code 2. Build might be incomplete.
13:36:46 **** Incremental Build of configuration Debug for project Giochino ****
make all 
Building file: ../src/character.cpp
Invoking: GCC C++ Compiler
g++ -O0 -g3 -Wall -c -fmessage-length=0 -MMD -MP -MF"src/character.d" -MT"src/character.o" -o "src/character.o" "../src/character.cpp"
Finished building: ../src/character.cpp
 
Building file: ../src/main.cpp
Invoking: GCC C++ Compiler
g++ -O0 -g3 -Wall -c -fmessage-length=0 -MMD -MP -MF"src/main.d" -MT"src/main.o" -o "src/main.o" "../src/main.cpp"
Finished building: ../src/main.cpp
 
Building target: Giochino
Invoking: MacOS X C++ Linker
g++  -o "Giochino"  ./src/character.o ./src/main.o ./src/map.o    -lncurses
Finished building target: Giochino
 
13:36:49 **** Incremental Build of configuration Debug for project Giochino ****
make all 
make: Nothing to be done for `all'.
13:37:25 **** Incremental Build of configuration Debug for project Giochino ****
make all 
Building file: ../src/character.cpp
Invoking: GCC C++ Compiler
g++ -O0 -g3 -Wall -c -fmessage-length=0 -MMD -MP -MF"src/character.d" -MT"src/character.o" -o "src/character.o" "../src/character.cpp"
Finished building: ../src/character.cpp
 
Building target: Giochino
Invoking: MacOS X C++ Linker
g++  -o "Giochino"  ./src/character.o ./src/main.o ./src/map.o    -lncurses
Undefined symbols for architecture arm64:
  "Character::attack()", referenced from:
      _main in main.o
ld: symbol(s) not found for architecture arm64
clang: error: linker command failed with exit code 1 (use -v to see invocation)
make: *** [Giochino] Error 1
"make all" terminated with exit code 2. Build might be incomplete.
13:37:35 **** Incremental Build of configuration Debug for project Giochino ****
make all 
Building target: Giochino
Invoking: MacOS X C++ Linker
g++  -o "Giochino"  ./src/character.o ./src/main.o ./src/map.o    -lncurses
Undefined symbols for architecture arm64:
  "Character::attack()", referenced from:
      _main in main.o
ld: symbol(s) not found for architecture arm64
clang: error: linker command failed with exit code 1 (use -v to see invocation)
make: *** [Giochino] Error 1
"make all" terminated with exit code 2. Build might be incomplete.
13:37:37 **** Incremental Build of configuration Debug for project Giochino ****
make all 
Building target: Giochino
Invoking: MacOS X C++ Linker
g++  -o "Giochino"  ./src/character.o ./src/main.o ./src/map.o    -lncurses
Undefined symbols for architecture arm64:
  "Character::attack()", referenced from:
      _main in main.o
ld: symbol(s) not found for architecture arm64
clang: error: linker command failed with exit code 1 (use -v to see invocation)
make: *** [Giochino] Error 1
"make all" terminated with exit code 2. Build might be incomplete.
13:37:39 **** Incremental Build of configuration Debug for project Giochino ****
make all 
Building file: ../src/main.cpp
Invoking: GCC C++ Compiler
g++ -O0 -g3 -Wall -c -fmessage-length=0 -MMD -MP -MF"src/main.d" -MT"src/main.o" -o "src/main.o" "../src/main.cpp"
Finished building: ../src/main.cpp
 
Building target: Giochino
Invoking: MacOS X C++ Linker
g++  -o "Giochino"  ./src/character.o ./src/main.o ./src/map.o    -lncurses
Finished building target: Giochino
 
13:37:43 **** Incremental Build of configuration Debug for project Giochino ****
make all 
make: Nothing to be done for `all'.
13:38:13 **** Incremental Build of configuration Debug for project Giochino ****
make all 
Building file: ../src/main.cpp
Invoking: GCC C++ Compiler
g++ -O0 -g3 -Wall -c -fmessage-length=0 -MMD -MP -MF"src/main.d" -MT"src/main.o" -o "src/main.o" "../src/main.cpp"
Finished building: ../src/main.cpp
 
Building target: Giochino
Invoking: MacOS X C++ Linker
g++  -o "Giochino"  ./src/character.o ./src/main.o ./src/map.o    -lncurses
Finished building target: Giochino
 
13:38:14 **** Incremental Build of configuration Debug for project Giochino ****
make all 
make: Nothing to be done for `all'.
13:39:05 **** Incremental Build of configuration Debug for project Giochino ****
make all 
Building file: ../src/main.cpp
Invoking: GCC C++ Compiler
g++ -O0 -g3 -Wall -c -fmessage-length=0 -MMD -MP -MF"src/main.d" -MT"src/main.o" -o "src/main.o" "../src/main.cpp"
Finished building: ../src/main.cpp
 
Building target: Giochino
Invoking: MacOS X C++ Linker
g++  -o "Giochino"  ./src/character.o ./src/main.o ./src/map.o    -lncurses
Finished building target: Giochino
 
13:39:35 **** Incremental Build of configuration Debug for project Giochino ****
make all 
Building file: ../src/character.cpp
Invoking: GCC C++ Compiler
g++ -O0 -g3 -Wall -c -fmessage-length=0 -MMD -MP -MF"src/character.d" -MT"src/character.o" -o "src/character.o" "../src/character.cpp"
Finished building: ../src/character.cpp
 
Building file: ../src/main.cpp
Invoking: GCC C++ Compiler
g++ -O0 -g3 -Wall -c -fmessage-length=0 -MMD -MP -MF"src/main.d" -MT"src/main.o" -o "src/main.o" "../src/main.cpp"
Finished building: ../src/main.cpp
 
Building target: Giochino
Invoking: MacOS X C++ Linker
g++  -o "Giochino"  ./src/character.o ./src/main.o ./src/map.o    -lncurses
Finished building target: Giochino
 
13:40:01 **** Incremental Build of configuration Debug for project Giochino ****
make all 
Building file: ../src/character.cpp
Invoking: GCC C++ Compiler
g++ -O0 -g3 -Wall -c -fmessage-length=0 -MMD -MP -MF"src/character.d" -MT"src/character.o" -o "src/character.o" "../src/character.cpp"
../src/character.cpp:49:6: error: use of undeclared identifier 'CharacterAtt'; did you mean 'Character'?
void CharacterAtt::display() {
     ^~~~~~~~~~~~
     Character
../src/character.hpp:12:7: note: 'Character' declared here
class Character {
      ^
../src/character.cpp:49:20: error: redefinition of 'display'
void CharacterAtt::display() {
                   ^
../src/character.cpp:42:17: note: previous definition is here
void Character::display() {
                ^
2 errors generated.
make: *** [src/character.o] Error 1
"make all" terminated with exit code 2. Build might be incomplete.
13:40:08 **** Incremental Build of configuration Debug for project Giochino ****
make all 
Building file: ../src/character.cpp
Invoking: GCC C++ Compiler
g++ -O0 -g3 -Wall -c -fmessage-length=0 -MMD -MP -MF"src/character.d" -MT"src/character.o" -o "src/character.o" "../src/character.cpp"
../src/character.cpp:49:17: error: redefinition of 'display'
void Character::display() {
                ^
../src/character.cpp:42:17: note: previous definition is here
void Character::display() {
                ^
1 error generated.
make: *** [src/character.o] Error 1
"make all" terminated with exit code 2. Build might be incomplete.
13:40:39 **** Incremental Build of configuration Debug for project Giochino ****
make all 
Building file: ../src/character.cpp
Invoking: GCC C++ Compiler
g++ -O0 -g3 -Wall -c -fmessage-length=0 -MMD -MP -MF"src/character.d" -MT"src/character.o" -o "src/character.o" "../src/character.cpp"
../src/character.cpp:49:17: error: out-of-line definition of 'displayAtt' does not match any declaration in 'Character'
void Character::displayAtt() {
                ^~~~~~~~~~
1 error generated.
make: *** [src/character.o] Error 1
"make all" terminated with exit code 2. Build might be incomplete.
13:41:08 **** Incremental Build of configuration Debug for project Giochino ****
make all 
Building file: ../src/character.cpp
Invoking: GCC C++ Compiler
g++ -O0 -g3 -Wall -c -fmessage-length=0 -MMD -MP -MF"src/character.d" -MT"src/character.o" -o "src/character.o" "../src/character.cpp"
Finished building: ../src/character.cpp
 
Building file: ../src/main.cpp
Invoking: GCC C++ Compiler
g++ -O0 -g3 -Wall -c -fmessage-length=0 -MMD -MP -MF"src/main.d" -MT"src/main.o" -o "src/main.o" "../src/main.cpp"
Finished building: ../src/main.cpp
 
Building target: Giochino
Invoking: MacOS X C++ Linker
g++  -o "Giochino"  ./src/character.o ./src/main.o ./src/map.o    -lncurses
Finished building target: Giochino
 
13:41:10 **** Incremental Build of configuration Debug for project Giochino ****
make all 
make: Nothing to be done for `all'.
13:41:16 **** Incremental Build of configuration Debug for project Giochino ****
make all 
Building file: ../src/character.cpp
Invoking: GCC C++ Compiler
g++ -O0 -g3 -Wall -c -fmessage-length=0 -MMD -MP -MF"src/character.d" -MT"src/character.o" -o "src/character.o" "../src/character.cpp"
Finished building: ../src/character.cpp
 
Building target: Giochino
Invoking: MacOS X C++ Linker
g++  -o "Giochino"  ./src/character.o ./src/main.o ./src/map.o    -lncurses
Finished building target: Giochino
 
13:41:26 **** Incremental Build of configuration Debug for project Giochino ****
make all 
make: Nothing to be done for `all'.
13:41:59 **** Incremental Build of configuration Debug for project Giochino ****
make all 
Building file: ../src/main.cpp
Invoking: GCC C++ Compiler
g++ -O0 -g3 -Wall -c -fmessage-length=0 -MMD -MP -MF"src/main.d" -MT"src/main.o" -o "src/main.o" "../src/main.cpp"
Finished building: ../src/main.cpp
 
Building target: Giochino
Invoking: MacOS X C++ Linker
g++  -o "Giochino"  ./src/character.o ./src/main.o ./src/map.o    -lncurses
Finished building target: Giochino
 
13:42:15 **** Incremental Build of configuration Debug for project Giochino ****
make all 
Building file: ../src/main.cpp
Invoking: GCC C++ Compiler
g++ -O0 -g3 -Wall -c -fmessage-length=0 -MMD -MP -MF"src/main.d" -MT"src/main.o" -o "src/main.o" "../src/main.cpp"
Finished building: ../src/main.cpp
 
Building target: Giochino
Invoking: MacOS X C++ Linker
g++  -o "Giochino"  ./src/character.o ./src/main.o ./src/map.o    -lncurses
Finished building target: Giochino
 
13:42:31 **** Incremental Build of configuration Debug for project Giochino ****
make all 
Building file: ../src/main.cpp
Invoking: GCC C++ Compiler
g++ -O0 -g3 -Wall -c -fmessage-length=0 -MMD -MP -MF"src/main.d" -MT"src/main.o" -o "src/main.o" "../src/main.cpp"
Finished building: ../src/main.cpp
 
Building target: Giochino
Invoking: MacOS X C++ Linker
g++  -o "Giochino"  ./src/character.o ./src/main.o ./src/map.o    -lncurses
Finished building target: Giochino
 
13:42:57 **** Incremental Build of configuration Debug for project Giochino ****
make all 
Building file: ../src/main.cpp
Invoking: GCC C++ Compiler
g++ -O0 -g3 -Wall -c -fmessage-length=0 -MMD -MP -MF"src/main.d" -MT"src/main.o" -o "src/main.o" "../src/main.cpp"
Finished building: ../src/main.cpp
 
Building target: Giochino
Invoking: MacOS X C++ Linker
g++  -o "Giochino"  ./src/character.o ./src/main.o ./src/map.o    -lncurses
Finished building target: Giochino
 
13:43:35 **** Incremental Build of configuration Debug for project Giochino ****
make all 
Building file: ../src/main.cpp
Invoking: GCC C++ Compiler
g++ -O0 -g3 -Wall -c -fmessage-length=0 -MMD -MP -MF"src/main.d" -MT"src/main.o" -o "src/main.o" "../src/main.cpp"
Finished building: ../src/main.cpp
 
Building target: Giochino
Invoking: MacOS X C++ Linker
g++  -o "Giochino"  ./src/character.o ./src/main.o ./src/map.o    -lncurses
Finished building target: Giochino
 
13:44:17 **** Incremental Build of configuration Debug for project Giochino ****
make all 
Building file: ../src/main.cpp
Invoking: GCC C++ Compiler
g++ -O0 -g3 -Wall -c -fmessage-length=0 -MMD -MP -MF"src/main.d" -MT"src/main.o" -o "src/main.o" "../src/main.cpp"
Finished building: ../src/main.cpp
 
Building target: Giochino
Invoking: MacOS X C++ Linker
g++  -o "Giochino"  ./src/character.o ./src/main.o ./src/map.o    -lncurses
Finished building target: Giochino
 
13:45:59 **** Incremental Build of configuration Debug for project Giochino ****
make all 
Building file: ../src/character.cpp
Invoking: GCC C++ Compiler
g++ -O0 -g3 -Wall -c -fmessage-length=0 -MMD -MP -MF"src/character.d" -MT"src/character.o" -o "src/character.o" "../src/character.cpp"
../src/character.cpp:56:17: error: out-of-line definition of 'displayParry' does not match any declaration in 'Character'
void Character::displayParry() {
                ^~~~~~~~~~~~
1 error generated.
make: *** [src/character.o] Error 1
"make all" terminated with exit code 2. Build might be incomplete.
13:46:15 **** Incremental Build of configuration Debug for project Giochino ****
make all 
Building file: ../src/character.cpp
Invoking: GCC C++ Compiler
g++ -O0 -g3 -Wall -c -fmessage-length=0 -MMD -MP -MF"src/character.d" -MT"src/character.o" -o "src/character.o" "../src/character.cpp"
Finished building: ../src/character.cpp
 
Building file: ../src/main.cpp
Invoking: GCC C++ Compiler
g++ -O0 -g3 -Wall -c -fmessage-length=0 -MMD -MP -MF"src/main.d" -MT"src/main.o" -o "src/main.o" "../src/main.cpp"
Finished building: ../src/main.cpp
 
Building target: Giochino
Invoking: MacOS X C++ Linker
g++  -o "Giochino"  ./src/character.o ./src/main.o ./src/map.o    -lncurses
Finished building target: Giochino
 
13:46:22 **** Incremental Build of configuration Debug for project Giochino ****
make all 
Building file: ../src/character.cpp
Invoking: GCC C++ Compiler
g++ -O0 -g3 -Wall -c -fmessage-length=0 -MMD -MP -MF"src/character.d" -MT"src/character.o" -o "src/character.o" "../src/character.cpp"
Finished building: ../src/character.cpp
 
Building target: Giochino
Invoking: MacOS X C++ Linker
g++  -o "Giochino"  ./src/character.o ./src/main.o ./src/map.o    -lncurses
Finished building target: Giochino
 
13:49:07 **** Incremental Build of configuration Debug for project Giochino ****
make all 
Building file: ../src/main.cpp
Invoking: GCC C++ Compiler
g++ -O0 -g3 -Wall -c -fmessage-length=0 -MMD -MP -MF"src/main.d" -MT"src/main.o" -o "src/main.o" "../src/main.cpp"
../src/main.cpp:76:18: warning: multi-character character constant [-Wmultichar]
            case 'KEY_SLEFT'
                 ^
../src/main.cpp:76:18: warning: character constant too long for its type
../src/main.cpp:76:29: error: expected ':' after 'case'
            case 'KEY_SLEFT'
                            ^
                            :
2 warnings and 1 error generated.
make: *** [src/main.o] Error 1
"make all" terminated with exit code 2. Build might be incomplete.
13:49:19 **** Incremental Build of configuration Debug for project Giochino ****
make all 
Building file: ../src/main.cpp
Invoking: GCC C++ Compiler
g++ -O0 -g3 -Wall -c -fmessage-length=0 -MMD -MP -MF"src/main.d" -MT"src/main.o" -o "src/main.o" "../src/main.cpp"
../src/main.cpp:76:18: warning: multi-character character constant [-Wmultichar]
            case 'KEY_SLEFT'
                 ^
../src/main.cpp:76:18: warning: character constant too long for its type
../src/main.cpp:76:29: error: expected ':' after 'case'
            case 'KEY_SLEFT'
                            ^
                            :
2 warnings and 1 error generated.
make: *** [src/main.o] Error 1
"make all" terminated with exit code 2. Build might be incomplete.
13:49:57 **** Incremental Build of configuration Debug for project Giochino ****
make all 
Building file: ../src/main.cpp
Invoking: GCC C++ Compiler
g++ -O0 -g3 -Wall -c -fmessage-length=0 -MMD -MP -MF"src/main.d" -MT"src/main.o" -o "src/main.o" "../src/main.cpp"
../src/main.cpp:76:18: warning: multi-character character constant [-Wmultichar]
            case 'KEY_SLEFT':
                 ^
../src/main.cpp:76:18: warning: character constant too long for its type
2 warnings generated.
Finished building: ../src/main.cpp
 
Building target: Giochino
Invoking: MacOS X C++ Linker
g++  -o "Giochino"  ./src/character.o ./src/main.o ./src/map.o    -lncurses
Finished building target: Giochino
 
13:50:01 **** Incremental Build of configuration Debug for project Giochino ****
make all 
make: Nothing to be done for `all'.
13:50:04 **** Incremental Build of configuration Debug for project Giochino ****
make all 
make: Nothing to be done for `all'.
13:50:35 **** Incremental Build of configuration Debug for project Giochino ****
make all 
Building file: ../src/main.cpp
Invoking: GCC C++ Compiler
g++ -O0 -g3 -Wall -c -fmessage-length=0 -MMD -MP -MF"src/main.d" -MT"src/main.o" -o "src/main.o" "../src/main.cpp"
Finished building: ../src/main.cpp
 
Building target: Giochino
Invoking: MacOS X C++ Linker
g++  -o "Giochino"  ./src/character.o ./src/main.o ./src/map.o    -lncurses
Finished building target: Giochino
 
13:52:17 **** Incremental Build of configuration Debug for project Giochino ****
make all 
Building file: ../src/main.cpp
Invoking: GCC C++ Compiler
g++ -O0 -g3 -Wall -c -fmessage-length=0 -MMD -MP -MF"src/main.d" -MT"src/main.o" -o "src/main.o" "../src/main.cpp"
Finished building: ../src/main.cpp
 
Building target: Giochino
Invoking: MacOS X C++ Linker
g++  -o "Giochino"  ./src/character.o ./src/main.o ./src/map.o    -lncurses
Finished building target: Giochino
 
13:52:38 **** Incremental Build of configuration Debug for project Giochino ****
make all 
Building file: ../src/main.cpp
Invoking: GCC C++ Compiler
g++ -O0 -g3 -Wall -c -fmessage-length=0 -MMD -MP -MF"src/main.d" -MT"src/main.o" -o "src/main.o" "../src/main.cpp"
Finished building: ../src/main.cpp
 
Building target: Giochino
Invoking: MacOS X C++ Linker
g++  -o "Giochino"  ./src/character.o ./src/main.o ./src/map.o    -lncurses
Finished building target: Giochino
 
13:54:46 **** Incremental Build of configuration Debug for project Giochino ****
make all 
Building file: ../src/character.cpp
Invoking: GCC C++ Compiler
g++ -O0 -g3 -Wall -c -fmessage-length=0 -MMD -MP -MF"src/character.d" -MT"src/character.o" -o "src/character.o" "../src/character.cpp"
../src/character.cpp:61:25: error: function definition is not allowed here
void Character::attack(){
                        ^
1 error generated.
make: *** [src/character.o] Error 1
"make all" terminated with exit code 2. Build might be incomplete.
13:55:10 **** Incremental Build of configuration Debug for project Giochino ****
make all 
Building file: ../src/character.cpp
Invoking: GCC C++ Compiler
g++ -O0 -g3 -Wall -c -fmessage-length=0 -MMD -MP -MF"src/character.d" -MT"src/character.o" -o "src/character.o" "../src/character.cpp"
../src/character.cpp:62:2: error: use of undeclared identifier 'player'
        player.displayAtt();
        ^
1 error generated.
make: *** [src/character.o] Error 1
"make all" terminated with exit code 2. Build might be incomplete.
13:55:11 **** Incremental Build of configuration Debug for project Giochino ****
make all 
Building file: ../src/character.cpp
Invoking: GCC C++ Compiler
g++ -O0 -g3 -Wall -c -fmessage-length=0 -MMD -MP -MF"src/character.d" -MT"src/character.o" -o "src/character.o" "../src/character.cpp"
../src/character.cpp:62:2: error: use of undeclared identifier 'player'
        player.displayAtt();
        ^
1 error generated.
make: *** [src/character.o] Error 1
"make all" terminated with exit code 2. Build might be incomplete.
13:55:34 **** Incremental Build of configuration Debug for project Giochino ****
make all 
Building file: ../src/character.cpp
Invoking: GCC C++ Compiler
g++ -O0 -g3 -Wall -c -fmessage-length=0 -MMD -MP -MF"src/character.d" -MT"src/character.o" -o "src/character.o" "../src/character.cpp"
../src/character.cpp:61:17: error: out-of-line definition of 'attack' does not match any declaration in 'Character'
void Character::attack(){
                ^~~~~~
../src/character.cpp:62:2: error: use of undeclared identifier 'player'
        player.displayAtt();
        ^
2 errors generated.
make: *** [src/character.o] Error 1
"make all" terminated with exit code 2. Build might be incomplete.
13:55:39 **** Incremental Build of configuration Debug for project Giochino ****
make all 
Building file: ../src/character.cpp
Invoking: GCC C++ Compiler
g++ -O0 -g3 -Wall -c -fmessage-length=0 -MMD -MP -MF"src/character.d" -MT"src/character.o" -o "src/character.o" "../src/character.cpp"
../src/character.cpp:61:17: error: out-of-line definition of 'attack' does not match any declaration in 'Character'
void Character::attack(){
                ^~~~~~
../src/character.cpp:62:2: error: use of undeclared identifier 'player'
        player.displayAtt();
        ^
2 errors generated.
make: *** [src/character.o] Error 1
"make all" terminated with exit code 2. Build might be incomplete.
13:55:46 **** Incremental Build of configuration Debug for project Giochino ****
make all 
Building file: ../src/character.cpp
Invoking: GCC C++ Compiler
g++ -O0 -g3 -Wall -c -fmessage-length=0 -MMD -MP -MF"src/character.d" -MT"src/character.o" -o "src/character.o" "../src/character.cpp"
Finished building: ../src/character.cpp
 
Building file: ../src/main.cpp
Invoking: GCC C++ Compiler
g++ -O0 -g3 -Wall -c -fmessage-length=0 -MMD -MP -MF"src/main.d" -MT"src/main.o" -o "src/main.o" "../src/main.cpp"
Finished building: ../src/main.cpp
 
Building target: Giochino
Invoking: MacOS X C++ Linker
g++  -o "Giochino"  ./src/character.o ./src/main.o ./src/map.o    -lncurses
Finished building target: Giochino
 
13:57:05 **** Incremental Build of configuration Debug for project Giochino ****
make all 
make: Nothing to be done for `all'.
13:59:04 **** Incremental Build of configuration Debug for project Giochino ****
make all 
Building file: ../src/main.cpp
Invoking: GCC C++ Compiler
g++ -O0 -g3 -Wall -c -fmessage-length=0 -MMD -MP -MF"src/main.d" -MT"src/main.o" -o "src/main.o" "../src/main.cpp"
Finished building: ../src/main.cpp
 
Building target: Giochino
Invoking: MacOS X C++ Linker
g++  -o "Giochino"  ./src/character.o ./src/main.o ./src/map.o    -lncurses
Finished building target: Giochino
 
13:59:45 **** Incremental Build of configuration Debug for project Giochino ****
make all 
Building file: ../src/main.cpp
Invoking: GCC C++ Compiler
g++ -O0 -g3 -Wall -c -fmessage-length=0 -MMD -MP -MF"src/main.d" -MT"src/main.o" -o "src/main.o" "../src/main.cpp"
../src/main.cpp:33:18: warning: multi-character character constant [-Wmultichar]
            case '32':
                 ^
1 warning generated.
Finished building: ../src/main.cpp
 
Building target: Giochino
Invoking: MacOS X C++ Linker
g++  -o "Giochino"  ./src/character.o ./src/main.o ./src/map.o    -lncurses
Finished building target: Giochino
 
13:59:53 **** Incremental Build of configuration Debug for project Giochino ****
make all 
make: Nothing to be done for `all'.
14:00:53 **** Incremental Build of configuration Debug for project Giochino ****
make all 
Building file: ../src/main.cpp
Invoking: GCC C++ Compiler
g++ -O0 -g3 -Wall -c -fmessage-length=0 -MMD -MP -MF"src/main.d" -MT"src/main.o" -o "src/main.o" "../src/main.cpp"
../src/main.cpp:33:18: warning: multi-character character constant [-Wmultichar]
            case '162':
                 ^
1 warning generated.
Finished building: ../src/main.cpp
 
Building target: Giochino
Invoking: MacOS X C++ Linker
g++  -o "Giochino"  ./src/character.o ./src/main.o ./src/map.o    -lncurses
Finished building target: Giochino
 
14:00:54 **** Incremental Build of configuration Debug for project Giochino ****
make all 
make: Nothing to be done for `all'.
14:00:56 **** Incremental Build of configuration Debug for project Giochino ****
make all 
make: Nothing to be done for `all'.
14:01:11 **** Incremental Build of configuration Debug for project Giochino ****
make all 
Building file: ../src/main.cpp
Invoking: GCC C++ Compiler
g++ -O0 -g3 -Wall -c -fmessage-length=0 -MMD -MP -MF"src/main.d" -MT"src/main.o" -o "src/main.o" "../src/main.cpp"
../src/main.cpp:33:18: warning: multi-character character constant [-Wmultichar]
            case '32':
                 ^
1 warning generated.
Finished building: ../src/main.cpp
 
Building target: Giochino
Invoking: MacOS X C++ Linker
g++  -o "Giochino"  ./src/character.o ./src/main.o ./src/map.o    -lncurses
Finished building target: Giochino
 
14:01:12 **** Incremental Build of configuration Debug for project Giochino ****
make all 
make: Nothing to be done for `all'.
14:01:34 **** Incremental Build of configuration Debug for project Giochino ****
make all 
Building file: ../src/main.cpp
Invoking: GCC C++ Compiler
g++ -O0 -g3 -Wall -c -fmessage-length=0 -MMD -MP -MF"src/main.d" -MT"src/main.o" -o "src/main.o" "../src/main.cpp"
Finished building: ../src/main.cpp
 
Building target: Giochino
Invoking: MacOS X C++ Linker
g++  -o "Giochino"  ./src/character.o ./src/main.o ./src/map.o    -lncurses
Finished building target: Giochino
 
14:02:25 **** Incremental Build of configuration Debug for project Giochino ****
make all 
Building file: ../src/main.cpp
Invoking: GCC C++ Compiler
g++ -O0 -g3 -Wall -c -fmessage-length=0 -MMD -MP -MF"src/main.d" -MT"src/main.o" -o "src/main.o" "../src/main.cpp"
Finished building: ../src/main.cpp
 
Building target: Giochino
Invoking: MacOS X C++ Linker
g++  -o "Giochino"  ./src/character.o ./src/main.o ./src/map.o    -lncurses
Finished building target: Giochino
 
14:06:08 **** Incremental Build of configuration Debug for project Giochino ****
make all 
make: Nothing to be done for `all'.
14:06:08 **** Build of configuration Debug for project stormtrooper ****
make all 
make: *** No rule to make target `src/stormtrooper.o', needed by `stormtrooper'.  Stop.
"make all" terminated with exit code 2. Build might be incomplete.
14:06:13 **** Incremental Build of configuration Debug for project Giochino ****
make all 
make: Nothing to be done for `all'.
14:12:30 **** Incremental Build of configuration Debug for project Giochino ****
make all 
make: Nothing to be done for `all'.
14:12:30 **** Build of configuration Debug for project stormtrooper.hpp ****
make all 
make: *** No rule to make target `src/stormtrooper.hpp.o', needed by `stormtrooper.hpp'.  Stop.
"make all" terminated with exit code 2. Build might be incomplete.
14:12:42 **** Incremental Build of configuration Debug for project Giochino ****
make all 
make: Nothing to be done for `all'.
14:15:53 **** Incremental Build of configuration Debug for project Giochino ****
make all 
Building file: ../src/character.cpp
Invoking: GCC C++ Compiler
g++ -O0 -g3 -Wall -c -fmessage-length=0 -MMD -MP -MF"src/character.d" -MT"src/character.o" -o "src/character.o" "../src/character.cpp"
Finished building: ../src/character.cpp
 
Building file: ../src/main.cpp
Invoking: GCC C++ Compiler
g++ -O0 -g3 -Wall -c -fmessage-length=0 -MMD -MP -MF"src/main.d" -MT"src/main.o" -o "src/main.o" "../src/main.cpp"
Finished building: ../src/main.cpp
 
Building file: ../src/map.cpp
Invoking: GCC C++ Compiler
g++ -O0 -g3 -Wall -c -fmessage-length=0 -MMD -MP -MF"src/map.d" -MT"src/map.o" -o "src/map.o" "../src/map.cpp"
Finished building: ../src/map.cpp
 
Building file: ../src/stormtrooper.cpp
Invoking: GCC C++ Compiler
g++ -O0 -g3 -Wall -c -fmessage-length=0 -MMD -MP -MF"src/stormtrooper.d" -MT"src/stormtrooper.o" -o "src/stormtrooper.o" "../src/stormtrooper.cpp"
../src/stormtrooper.cpp:6:3: error: use of undeclared identifier 'x_pos'
                x_pos = x;
                ^
../src/stormtrooper.cpp:7:6: error: use of undeclared identifier 'y_pos'
            y_pos = y;
            ^
../src/stormtrooper.cpp:9:20: error: out-of-line definition of 'display' does not match any declaration in 'Stormtrooper'
void Stormtrooper::display() {
                   ^~~~~~~
../src/stormtrooper.cpp:10:13: error: use of undeclared identifier 'y_pos'
    mvaddch(y_pos, x_pos, 'A');
            ^
../src/stormtrooper.cpp:10:20: error: use of undeclared identifier 'x_pos'
    mvaddch(y_pos, x_pos, 'A');
                   ^
../src/stormtrooper.cpp:11:13: error: use of undeclared identifier 'y_pos'
    mvaddch(y_pos, x_pos - 1, ' '); // cancella il carattere precedente
            ^
../src/stormtrooper.cpp:11:20: error: use of undeclared identifier 'x_pos'
    mvaddch(y_pos, x_pos - 1, ' '); // cancella il carattere precedente
                   ^
../src/stormtrooper.cpp:12:13: error: use of undeclared identifier 'y_pos'
    mvaddch(y_pos , x_pos + 1, ' '); // cancella il carattere precedente
            ^
../src/stormtrooper.cpp:12:21: error: use of undeclared identifier 'x_pos'
    mvaddch(y_pos , x_pos + 1, ' '); // cancella il carattere precedente
                    ^
../src/stormtrooper.cpp:13:13: error: use of undeclared identifier 'y_pos'
    mvaddch(y_pos + 2 , x_pos , ' '); // cancella il carattere precedente
            ^
../src/stormtrooper.cpp:13:25: error: use of undeclared identifier 'x_pos'
    mvaddch(y_pos + 2 , x_pos , ' '); // cancella il carattere precedente
                        ^
11 errors generated.
make: *** [src/stormtrooper.o] Error 1
"make all" terminated with exit code 2. Build might be incomplete.
14:16:09 **** Incremental Build of configuration Debug for project Giochino ****
make all 
Building file: ../src/stormtrooper.cpp
Invoking: GCC C++ Compiler
g++ -O0 -g3 -Wall -c -fmessage-length=0 -MMD -MP -MF"src/stormtrooper.d" -MT"src/stormtrooper.o" -o "src/stormtrooper.o" "../src/stormtrooper.cpp"
../src/stormtrooper.cpp:8:3: error: use of undeclared identifier 'x_pos'
                x_pos = x;
                ^
../src/stormtrooper.cpp:9:6: error: use of undeclared identifier 'y_pos'
            y_pos = y;
            ^
../src/stormtrooper.cpp:11:20: error: out-of-line definition of 'display' does not match any declaration in 'Stormtrooper'
void Stormtrooper::display() {
                   ^~~~~~~
../src/stormtrooper.cpp:12:13: error: use of undeclared identifier 'y_pos'
    mvaddch(y_pos, x_pos, 'A');
            ^
../src/stormtrooper.cpp:12:20: error: use of undeclared identifier 'x_pos'
    mvaddch(y_pos, x_pos, 'A');
                   ^
../src/stormtrooper.cpp:13:13: error: use of undeclared identifier 'y_pos'
    mvaddch(y_pos, x_pos - 1, ' '); // cancella il carattere precedente
            ^
../src/stormtrooper.cpp:13:20: error: use of undeclared identifier 'x_pos'
    mvaddch(y_pos, x_pos - 1, ' '); // cancella il carattere precedente
                   ^
../src/stormtrooper.cpp:14:13: error: use of undeclared identifier 'y_pos'
    mvaddch(y_pos , x_pos + 1, ' '); // cancella il carattere precedente
            ^
../src/stormtrooper.cpp:14:21: error: use of undeclared identifier 'x_pos'
    mvaddch(y_pos , x_pos + 1, ' '); // cancella il carattere precedente
                    ^
../src/stormtrooper.cpp:15:13: error: use of undeclared identifier 'y_pos'
    mvaddch(y_pos + 2 , x_pos , ' '); // cancella il carattere precedente
            ^
../src/stormtrooper.cpp:15:25: error: use of undeclared identifier 'x_pos'
    mvaddch(y_pos + 2 , x_pos , ' '); // cancella il carattere precedente
                        ^
11 errors generated.
make: *** [src/stormtrooper.o] Error 1
"make all" terminated with exit code 2. Build might be incomplete.
14:16:11 **** Incremental Build of configuration Debug for project Giochino ****
make all 
Building file: ../src/stormtrooper.cpp
Invoking: GCC C++ Compiler
g++ -O0 -g3 -Wall -c -fmessage-length=0 -MMD -MP -MF"src/stormtrooper.d" -MT"src/stormtrooper.o" -o "src/stormtrooper.o" "../src/stormtrooper.cpp"
../src/stormtrooper.cpp:8:3: error: use of undeclared identifier 'x_pos'
                x_pos = x;
                ^
../src/stormtrooper.cpp:9:6: error: use of undeclared identifier 'y_pos'
            y_pos = y;
            ^
../src/stormtrooper.cpp:11:20: error: out-of-line definition of 'display' does not match any declaration in 'Stormtrooper'
void Stormtrooper::display() {
                   ^~~~~~~
../src/stormtrooper.cpp:12:13: error: use of undeclared identifier 'y_pos'
    mvaddch(y_pos, x_pos, 'A');
            ^
../src/stormtrooper.cpp:12:20: error: use of undeclared identifier 'x_pos'
    mvaddch(y_pos, x_pos, 'A');
                   ^
../src/stormtrooper.cpp:13:13: error: use of undeclared identifier 'y_pos'
    mvaddch(y_pos, x_pos - 1, ' '); // cancella il carattere precedente
            ^
../src/stormtrooper.cpp:13:20: error: use of undeclared identifier 'x_pos'
    mvaddch(y_pos, x_pos - 1, ' '); // cancella il carattere precedente
                   ^
../src/stormtrooper.cpp:14:13: error: use of undeclared identifier 'y_pos'
    mvaddch(y_pos , x_pos + 1, ' '); // cancella il carattere precedente
            ^
../src/stormtrooper.cpp:14:21: error: use of undeclared identifier 'x_pos'
    mvaddch(y_pos , x_pos + 1, ' '); // cancella il carattere precedente
                    ^
../src/stormtrooper.cpp:15:13: error: use of undeclared identifier 'y_pos'
    mvaddch(y_pos + 2 , x_pos , ' '); // cancella il carattere precedente
            ^
../src/stormtrooper.cpp:15:25: error: use of undeclared identifier 'x_pos'
    mvaddch(y_pos + 2 , x_pos , ' '); // cancella il carattere precedente
                        ^
11 errors generated.
make: *** [src/stormtrooper.o] Error 1
"make all" terminated with exit code 2. Build might be incomplete.
14:16:53 **** Incremental Build of configuration Debug for project Giochino ****
make all 
Building file: ../src/stormtrooper.cpp
Invoking: GCC C++ Compiler
g++ -O0 -g3 -Wall -c -fmessage-length=0 -MMD -MP -MF"src/stormtrooper.d" -MT"src/stormtrooper.o" -o "src/stormtrooper.o" "../src/stormtrooper.cpp"
../src/stormtrooper.cpp:4:11: warning: unused variable 'dim_colonna' [-Wunused-const-variable]
const int dim_colonna = 70;
          ^
../src/stormtrooper.cpp:5:11: warning: unused variable 'dim_riga' [-Wunused-const-variable]
const int dim_riga = 25;
          ^
2 warnings generated.
Finished building: ../src/stormtrooper.cpp
 
Building target: Giochino
Invoking: MacOS X C++ Linker
g++  -o "Giochino"  ./src/character.o ./src/main.o ./src/map.o ./src/stormtrooper.o    -lncurses
Finished building target: Giochino
 
14:16:58 **** Incremental Build of configuration Debug for project Giochino ****
make all 
make: Nothing to be done for `all'.
14:17:00 **** Incremental Build of configuration Debug for project Giochino ****
make all 
Building file: ../src/character.cpp
Invoking: GCC C++ Compiler
g++ -O0 -g3 -Wall -c -fmessage-length=0 -MMD -MP -MF"src/character.d" -MT"src/character.o" -o "src/character.o" "../src/character.cpp"
Finished building: ../src/character.cpp
 
Building file: ../src/main.cpp
Invoking: GCC C++ Compiler
g++ -O0 -g3 -Wall -c -fmessage-length=0 -MMD -MP -MF"src/main.d" -MT"src/main.o" -o "src/main.o" "../src/main.cpp"
Finished building: ../src/main.cpp
 
Building target: Giochino
Invoking: MacOS X C++ Linker
g++  -o "Giochino"  ./src/character.o ./src/main.o ./src/map.o ./src/stormtrooper.o    -lncurses
Finished building target: Giochino
 
14:17:03 **** Incremental Build of configuration Debug for project Giochino ****
make all 
make: Nothing to be done for `all'.
14:17:54 **** Incremental Build of configuration Debug for project Giochino ****
make all 
make: Nothing to be done for `all'.
14:17:57 **** Incremental Build of configuration Debug for project Giochino ****
make all 
make: Nothing to be done for `all'.
14:18:21 **** Incremental Build of configuration Debug for project Giochino ****
make all 
Building file: ../src/stormtrooper.cpp
Invoking: GCC C++ Compiler
g++ -O0 -g3 -Wall -c -fmessage-length=0 -MMD -MP -MF"src/stormtrooper.d" -MT"src/stormtrooper.o" -o "src/stormtrooper.o" "../src/stormtrooper.cpp"
Finished building: ../src/stormtrooper.cpp
 
Building target: Giochino
Invoking: MacOS X C++ Linker
g++  -o "Giochino"  ./src/character.o ./src/main.o ./src/map.o ./src/stormtrooper.o    -lncurses
Finished building target: Giochino
 
14:19:09 **** Incremental Build of configuration Debug for project Giochino ****
make all 
Building file: ../src/stormtrooper.cpp
Invoking: GCC C++ Compiler
g++ -O0 -g3 -Wall -c -fmessage-length=0 -MMD -MP -MF"src/stormtrooper.d" -MT"src/stormtrooper.o" -o "src/stormtrooper.o" "../src/stormtrooper.cpp"
../src/stormtrooper.cpp:4:11: warning: unused variable 'dim_colonna' [-Wunused-const-variable]
const int dim_colonna = 70;
          ^
../src/stormtrooper.cpp:5:11: warning: unused variable 'dim_riga' [-Wunused-const-variable]
const int dim_riga = 25;
          ^
2 warnings generated.
Finished building: ../src/stormtrooper.cpp
 
Building target: Giochino
Invoking: MacOS X C++ Linker
g++  -o "Giochino"  ./src/character.o ./src/main.o ./src/map.o ./src/stormtrooper.o    -lncurses
Finished building target: Giochino
 
14:19:10 **** Incremental Build of configuration Debug for project Giochino ****
make all 
make: Nothing to be done for `all'.
14:20:39 **** Incremental Build of configuration Debug for project Giochino ****
make all 
Building file: ../src/main.cpp
Invoking: GCC C++ Compiler
g++ -O0 -g3 -Wall -c -fmessage-length=0 -MMD -MP -MF"src/main.d" -MT"src/main.o" -o "src/main.o" "../src/main.cpp"
../src/main.cpp:22:15: warning: unused variable 'stormtrooper' [-Wunused-variable]
    Character stormtrooper = Character(dim_colonna/2, dim_riga-2);
              ^
1 warning generated.
Finished building: ../src/main.cpp
 
Building target: Giochino
Invoking: MacOS X C++ Linker
g++  -o "Giochino"  ./src/character.o ./src/main.o ./src/map.o ./src/stormtrooper.o    -lncurses
Finished building target: Giochino
 
14:24:51 **** Incremental Build of configuration Debug for project Giochino ****
make all 
Building file: ../src/main.cpp
Invoking: GCC C++ Compiler
g++ -O0 -g3 -Wall -c -fmessage-length=0 -MMD -MP -MF"src/main.d" -MT"src/main.o" -o "src/main.o" "../src/main.cpp"
Finished building: ../src/main.cpp
 
Building target: Giochino
Invoking: MacOS X C++ Linker
g++  -o "Giochino"  ./src/character.o ./src/main.o ./src/map.o ./src/stormtrooper.o    -lncurses
Finished building target: Giochino
 
14:24:55 **** Incremental Build of configuration Debug for project Giochino ****
make all 
Building file: ../src/character.cpp
Invoking: GCC C++ Compiler
g++ -O0 -g3 -Wall -c -fmessage-length=0 -MMD -MP -MF"src/character.d" -MT"src/character.o" -o "src/character.o" "../src/character.cpp"
Finished building: ../src/character.cpp
 
Building file: ../src/main.cpp
Invoking: GCC C++ Compiler
g++ -O0 -g3 -Wall -c -fmessage-length=0 -MMD -MP -MF"src/main.d" -MT"src/main.o" -o "src/main.o" "../src/main.cpp"
Finished building: ../src/main.cpp
 
Building target: Giochino
Invoking: MacOS X C++ Linker
g++  -o "Giochino"  ./src/character.o ./src/main.o ./src/map.o ./src/stormtrooper.o    -lncurses
Finished building target: Giochino
 
14:24:57 **** Incremental Build of configuration Debug for project Giochino ****
make all 
make: Nothing to be done for `all'.
